#
# A fatal error has been detected by the Java Runtime Environment:
#
#  SIGSEGV (0xb) at pc=0x0000000113fe7000, pid=6055, tid=15875
#
# JRE version: OpenJDK Runtime Environment Zulu17.48+15-CA (17.0.10+7) (build 17.0.10+7-LTS)
# Java VM: OpenJDK 64-Bit Server VM Zulu17.48+15-CA (17.0.10+7-LTS, mixed mode, sharing, tiered, compressed oops, compressed class ptrs, g1 gc, bsd-amd64)
# Problematic frame:
# C  [libnative-platform-file-events.dylib+0x0]  __dso_handle+0x0
#
# No core dump will be written. Core dumps have been disabled. To enable core dumping, try "ulimit -c unlimited" before starting Java again
#
# If you would like to submit a bug report, please visit:
#   http://www.azul.com/support/
#

---------------  S U M M A R Y ------------

Command Line: -XX:MaxMetaspaceSize=512m --add-opens=java.base/java.util=ALL-UNNAMED --add-opens=java.base/java.lang=ALL-UNNAMED --add-opens=java.base/java.lang.invoke=ALL-UNNAMED --add-opens=java.prefs/java.util.prefs=ALL-UNNAMED --add-opens=java.base/java.nio.charset=ALL-UNNAMED --add-opens=java.base/java.net=ALL-UNNAMED --add-opens=java.base/java.util.concurrent.atomic=ALL-UNNAMED -Xmx2048m -Dfile.encoding=UTF-8 -Duser.country=US -Duser.language=en -Duser.variant -javaagent:/Users/Shoaib/.gradle/wrapper/dists/gradle-8.8-all/6gdy1pgp427xkqcjbxw3ylt6h/gradle-8.8/lib/agents/gradle-instrumentation-agent-8.8.jar org.gradle.launcher.daemon.bootstrap.GradleDaemon 8.8

Host: "MacBookPro9,2" x86_64 2900 MHz, 4 cores, 8G, Darwin 19.6.0, macOS 10.15.7 (19H2026)
Time: Wed Nov 27 07:48:55 2024 PKT elapsed time: 8.754601 seconds (0d 0h 0m 8s)

---------------  T H R E A D  ---------------

Current thread is native thread

Stack: [0x0000700009173000,0x00007000091f3000],  sp=0x00007000091f0298,  free space=500k
Native frames: (J=compiled Java code, j=interpreted, Vv=VM code, C=native code)
C  [libnative-platform-file-events.dylib+0x0]  __dso_handle+0x0
C  [libnative-platform-file-events.dylib+0x15c27]  void std::__1::__variant_detail::__ctor<std::__1::__variant_detail::__traits<FileEvent, ErrorEvent, PoisonPill> >::__generic_construct[abi:v160006]<std::__1::__variant_detail::__copy_constructor<std::__1::__variant_detail::__traits<FileEvent, ErrorEvent, PoisonPill>, (std::__1::__variant_detail::_Trait)1> const&>(std::__1::__variant_detail::__ctor<std::__1::__variant_detail::__traits<FileEvent, ErrorEvent, PoisonPill> >&, std::__1::__variant_detail::__copy_constructor<std::__1::__variant_detail::__traits<FileEvent, ErrorEvent, PoisonPill>, (std::__1::__variant_detail::_Trait)1> const&)+0x47
C  [libnative-platform-file-events.dylib+0x15b8a]  std::__1::__variant_detail::__copy_constructor<std::__1::__variant_detail::__traits<FileEvent, ErrorEvent, PoisonPill>, (std::__1::__variant_detail::_Trait)1>::__copy_constructor(std::__1::__variant_detail::__copy_constructor<std::__1::__variant_detail::__traits<FileEvent, ErrorEvent, PoisonPill>, (std::__1::__variant_detail::_Trait)1> const&)+0x2a
C  [libnative-platform-file-events.dylib+0x15b4d]  std::__1::__variant_detail::__assignment<std::__1::__variant_detail::__traits<FileEvent, ErrorEvent, PoisonPill> >::__assignment(std::__1::__variant_detail::__assignment<std::__1::__variant_detail::__traits<FileEvent, ErrorEvent, PoisonPill> > const&)+0x1d
C  [libnative-platform-file-events.dylib+0x15b1d]  std::__1::__variant_detail::__move_assignment<std::__1::__variant_detail::__traits<FileEvent, ErrorEvent, PoisonPill>, (std::__1::__variant_detail::_Trait)1>::__move_assignment(std::__1::__variant_detail::__move_assignment<std::__1::__variant_detail::__traits<FileEvent, ErrorEvent, PoisonPill>, (std::__1::__variant_detail::_Trait)1> const&)+0x1d
C  [libnative-platform-file-events.dylib+0x15aed]  std::__1::__variant_detail::__copy_assignment<std::__1::__variant_detail::__traits<FileEvent, ErrorEvent, PoisonPill>, (std::__1::__variant_detail::_Trait)1>::__copy_assignment(std::__1::__variant_detail::__copy_assignment<std::__1::__variant_detail::__traits<FileEvent, ErrorEvent, PoisonPill>, (std::__1::__variant_detail::_Trait)1> const&)+0x1d
C  [libnative-platform-file-events.dylib+0x15abd]  std::__1::__variant_detail::__impl<FileEvent, ErrorEvent, PoisonPill>::__impl(std::__1::__variant_detail::__impl<FileEvent, ErrorEvent, PoisonPill> const&)+0x1d
C  [libnative-platform-file-events.dylib+0x15a8d]  std::__1::__variant_detail::__impl<FileEvent, ErrorEvent, PoisonPill>::__impl(std::__1::__variant_detail::__impl<FileEvent, ErrorEvent, PoisonPill> const&)+0x1d
C  [libnative-platform-file-events.dylib+0x15a5d]  std::__1::variant<FileEvent, ErrorEvent, PoisonPill>::variant(std::__1::variant<FileEvent, ErrorEvent, PoisonPill> const&)+0x1d
C  [libnative-platform-file-events.dylib+0x15a2d]  std::__1::variant<FileEvent, ErrorEvent, PoisonPill>::variant(std::__1::variant<FileEvent, ErrorEvent, PoisonPill> const&)+0x1d
C  [libnative-platform-file-events.dylib+0x15a01]  void std::__1::allocator<std::__1::variant<FileEvent, ErrorEvent, PoisonPill> >::construct[abi:v160006]<std::__1::variant<FileEvent, ErrorEvent, PoisonPill>, std::__1::variant<FileEvent, ErrorEvent, PoisonPill> const&>(std::__1::variant<FileEvent, ErrorEvent, PoisonPill>*, std::__1::variant<FileEvent, ErrorEvent, PoisonPill> const&)+0x21
C  [libnative-platform-file-events.dylib+0x13805]  void std::__1::allocator_traits<std::__1::allocator<std::__1::variant<FileEvent, ErrorEvent, PoisonPill> > >::construct[abi:v160006]<std::__1::variant<FileEvent, ErrorEvent, PoisonPill>, std::__1::variant<FileEvent, ErrorEvent, PoisonPill> const&, void>(std::__1::allocator<std::__1::variant<FileEvent, ErrorEvent, PoisonPill> >&, std::__1::variant<FileEvent, ErrorEvent, PoisonPill>*, std::__1::variant<FileEvent, ErrorEvent, PoisonPill> const&)+0x25
C  [libnative-platform-file-events.dylib+0x133ef]  std::__1::deque<std::__1::variant<FileEvent, ErrorEvent, PoisonPill>, std::__1::allocator<std::__1::variant<FileEvent, ErrorEvent, PoisonPill> > >::push_back(std::__1::variant<FileEvent, ErrorEvent, PoisonPill> const&)+0x6f
C  [libnative-platform-file-events.dylib+0x1336d]  std::__1::queue<std::__1::variant<FileEvent, ErrorEvent, PoisonPill>, std::__1::deque<std::__1::variant<FileEvent, ErrorEvent, PoisonPill>, std::__1::allocator<std::__1::variant<FileEvent, ErrorEvent, PoisonPill> > > >::push[abi:v160006](std::__1::variant<FileEvent, ErrorEvent, PoisonPill> const&)+0x1d
C  [libnative-platform-file-events.dylib+0xd9d2]  BlockingQueue<std::__1::variant<FileEvent, ErrorEvent, PoisonPill> >::enqueue(std::__1::variant<FileEvent, ErrorEvent, PoisonPill> const&)+0x32
C  [libnative-platform-file-events.dylib+0xd809]  Server::handleEvents(unsigned long, char**, unsigned int const*, unsigned long long const*)+0xb9
C  [libnative-platform-file-events.dylib+0xd441]  handleEventsCallback(__FSEventStream const*, void*, unsigned long, void*, unsigned int const*, unsigned long long const*)+0x41
C  [FSEvents+0x2993]  implementation_callback_rpc+0xb19
C  [FSEvents+0x1dfe]  _Xcallback_rpc+0xe9
C  [FSEvents+0x1cf7]  FSEventsD2F_server+0x37
C  [FSEvents+0x1c61]  __create_d2f_port_source_block_invoke+0xe8
C  [libdispatch.dylib+0x2658]  _dispatch_client_callout+0x8
C  [libdispatch.dylib+0x4818]  _dispatch_continuation_pop+0x19e
C  [libdispatch.dylib+0x144be]  _dispatch_source_invoke+0x824
C  [libdispatch.dylib+0x7af6]  _dispatch_lane_serial_drain+0x107
C  [libdispatch.dylib+0x85d6]  _dispatch_lane_invoke+0x16b
C  [libdispatch.dylib+0x11c09]  _dispatch_workloop_worker_thread+0x254
C  [libsystem_pthread.dylib+0x2a3d]  _pthread_wqthread+0x122
C  [libsystem_pthread.dylib+0x1b77]  start_wqthread+0xf


siginfo: si_signo: 11 (SIGSEGV), si_code: 0 (unknown), si_addr: 0x0000000000000000

Registers:
RAX=0x0000000113fe7000, RBX=0x000000010f7fd000, RCX=0x0000000000000000, RDX=0x00007000091f0620
RSP=0x00007000091f0298, RBP=0x00007000091f02f0, RSI=0x00007f8cb5643e00, RDI=0x00007000091f0308
R8 =0x0000000000003edb, R9 =0x0000000000000000, R10=0x00000000000031e6, R11=0x00007f8cb5000000
R12=0x0000000000000000, R13=0x0000000000000001, R14=0x0000000000000000, R15=0x00007f8cb7a48c30
RIP=0x0000000113fe7000, EFLAGS=0x0000000000010206, ERR=0x0000000000000000
  TRAPNO=0x000000000000000d


Top of Stack: (sp=0x00007000091f0298)
0x00007000091f0298:   0000000113ffcd8c 00007000091f0308
0x00007000091f02a8:   00007f8cb5643e00 0000000113fe7000
0x00007000091f02b8:   0000000113fe7000 0000000113fe7000
0x00007000091f02c8:   0000000113fe7000 00007000091f0620
0x00007000091f02d8:   00007f8cb5643e00 00007000091f0308
0x00007000091f02e8:   0000000000000000 00007000091f0320
0x00007000091f02f8:   0000000113ffcc27 00007000091f0320
0x00007000091f0308:   0000000113ffcbd5 00007000091f0620
0x00007000091f0318:   00007f8cb5643e00 00007000091f0360
0x00007000091f0328:   0000000113ffcb8a 00007f8cb5643e00
0x00007000091f0338:   0000000113ffc849 0000000000000000
0x00007000091f0348:   00007000091f0420 00007000091f0620
0x00007000091f0358:   00007f8cb5643e00 00007000091f0380
0x00007000091f0368:   0000000113ffcb4d 00007000091f0620
0x00007000091f0378:   00007f8cb5643e00 00007000091f03a0
0x00007000091f0388:   0000000113ffcb1d 00007000091f0620
0x00007000091f0398:   00007f8cb5643e00 00007000091f03c0
0x00007000091f03a8:   0000000113ffcaed 00007000091f0620
0x00007000091f03b8:   00007f8cb5643e00 00007000091f03e0
0x00007000091f03c8:   0000000113ffcabd 00007000091f0620
0x00007000091f03d8:   00007f8cb5643e00 00007000091f0400
0x00007000091f03e8:   0000000113ffca8d 00007000091f0620
0x00007000091f03f8:   00007f8cb5643e00 00007000091f0420
0x00007000091f0408:   0000000113ffca5d 00007000091f0620
0x00007000091f0418:   00007f8cb5643e00 00007000091f0440
0x00007000091f0428:   0000000113ffca2d 00007000091f0620
0x00007000091f0438:   00007f8cb5643e00 00007000091f0470
0x00007000091f0448:   0000000113ffca01 00007f8cb5643e00
0x00007000091f0458:   00007000091f0620 00007f8cb5643e00
0x00007000091f0468:   00007f8cb7199fb8 00007000091f04a0
0x00007000091f0478:   0000000113ffa805 0000000000000000
0x00007000091f0488:   00007000091f0620 00007f8cb5643e00 

Instructions: (pc=0x0000000113fe7000)
0x0000000113fe6f00:   00 00 00 00 00 00 00 00 00 00 00 00 00 00 00 00
0x0000000113fe6f10:   00 00 00 00 00 00 00 00 00 00 00 00 00 00 00 00
0x0000000113fe6f20:   00 00 00 00 00 00 00 00 00 00 00 00 00 00 00 00
0x0000000113fe6f30:   00 00 00 00 00 00 00 00 00 00 00 00 00 00 00 00
0x0000000113fe6f40:   00 00 00 00 00 00 00 00 00 00 00 00 00 00 00 00
0x0000000113fe6f50:   00 00 00 00 00 00 00 00 00 00 00 00 00 00 00 00
0x0000000113fe6f60:   00 00 00 00 00 00 00 00 00 00 00 00 00 00 00 00
0x0000000113fe6f70:   00 00 00 00 00 00 00 00 00 00 00 00 00 00 00 00
0x0000000113fe6f80:   00 00 00 00 00 00 00 00 00 00 00 00 00 00 00 00
0x0000000113fe6f90:   00 00 00 00 00 00 00 00 00 00 00 00 00 00 00 00
0x0000000113fe6fa0:   00 00 00 00 00 00 00 00 00 00 00 00 00 00 00 00
0x0000000113fe6fb0:   00 00 00 00 00 00 00 00 00 00 00 00 00 00 00 00
0x0000000113fe6fc0:   00 00 00 00 00 00 00 00 00 00 00 00 00 00 00 00
0x0000000113fe6fd0:   00 00 00 00 00 00 00 00 00 00 00 00 00 00 00 00
0x0000000113fe6fe0:   00 00 00 00 00 00 00 00 00 00 00 00 00 00 00 00
0x0000000113fe6ff0:   00 00 00 00 00 00 00 00 00 00 00 00 00 00 00 00
0x0000000113fe7000:   cf fa ed fe 07 00 00 01 03 00 00 00 06 00 00 00
0x0000000113fe7010:   10 00 00 00 00 07 00 00 85 80 11 00 00 00 00 00
0x0000000113fe7020:   19 00 00 00 78 02 00 00 5f 5f 54 45 58 54 00 00
0x0000000113fe7030:   00 00 00 00 00 00 00 00 00 00 00 00 00 00 00 00
0x0000000113fe7040:   00 c0 01 00 00 00 00 00 00 00 00 00 00 00 00 00
0x0000000113fe7050:   00 c0 01 00 00 00 00 00 05 00 00 00 05 00 00 00
0x0000000113fe7060:   07 00 00 00 00 00 00 00 5f 5f 74 65 78 74 00 00
0x0000000113fe7070:   00 00 00 00 00 00 00 00 5f 5f 54 45 58 54 00 00
0x0000000113fe7080:   00 00 00 00 00 00 00 00 80 19 00 00 00 00 00 00
0x0000000113fe7090:   dc 7d 01 00 00 00 00 00 80 19 00 00 04 00 00 00
0x0000000113fe70a0:   00 00 00 00 00 00 00 00 00 04 00 80 00 00 00 00
0x0000000113fe70b0:   00 00 00 00 00 00 00 00 5f 5f 73 74 75 62 73 00
0x0000000113fe70c0:   00 00 00 00 00 00 00 00 5f 5f 54 45 58 54 00 00
0x0000000113fe70d0:   00 00 00 00 00 00 00 00 5c 97 01 00 00 00 00 00
0x0000000113fe70e0:   ec 04 00 00 00 00 00 00 5c 97 01 00 00 00 00 00
0x0000000113fe70f0:   00 00 00 00 00 00 00 00 08 04 00 80 00 00 00 00 



---------------  P R O C E S S  ---------------

VM state: not at safepoint (normal execution)

VM Mutex/Monitor currently owned by a thread: None

Heap address: 0x0000000780000000, size: 2048 MB, Compressed Oops mode: Zero based, Oop shift amount: 3

CDS archive(s) mapped at: [0x0000000130000000-0x0000000130be8000-0x0000000130be8000), size 12484608, SharedBaseAddress: 0x0000000130000000, ArchiveRelocationMode: 1.
Compressed class space mapped at: 0x0000000131000000-0x000000014b000000, reserved size: 436207616
Narrow klass base: 0x0000000130000000, Narrow klass shift: 0, Narrow klass range: 0x100000000

GC Precious Log:
<Skipped>

Heap:
 garbage-first heap   total 96256K, used 37442K [0x0000000780000000, 0x0000000800000000)
  region size 1024K, 6 young (6144K), 5 survivors (5120K)
 Metaspace       used 48424K, committed 48960K, reserved 491520K
  class space    used 6862K, committed 7104K, reserved 425984K

Heap Regions: E=young(eden), S=young(survivor), O=old, HS=humongous(starts), HC=humongous(continues), CS=collection set, F=free, OA=open archive, CA=closed archive, TAMS=top-at-mark-start (previous, next)
|   0|0x0000000780000000, 0x0000000780100000, 0x0000000780100000|100%|HS|  |TAMS 0x0000000780100000, 0x0000000780000000| Complete 
|   1|0x0000000780100000, 0x0000000780200000, 0x0000000780200000|100%|HC|  |TAMS 0x0000000780200000, 0x0000000780100000| Complete 
|   2|0x0000000780200000, 0x0000000780300000, 0x0000000780300000|100%|HC|  |TAMS 0x0000000780300000, 0x0000000780200000| Complete 
|   3|0x0000000780300000, 0x0000000780400000, 0x0000000780400000|100%|HC|  |TAMS 0x0000000780400000, 0x0000000780300000| Complete 
|   4|0x0000000780400000, 0x0000000780500000, 0x0000000780500000|100%| O|  |TAMS 0x0000000780500000, 0x0000000780400000| Untracked 
|   5|0x0000000780500000, 0x0000000780600000, 0x0000000780600000|100%| O|  |TAMS 0x0000000780600000, 0x0000000780500000| Untracked 
|   6|0x0000000780600000, 0x0000000780700000, 0x0000000780700000|100%| O|  |TAMS 0x0000000780700000, 0x0000000780600000| Untracked 
|   7|0x0000000780700000, 0x0000000780800000, 0x0000000780800000|100%|HS|  |TAMS 0x0000000780800000, 0x0000000780700000| Complete 
|   8|0x0000000780800000, 0x0000000780900000, 0x0000000780900000|100%| O|  |TAMS 0x0000000780900000, 0x0000000780800000| Untracked 
|   9|0x0000000780900000, 0x0000000780a00000, 0x0000000780a00000|100%| O|  |TAMS 0x0000000780a00000, 0x0000000780900000| Untracked 
|  10|0x0000000780a00000, 0x0000000780b00000, 0x0000000780b00000|100%| O|  |TAMS 0x0000000780b00000, 0x0000000780a00000| Untracked 
|  11|0x0000000780b00000, 0x0000000780c00000, 0x0000000780c00000|100%| O|  |TAMS 0x0000000780c00000, 0x0000000780b00000| Untracked 
|  12|0x0000000780c00000, 0x0000000780d00000, 0x0000000780d00000|100%| O|  |TAMS 0x0000000780d00000, 0x0000000780c00000| Untracked 
|  13|0x0000000780d00000, 0x0000000780e00000, 0x0000000780e00000|100%| O|  |TAMS 0x0000000780e00000, 0x0000000780d00000| Untracked 
|  14|0x0000000780e00000, 0x0000000780f00000, 0x0000000780f00000|100%| O|  |TAMS 0x0000000780f00000, 0x0000000780e00000| Untracked 
|  15|0x0000000780f00000, 0x0000000781000000, 0x0000000781000000|100%| O|  |TAMS 0x0000000781000000, 0x0000000780f00000| Untracked 
|  16|0x0000000781000000, 0x0000000781100000, 0x0000000781100000|100%| O|  |TAMS 0x0000000781000000, 0x0000000781000000| Untracked 
|  17|0x0000000781100000, 0x0000000781200000, 0x0000000781200000|100%| O|  |TAMS 0x0000000781200000, 0x0000000781100000| Untracked 
|  18|0x0000000781200000, 0x0000000781300000, 0x0000000781300000|100%| O|  |TAMS 0x0000000781300000, 0x0000000781200000| Untracked 
|  19|0x0000000781300000, 0x0000000781400000, 0x0000000781400000|100%| O|  |TAMS 0x0000000781400000, 0x0000000781300000| Untracked 
|  20|0x0000000781400000, 0x0000000781500000, 0x0000000781500000|100%| O|  |TAMS 0x0000000781500000, 0x0000000781400000| Untracked 
|  21|0x0000000781500000, 0x0000000781600000, 0x0000000781600000|100%| O|  |TAMS 0x0000000781600000, 0x0000000781500000| Untracked 
|  22|0x0000000781600000, 0x0000000781700000, 0x0000000781700000|100%| O|  |TAMS 0x0000000781700000, 0x0000000781600000| Untracked 
|  23|0x0000000781700000, 0x0000000781800000, 0x0000000781800000|100%| O|  |TAMS 0x0000000781800000, 0x0000000781700000| Untracked 
|  24|0x0000000781800000, 0x0000000781900000, 0x0000000781900000|100%| O|  |TAMS 0x0000000781900000, 0x0000000781800000| Untracked 
|  25|0x0000000781900000, 0x0000000781a00000, 0x0000000781a00000|100%| O|  |TAMS 0x0000000781a00000, 0x0000000781900000| Untracked 
|  26|0x0000000781a00000, 0x0000000781b00000, 0x0000000781b00000|100%| O|  |TAMS 0x0000000781a8fa00, 0x0000000781a00000| Untracked 
|  27|0x0000000781b00000, 0x0000000781c00000, 0x0000000781c00000|100%| O|  |TAMS 0x0000000781b00000, 0x0000000781b00000| Untracked 
|  28|0x0000000781c00000, 0x0000000781d00000, 0x0000000781d00000|100%| O|  |TAMS 0x0000000781c00000, 0x0000000781c00000| Untracked 
|  29|0x0000000781d00000, 0x0000000781e00000, 0x0000000781e00000|100%| O|  |TAMS 0x0000000781d00000, 0x0000000781d00000| Untracked 
|  30|0x0000000781e00000, 0x0000000781e1e200, 0x0000000781f00000| 11%| O|  |TAMS 0x0000000781e00000, 0x0000000781e00000| Untracked 
|  31|0x0000000781f00000, 0x0000000781f00000, 0x0000000782000000|  0%| F|  |TAMS 0x0000000781f00000, 0x0000000781f00000| Untracked 
|  32|0x0000000782000000, 0x0000000782000000, 0x0000000782100000|  0%| F|  |TAMS 0x0000000782000000, 0x0000000782000000| Untracked 
|  33|0x0000000782100000, 0x0000000782100000, 0x0000000782200000|  0%| F|  |TAMS 0x0000000782100000, 0x0000000782100000| Untracked 
|  34|0x0000000782200000, 0x0000000782200000, 0x0000000782300000|  0%| F|  |TAMS 0x0000000782200000, 0x0000000782200000| Untracked 
|  35|0x0000000782300000, 0x0000000782300000, 0x0000000782400000|  0%| F|  |TAMS 0x0000000782300000, 0x0000000782300000| Untracked 
|  36|0x0000000782400000, 0x0000000782400000, 0x0000000782500000|  0%| F|  |TAMS 0x0000000782400000, 0x0000000782400000| Untracked 
|  37|0x0000000782500000, 0x0000000782500000, 0x0000000782600000|  0%| F|  |TAMS 0x0000000782500000, 0x0000000782500000| Untracked 
|  38|0x0000000782600000, 0x0000000782600000, 0x0000000782700000|  0%| F|  |TAMS 0x0000000782600000, 0x0000000782600000| Untracked 
|  39|0x0000000782700000, 0x0000000782700000, 0x0000000782800000|  0%| F|  |TAMS 0x0000000782700000, 0x0000000782700000| Untracked 
|  40|0x0000000782800000, 0x0000000782800000, 0x0000000782900000|  0%| F|  |TAMS 0x0000000782800000, 0x0000000782800000| Untracked 
|  41|0x0000000782900000, 0x0000000782900000, 0x0000000782a00000|  0%| F|  |TAMS 0x0000000782900000, 0x0000000782900000| Untracked 
|  42|0x0000000782a00000, 0x0000000782a00000, 0x0000000782b00000|  0%| F|  |TAMS 0x0000000782a00000, 0x0000000782a00000| Untracked 
|  43|0x0000000782b00000, 0x0000000782b00000, 0x0000000782c00000|  0%| F|  |TAMS 0x0000000782b00000, 0x0000000782b00000| Untracked 
|  44|0x0000000782c00000, 0x0000000782c88998, 0x0000000782d00000| 53%| S|CS|TAMS 0x0000000782c00000, 0x0000000782c00000| Complete 
|  45|0x0000000782d00000, 0x0000000782d00000, 0x0000000782e00000|  0%| F|  |TAMS 0x0000000782d00000, 0x0000000782d00000| Untracked 
|  46|0x0000000782e00000, 0x0000000782e00000, 0x0000000782f00000|  0%| F|  |TAMS 0x0000000782e00000, 0x0000000782e00000| Untracked 
|  47|0x0000000782f00000, 0x0000000782f00000, 0x0000000783000000|  0%| F|  |TAMS 0x0000000782f00000, 0x0000000782f00000| Untracked 
|  48|0x0000000783000000, 0x0000000783000000, 0x0000000783100000|  0%| F|  |TAMS 0x0000000783000000, 0x0000000783000000| Untracked 
|  49|0x0000000783100000, 0x0000000783200000, 0x0000000783200000|100%| S|CS|TAMS 0x0000000783100000, 0x0000000783100000| Complete 
|  50|0x0000000783200000, 0x0000000783300000, 0x0000000783300000|100%| S|CS|TAMS 0x0000000783200000, 0x0000000783200000| Complete 
|  51|0x0000000783300000, 0x0000000783400000, 0x0000000783400000|100%| S|CS|TAMS 0x0000000783300000, 0x0000000783300000| Complete 
|  52|0x0000000783400000, 0x0000000783400000, 0x0000000783500000|  0%| F|  |TAMS 0x0000000783400000, 0x0000000783400000| Untracked 
|  53|0x0000000783500000, 0x0000000783600000, 0x0000000783600000|100%| S|CS|TAMS 0x0000000783500000, 0x0000000783500000| Complete 
|  54|0x0000000783600000, 0x0000000783600000, 0x0000000783700000|  0%| F|  |TAMS 0x0000000783600000, 0x0000000783600000| Untracked 
|  55|0x0000000783700000, 0x0000000783700000, 0x0000000783800000|  0%| F|  |TAMS 0x0000000783700000, 0x0000000783700000| Untracked 
|  56|0x0000000783800000, 0x0000000783800000, 0x0000000783900000|  0%| F|  |TAMS 0x0000000783800000, 0x0000000783800000| Untracked 
|  57|0x0000000783900000, 0x0000000783900000, 0x0000000783a00000|  0%| F|  |TAMS 0x0000000783900000, 0x0000000783900000| Untracked 
|  58|0x0000000783a00000, 0x0000000783a00000, 0x0000000783b00000|  0%| F|  |TAMS 0x0000000783a00000, 0x0000000783a00000| Untracked 
|  59|0x0000000783b00000, 0x0000000783b00000, 0x0000000783c00000|  0%| F|  |TAMS 0x0000000783b00000, 0x0000000783b00000| Untracked 
|  60|0x0000000783c00000, 0x0000000783c00000, 0x0000000783d00000|  0%| F|  |TAMS 0x0000000783c00000, 0x0000000783c00000| Untracked 
|  61|0x0000000783d00000, 0x0000000783d00000, 0x0000000783e00000|  0%| F|  |TAMS 0x0000000783d00000, 0x0000000783d00000| Untracked 
|  62|0x0000000783e00000, 0x0000000783e00000, 0x0000000783f00000|  0%| F|  |TAMS 0x0000000783e00000, 0x0000000783e00000| Untracked 
|  63|0x0000000783f00000, 0x0000000783f00000, 0x0000000784000000|  0%| F|  |TAMS 0x0000000783f00000, 0x0000000783f00000| Untracked 
|  64|0x0000000784000000, 0x0000000784000000, 0x0000000784100000|  0%| F|  |TAMS 0x0000000784000000, 0x0000000784000000| Untracked 
|  65|0x0000000784100000, 0x0000000784100000, 0x0000000784200000|  0%| F|  |TAMS 0x0000000784100000, 0x0000000784100000| Untracked 
|  66|0x0000000784200000, 0x0000000784200000, 0x0000000784300000|  0%| F|  |TAMS 0x0000000784200000, 0x0000000784200000| Untracked 
|  67|0x0000000784300000, 0x0000000784300000, 0x0000000784400000|  0%| F|  |TAMS 0x0000000784300000, 0x0000000784300000| Untracked 
|  68|0x0000000784400000, 0x0000000784400000, 0x0000000784500000|  0%| F|  |TAMS 0x0000000784400000, 0x0000000784400000| Untracked 
|  69|0x0000000784500000, 0x0000000784500000, 0x0000000784600000|  0%| F|  |TAMS 0x0000000784500000, 0x0000000784500000| Untracked 
|  70|0x0000000784600000, 0x0000000784600000, 0x0000000784700000|  0%| F|  |TAMS 0x0000000784600000, 0x0000000784600000| Untracked 
|  71|0x0000000784700000, 0x0000000784700000, 0x0000000784800000|  0%| F|  |TAMS 0x0000000784700000, 0x0000000784700000| Untracked 
|  72|0x0000000784800000, 0x0000000784800000, 0x0000000784900000|  0%| F|  |TAMS 0x0000000784800000, 0x0000000784800000| Untracked 
|  73|0x0000000784900000, 0x0000000784900000, 0x0000000784a00000|  0%| F|  |TAMS 0x0000000784900000, 0x0000000784900000| Untracked 
|  74|0x0000000784a00000, 0x0000000784a00000, 0x0000000784b00000|  0%| F|  |TAMS 0x0000000784a00000, 0x0000000784a00000| Untracked 
|  75|0x0000000784b00000, 0x0000000784b00000, 0x0000000784c00000|  0%| F|  |TAMS 0x0000000784b00000, 0x0000000784b00000| Untracked 
|  76|0x0000000784c00000, 0x0000000784c00000, 0x0000000784d00000|  0%| F|  |TAMS 0x0000000784c00000, 0x0000000784c00000| Untracked 
|  77|0x0000000784d00000, 0x0000000784d00000, 0x0000000784e00000|  0%| F|  |TAMS 0x0000000784d00000, 0x0000000784d00000| Untracked 
|  78|0x0000000784e00000, 0x0000000784e00000, 0x0000000784f00000|  0%| F|  |TAMS 0x0000000784e00000, 0x0000000784e00000| Untracked 
|  79|0x0000000784f00000, 0x0000000784f00000, 0x0000000785000000|  0%| F|  |TAMS 0x0000000784f00000, 0x0000000784f00000| Untracked 
|  80|0x0000000785000000, 0x0000000785000000, 0x0000000785100000|  0%| F|  |TAMS 0x0000000785000000, 0x0000000785000000| Untracked 
|  81|0x0000000785100000, 0x0000000785100000, 0x0000000785200000|  0%| F|  |TAMS 0x0000000785100000, 0x0000000785100000| Untracked 
|  82|0x0000000785200000, 0x0000000785200000, 0x0000000785300000|  0%| F|  |TAMS 0x0000000785200000, 0x0000000785200000| Untracked 
|  96|0x0000000786000000, 0x0000000786000000, 0x0000000786100000|  0%| F|  |TAMS 0x0000000786000000, 0x0000000786000000| Untracked 
|  97|0x0000000786100000, 0x0000000786100000, 0x0000000786200000|  0%| F|  |TAMS 0x0000000786100000, 0x0000000786100000| Untracked 
|  98|0x0000000786200000, 0x0000000786200000, 0x0000000786300000|  0%| F|  |TAMS 0x0000000786200000, 0x0000000786200000| Untracked 
|  99|0x0000000786300000, 0x0000000786300000, 0x0000000786400000|  0%| F|  |TAMS 0x0000000786300000, 0x0000000786300000| Untracked 
| 100|0x0000000786400000, 0x0000000786400000, 0x0000000786500000|  0%| F|  |TAMS 0x0000000786400000, 0x0000000786400000| Untracked 
| 101|0x0000000786500000, 0x0000000786500000, 0x0000000786600000|  0%| F|  |TAMS 0x0000000786500000, 0x0000000786500000| Untracked 
| 102|0x0000000786600000, 0x0000000786600000, 0x0000000786700000|  0%| F|  |TAMS 0x0000000786600000, 0x0000000786600000| Untracked 
| 126|0x0000000787e00000, 0x0000000787e80800, 0x0000000787f00000| 50%| E|  |TAMS 0x0000000787e00000, 0x0000000787e00000| Complete 
| 127|0x0000000787f00000, 0x0000000788000000, 0x0000000788000000|100%| E|CS|TAMS 0x0000000787f00000, 0x0000000787f00000| Complete 
|2046|0x00000007ffe00000, 0x00000007ffe76000, 0x00000007fff00000| 46%|OA|  |TAMS 0x00000007ffe76000, 0x00000007ffe00000| Untracked 
|2047|0x00000007fff00000, 0x00000007fff74000, 0x0000000800000000| 45%|CA|  |TAMS 0x00000007fff74000, 0x00000007fff00000| Untracked 

Card table byte_map: [0x000000011174e000,0x0000000111b4e000] _byte_map_base: 0x000000010db4e000

Marking Bits (Prev, Next): (CMBitMap*) 0x00007f8cb4028010, (CMBitMap*) 0x00007f8cb4028050
 Prev Bits: [0x0000000111f4e000, 0x0000000113f4e000)
 Next Bits: [0x000000012b3b2000, 0x000000012d3b2000)

Polling page: 0x000000010f733000

Metaspace:

Usage:
  Non-class:     40.59 MB used.
      Class:      6.70 MB used.
       Both:     47.29 MB used.

Virtual space:
  Non-class space:       64.00 MB reserved,      40.88 MB ( 64%) committed,  1 nodes.
      Class space:      416.00 MB reserved,       6.94 MB (  2%) committed,  1 nodes.
             Both:      480.00 MB reserved,      47.81 MB ( 10%) committed. 

Chunk freelists:
   Non-Class:  6.53 MB
       Class:  9.11 MB
        Both:  15.64 MB

MaxMetaspaceSize: 512.00 MB
CompressedClassSpaceSize: 416.00 MB
Initial GC threshold: 21.00 MB
Current GC threshold: 59.00 MB
CDS: on
MetaspaceReclaimPolicy: balanced
 - commit_granule_bytes: 65536.
 - commit_granule_words: 8192.
 - virtual_space_node_default_size: 8388608.
 - enlarge_chunks_in_place: 1.
 - new_chunks_are_fully_committed: 0.
 - uncommit_free_chunks: 1.
 - use_allocation_guard: 0.
 - handle_deallocations: 1.


Internal statistics:

num_allocs_failed_limit: 6.
num_arena_births: 600.
num_arena_deaths: 0.
num_vsnodes_births: 2.
num_vsnodes_deaths: 0.
num_space_committed: 765.
num_space_uncommitted: 0.
num_chunks_returned_to_freelist: 6.
num_chunks_taken_from_freelist: 2493.
num_chunk_merges: 6.
num_chunk_splits: 1694.
num_chunks_enlarged: 1214.
num_inconsistent_stats: 0.

CodeHeap 'non-profiled nmethods': size=120032Kb used=2454Kb max_used=2454Kb free=117577Kb
 bounds [0x0000000123e7a000, 0x00000001240ea000, 0x000000012b3b2000]
CodeHeap 'profiled nmethods': size=120028Kb used=9445Kb max_used=9445Kb free=110582Kb
 bounds [0x000000011c3b2000, 0x000000011ccf2000, 0x00000001238e9000]
CodeHeap 'non-nmethods': size=5700Kb used=2326Kb max_used=2357Kb free=3373Kb
 bounds [0x00000001238e9000, 0x0000000123b59000, 0x0000000123e7a000]
 total_blobs=5713 nmethods=4867 adapters=759
 compilation: enabled
              stopped_count=0, restarted_count=0
 full_count=0

Compilation events (20 events):
Event: 8.729 Thread 0x00007f8cb480a600 nmethod 4853 0x000000011cce3590 code [0x000000011cce37a0, 0x000000011cce4000]
Event: 8.729 Thread 0x00007f8cb480a600 4855       3       org.gradle.internal.hash.Hashing$DefaultHasher::putString (26 bytes)
Event: 8.730 Thread 0x00007f8cb480a600 nmethod 4855 0x000000011cce4390 code [0x000000011cce4660, 0x000000011cce5590]
Event: 8.730 Thread 0x00007f8cb480a600 4854       3       org.gradle.internal.hash.Hashing::newHasher (9 bytes)
Event: 8.731 Thread 0x00007f8cb480a600 nmethod 4854 0x000000011cce5b90 code [0x000000011cce5dc0, 0x000000011cce6790]
Event: 8.731 Thread 0x00007f8cb480a600 4852       3       com.google.common.collect.MapMakerInternalMap$WeakKeyDummyValueSegment::maybeDrainReferenceQueues (9 bytes)
Event: 8.731 Thread 0x00007f8cb480a600 nmethod 4852 0x000000011cce6b10 code [0x000000011cce6cc0, 0x000000011cce6e80]
Event: 8.731 Thread 0x00007f8cb480a600 4856       3       java.util.concurrent.ConcurrentHashMap$BaseIterator::<init> (21 bytes)
Event: 8.731 Thread 0x00007f8cb480a600 nmethod 4856 0x000000011cce6f10 code [0x000000011cce70c0, 0x000000011cce72b0]
Event: 8.734 Thread 0x00007f8cb480a600 4857       3       com.google.common.collect.ImmutableList::copyOf (44 bytes)
Event: 8.735 Thread 0x00007f8cb480a600 nmethod 4857 0x000000011cce7390 code [0x000000011cce7600, 0x000000011cce7fc0]
Event: 8.736 Thread 0x00007f8cb480a600 4858       3       org.gradle.internal.event.AbstractBroadcastDispatch::dispatch (65 bytes)
Event: 8.736 Thread 0x00007f8cb480a600 nmethod 4858 0x000000011cce8290 code [0x000000011cce84a0, 0x000000011cce8ae0]
Event: 8.737 Thread 0x00007f8cb480a600 4859       3       org.gradle.internal.event.BroadcastDispatch$SingletonDispatch::dispatch (9 bytes)
Event: 8.738 Thread 0x00007f8cb480a600 nmethod 4859 0x000000011cce8c90 code [0x000000011cce8e40, 0x000000011cce9160]
Event: 8.738 Thread 0x00007f8cb480a600 4860       3       org.gradle.internal.event.BroadcastDispatch$SingletonDispatch::dispatch (10 bytes)
Event: 8.738 Thread 0x00007f8cb480a600 nmethod 4860 0x000000011cce9290 code [0x000000011cce9440, 0x000000011cce9600]
Event: 8.741 Thread 0x00007f8cb480e800 nmethod 4838% 0x00000001240dd690 code [0x00000001240dd840, 0x00000001240de0d8]
Event: 8.741 Thread 0x00007f8cb480e800 4839       4       java.util.concurrent.locks.AbstractQueuedSynchronizer::signalNext (34 bytes)
Event: 8.743 Thread 0x00007f8cb480e800 nmethod 4839 0x00000001240de390 code [0x00000001240de520, 0x00000001240de628]

GC Heap History (20 events):
Event: 1.035 GC heap after
{Heap after GC invocations=2 (full 0):
 garbage-first heap   total 133120K, used 11682K [0x0000000780000000, 0x0000000800000000)
  region size 1024K, 4 young (4096K), 4 survivors (4096K)
 Metaspace       used 4052K, committed 4224K, reserved 491520K
  class space    used 520K, committed 640K, reserved 425984K
}
Event: 1.383 GC heap before
{Heap before GC invocations=2 (full 0):
 garbage-first heap   total 133120K, used 40354K [0x0000000780000000, 0x0000000800000000)
  region size 1024K, 30 young (30720K), 4 survivors (4096K)
 Metaspace       used 4702K, committed 4928K, reserved 491520K
  class space    used 643K, committed 768K, reserved 425984K
}
Event: 1.390 GC heap after
{Heap after GC invocations=3 (full 0):
 garbage-first heap   total 133120K, used 17161K [0x0000000780000000, 0x0000000800000000)
  region size 1024K, 4 young (4096K), 4 survivors (4096K)
 Metaspace       used 4702K, committed 4928K, reserved 491520K
  class space    used 643K, committed 768K, reserved 425984K
}
Event: 3.210 GC heap before
{Heap before GC invocations=3 (full 0):
 garbage-first heap   total 133120K, used 90889K [0x0000000780000000, 0x0000000800000000)
  region size 1024K, 76 young (77824K), 4 survivors (4096K)
 Metaspace       used 17905K, committed 18240K, reserved 491520K
  class space    used 2620K, committed 2752K, reserved 425984K
}
Event: 3.222 GC heap after
{Heap after GC invocations=4 (full 0):
 garbage-first heap   total 133120K, used 22401K [0x0000000780000000, 0x0000000800000000)
  region size 1024K, 10 young (10240K), 10 survivors (10240K)
 Metaspace       used 17905K, committed 18240K, reserved 491520K
  class space    used 2620K, committed 2752K, reserved 425984K
}
Event: 3.866 GC heap before
{Heap before GC invocations=4 (full 0):
 garbage-first heap   total 133120K, used 46977K [0x0000000780000000, 0x0000000800000000)
  region size 1024K, 35 young (35840K), 10 survivors (10240K)
 Metaspace       used 21251K, committed 21504K, reserved 491520K
  class space    used 3144K, committed 3264K, reserved 425984K
}
Event: 3.875 GC heap after
{Heap after GC invocations=5 (full 0):
 garbage-first heap   total 133120K, used 24190K [0x0000000780000000, 0x0000000800000000)
  region size 1024K, 7 young (7168K), 7 survivors (7168K)
 Metaspace       used 21251K, committed 21504K, reserved 491520K
  class space    used 3144K, committed 3264K, reserved 425984K
}
Event: 5.065 GC heap before
{Heap before GC invocations=6 (full 0):
 garbage-first heap   total 96256K, used 74366K [0x0000000780000000, 0x0000000800000000)
  region size 1024K, 56 young (57344K), 7 survivors (7168K)
 Metaspace       used 28822K, committed 29120K, reserved 491520K
  class space    used 4162K, committed 4288K, reserved 425984K
}
Event: 5.079 GC heap after
{Heap after GC invocations=7 (full 0):
 garbage-first heap   total 96256K, used 27372K [0x0000000780000000, 0x0000000800000000)
  region size 1024K, 5 young (5120K), 5 survivors (5120K)
 Metaspace       used 28822K, committed 29120K, reserved 491520K
  class space    used 4162K, committed 4288K, reserved 425984K
}
Event: 5.120 GC heap before
{Heap before GC invocations=7 (full 0):
 garbage-first heap   total 96256K, used 27372K [0x0000000780000000, 0x0000000800000000)
  region size 1024K, 6 young (6144K), 5 survivors (5120K)
 Metaspace       used 29055K, committed 29376K, reserved 491520K
  class space    used 4184K, committed 4352K, reserved 425984K
}
Event: 5.127 GC heap after
{Heap after GC invocations=8 (full 0):
 garbage-first heap   total 96256K, used 28078K [0x0000000780000000, 0x0000000800000000)
  region size 1024K, 1 young (1024K), 1 survivors (1024K)
 Metaspace       used 29055K, committed 29376K, reserved 491520K
  class space    used 4184K, committed 4352K, reserved 425984K
}
Event: 6.093 GC heap before
{Heap before GC invocations=8 (full 0):
 garbage-first heap   total 96256K, used 75182K [0x0000000780000000, 0x0000000800000000)
  region size 1024K, 43 young (44032K), 1 survivors (1024K)
 Metaspace       used 33532K, committed 33984K, reserved 491520K
  class space    used 4712K, committed 4928K, reserved 425984K
}
Event: 6.101 GC heap after
{Heap after GC invocations=9 (full 0):
 garbage-first heap   total 96256K, used 30930K [0x0000000780000000, 0x0000000800000000)
  region size 1024K, 4 young (4096K), 4 survivors (4096K)
 Metaspace       used 33532K, committed 33984K, reserved 491520K
  class space    used 4712K, committed 4928K, reserved 425984K
}
Event: 6.495 GC heap before
{Heap before GC invocations=9 (full 0):
 garbage-first heap   total 96256K, used 48338K [0x0000000780000000, 0x0000000800000000)
  region size 1024K, 22 young (22528K), 4 survivors (4096K)
 Metaspace       used 35627K, committed 36096K, reserved 491520K
  class space    used 5028K, committed 5248K, reserved 425984K
}
Event: 6.504 GC heap after
{Heap after GC invocations=10 (full 0):
 garbage-first heap   total 96256K, used 31980K [0x0000000780000000, 0x0000000800000000)
  region size 1024K, 2 young (2048K), 2 survivors (2048K)
 Metaspace       used 35627K, committed 36096K, reserved 491520K
  class space    used 5028K, committed 5248K, reserved 425984K
}
Event: 7.563 GC heap before
{Heap before GC invocations=11 (full 0):
 garbage-first heap   total 96256K, used 70892K [0x0000000780000000, 0x0000000800000000)
  region size 1024K, 40 young (40960K), 2 survivors (2048K)
 Metaspace       used 38988K, committed 39488K, reserved 491520K
  class space    used 5574K, committed 5824K, reserved 425984K
}
Event: 7.567 GC heap after
{Heap after GC invocations=12 (full 0):
 garbage-first heap   total 96256K, used 33296K [0x0000000780000000, 0x0000000800000000)
  region size 1024K, 3 young (3072K), 3 survivors (3072K)
 Metaspace       used 38988K, committed 39488K, reserved 491520K
  class space    used 5574K, committed 5824K, reserved 425984K
}
Event: 8.207 GC heap before
{Heap before GC invocations=12 (full 0):
 garbage-first heap   total 96256K, used 74256K [0x0000000780000000, 0x0000000800000000)
  region size 1024K, 42 young (43008K), 3 survivors (3072K)
 Metaspace       used 43566K, committed 44032K, reserved 491520K
  class space    used 6185K, committed 6400K, reserved 425984K
}
Event: 8.213 GC heap after
{Heap after GC invocations=13 (full 0):
 garbage-first heap   total 96256K, used 34939K [0x0000000780000000, 0x0000000800000000)
  region size 1024K, 5 young (5120K), 5 survivors (5120K)
 Metaspace       used 43566K, committed 44032K, reserved 491520K
  class space    used 6185K, committed 6400K, reserved 425984K
}
Event: 8.745 GC heap before
{Heap before GC invocations=13 (full 0):
 garbage-first heap   total 96256K, used 73851K [0x0000000780000000, 0x0000000800000000)
  region size 1024K, 43 young (44032K), 5 survivors (5120K)
 Metaspace       used 48363K, committed 48896K, reserved 491520K
  class space    used 6855K, committed 7104K, reserved 425984K
}

Dll operation events (13 events):
Event: 0.054 Loaded shared library /Library/Java/JavaVirtualMachines/zulu-17.jdk/Contents/Home/lib/libjava.dylib
Event: 0.176 Loaded shared library /Library/Java/JavaVirtualMachines/zulu-17.jdk/Contents/Home/lib/libzip.dylib
Event: 0.177 Loaded shared library /Library/Java/JavaVirtualMachines/zulu-17.jdk/Contents/Home/lib/libinstrument.dylib
Event: 0.181 Loaded shared library /Library/Java/JavaVirtualMachines/zulu-17.jdk/Contents/Home/lib/libnio.dylib
Event: 0.187 Loaded shared library /Library/Java/JavaVirtualMachines/zulu-17.jdk/Contents/Home/lib/libzip.dylib
Event: 0.354 Loaded shared library /Library/Java/JavaVirtualMachines/zulu-17.jdk/Contents/Home/lib/libjimage.dylib
Event: 0.461 Loaded shared library /Library/Java/JavaVirtualMachines/zulu-17.jdk/Contents/Home/lib/libverify.dylib
Event: 0.667 Loaded shared library /Library/Java/JavaVirtualMachines/zulu-17.jdk/Contents/Home/lib/libnet.dylib
Event: 0.682 Loaded shared library /Users/Shoaib/.gradle/native/c067742578af261105cb4f569cf0c3c89f3d7b1fecec35dd04571415982c5e48/osx-amd64/libnative-platform.dylib
Event: 0.691 Loaded shared library /Users/Shoaib/.gradle/native/100fb08df4bc3b14c8652ba06237920a3bd2aa13389f12d3474272988ae205f9/osx-amd64/libnative-platform-file-events.dylib
Event: 1.545 Loaded shared library /Library/Java/JavaVirtualMachines/zulu-17.jdk/Contents/Home/lib/libmanagement.dylib
Event: 1.547 Loaded shared library /Library/Java/JavaVirtualMachines/zulu-17.jdk/Contents/Home/lib/libmanagement_ext.dylib
Event: 1.670 Loaded shared library /Library/Java/JavaVirtualMachines/zulu-17.jdk/Contents/Home/lib/libextnet.dylib

Deoptimization events (20 events):
Event: 8.565 Thread 0x00007f8cb4ab9000 Uncommon trap: trap_request=0xffffffc6 fr.pc=0x0000000123fed338 relative=0x0000000000001218
Event: 8.565 Thread 0x00007f8cb4ab9000 Uncommon trap: reason=bimorphic_or_optimized_type_check action=maybe_recompile pc=0x0000000123fed338 method=java.util.HashMap.putVal(ILjava/lang/Object;Ljava/lang/Object;ZZ)Ljava/lang/Object; @ 56 c2
Event: 8.565 Thread 0x00007f8cb4ab9000 DEOPT PACKING pc=0x0000000123fed338 sp=0x000070000a6aa620
Event: 8.565 Thread 0x00007f8cb4ab9000 DEOPT UNPACKING pc=0x000000012393f699 sp=0x000070000a6aa5a8 mode 2
Event: 8.565 Thread 0x00007f8cb4ab9000 Uncommon trap: trap_request=0xffffffc6 fr.pc=0x0000000123fed338 relative=0x0000000000001218
Event: 8.566 Thread 0x00007f8cb4ab9000 Uncommon trap: reason=bimorphic_or_optimized_type_check action=maybe_recompile pc=0x0000000123fed338 method=java.util.HashMap.putVal(ILjava/lang/Object;Ljava/lang/Object;ZZ)Ljava/lang/Object; @ 56 c2
Event: 8.566 Thread 0x00007f8cb4ab9000 DEOPT PACKING pc=0x0000000123fed338 sp=0x000070000a6aa620
Event: 8.566 Thread 0x00007f8cb4ab9000 DEOPT UNPACKING pc=0x000000012393f699 sp=0x000070000a6aa5a8 mode 2
Event: 8.566 Thread 0x00007f8cb4ab9000 Uncommon trap: trap_request=0xffffffc6 fr.pc=0x0000000123fed338 relative=0x0000000000001218
Event: 8.566 Thread 0x00007f8cb4ab9000 Uncommon trap: reason=bimorphic_or_optimized_type_check action=maybe_recompile pc=0x0000000123fed338 method=java.util.HashMap.putVal(ILjava/lang/Object;Ljava/lang/Object;ZZ)Ljava/lang/Object; @ 56 c2
Event: 8.566 Thread 0x00007f8cb4ab9000 DEOPT PACKING pc=0x0000000123fed338 sp=0x000070000a6aa620
Event: 8.566 Thread 0x00007f8cb4ab9000 DEOPT UNPACKING pc=0x000000012393f699 sp=0x000070000a6aa5a8 mode 2
Event: 8.566 Thread 0x00007f8cb4ab9000 Uncommon trap: trap_request=0xffffffc6 fr.pc=0x0000000123fed338 relative=0x0000000000001218
Event: 8.566 Thread 0x00007f8cb4ab9000 Uncommon trap: reason=bimorphic_or_optimized_type_check action=maybe_recompile pc=0x0000000123fed338 method=java.util.HashMap.putVal(ILjava/lang/Object;Ljava/lang/Object;ZZ)Ljava/lang/Object; @ 56 c2
Event: 8.566 Thread 0x00007f8cb4ab9000 DEOPT PACKING pc=0x0000000123fed338 sp=0x000070000a6aa620
Event: 8.566 Thread 0x00007f8cb4ab9000 DEOPT UNPACKING pc=0x000000012393f699 sp=0x000070000a6aa5a8 mode 2
Event: 8.679 Thread 0x00007f8cb4ab9000 Uncommon trap: trap_request=0xffffff45 fr.pc=0x0000000123e89998 relative=0x0000000000000078
Event: 8.679 Thread 0x00007f8cb4ab9000 Uncommon trap: reason=unstable_if action=reinterpret pc=0x0000000123e89998 method=java.lang.String.isLatin1()Z @ 10 c2
Event: 8.679 Thread 0x00007f8cb4ab9000 DEOPT PACKING pc=0x0000000123e89998 sp=0x000070000a6aac10
Event: 8.679 Thread 0x00007f8cb4ab9000 DEOPT UNPACKING pc=0x000000012393f699 sp=0x000070000a6aab70 mode 2

Classes unloaded (0 events):
No events

Classes redefined (0 events):
No events

Internal exceptions (20 events):
Event: 7.300 Thread 0x00007f8cb4ab9000 Exception <a 'java/lang/NoSuchMethodError'{0x00000007847afb38}: 'java.lang.Object java.lang.invoke.DirectMethodHandle$Holder.newInvokeSpecial(java.lang.Object, java.lang.Object, java.lang.Object, long)'> (0x00000007847afb38) 
thrown [src/hotspot/share/interpreter/linkResolver.cpp, line 759]
Event: 7.300 Thread 0x00007f8cb4ab9000 Exception <a 'java/lang/NoSuchMethodError'{0x00000007847b50c8}: 'java.lang.Object java.lang.invoke.DirectMethodHandle$Holder.invokeSpecial(java.lang.Object, java.lang.Object, java.lang.Object, java.lang.Object, long)'> (0x00000007847b50c8) 
thrown [src/hotspot/share/interpreter/linkResolver.cpp, line 759]
Event: 7.300 Thread 0x00007f8cb4ab9000 Exception <a 'java/lang/NoSuchMethodError'{0x00000007847b9d40}: 'java.lang.Object java.lang.invoke.Invokers$Holder.linkToTargetMethod(java.lang.Object, java.lang.Object, long, java.lang.Object)'> (0x00000007847b9d40) 
thrown [src/hotspot/share/interpreter/linkResolver.cpp, line 759]
Event: 7.365 Thread 0x00007f8cb4ab9000 Implicit null exception at 0x0000000123fe4e6c to 0x0000000123fe4f14
Event: 7.485 Thread 0x00007f8cb4ab9000 Exception <a 'java/lang/NoSuchMethodError'{0x0000000783a2ecd0}: 'java.lang.Object java.lang.invoke.DirectMethodHandle$Holder.newInvokeSpecial(java.lang.Object, int, java.lang.Object)'> (0x0000000783a2ecd0) 
thrown [src/hotspot/share/interpreter/linkResolver.cpp, line 759]
Event: 7.644 Thread 0x00007f8cb4ab9000 Exception <a 'java/lang/NoSuchMethodError'{0x0000000786387bc8}: 'int java.lang.invoke.DirectMethodHandle$Holder.invokeSpecialIFC(java.lang.Object, java.lang.Object, java.lang.Object)'> (0x0000000786387bc8) 
thrown [src/hotspot/share/interpreter/linkResolver.cpp, line 759]
Event: 7.742 Thread 0x00007f8cb4ab9000 Exception <a 'java/lang/NoSuchMethodError'{0x00000007852a0658}: 'java.lang.Object java.lang.invoke.DirectMethodHandle$Holder.newInvokeSpecial(java.lang.Object, java.lang.Object, java.lang.Object, java.lang.Object, java.lang.Object, int)'> (0x00000007852a0658) 
thrown [src/hotspot/share/interpreter/linkResolver.cpp, line 759]
Event: 7.742 Thread 0x00007f8cb4ab9000 Exception <a 'java/lang/NoSuchMethodError'{0x00000007852a6000}: 'java.lang.Object java.lang.invoke.DirectMethodHandle$Holder.invokeSpecial(java.lang.Object, java.lang.Object, java.lang.Object, java.lang.Object, java.lang.Object, java.lang.Object, int)'> (0x00000007852a6000) 
thrown [src/hotspot/share/interpreter/linkResolver.cpp, line 759]
Event: 7.742 Thread 0x00007f8cb4ab9000 Exception <a 'java/lang/NoSuchMethodError'{0x00000007852ab330}: 'java.lang.Object java.lang.invoke.Invokers$Holder.linkToTargetMethod(java.lang.Object, java.lang.Object, java.lang.Object, java.lang.Object, int, java.lang.Object)'> (0x00000007852ab330) 
thrown [src/hotspot/share/interpreter/linkResolver.cpp, line 759]
Event: 7.751 Thread 0x00007f8cb4ab9000 Exception <a 'java/lang/NoSuchMethodError'{0x000000078510fa60}: 'java.lang.Object java.lang.invoke.DirectMethodHandle$Holder.invokeSpecial(java.lang.Object, java.lang.Object, java.lang.Object, java.lang.Object, java.lang.Object, long)'> (0x000000078510fa60) 
thrown [src/hotspot/share/interpreter/linkResolver.cpp, line 759]
Event: 7.754 Thread 0x00007f8cb4ab9000 Exception <a 'java/lang/NoSuchMethodError'{0x000000078513bbe8}: 'void java.lang.invoke.DirectMethodHandle$Holder.invokeStatic(java.lang.Object, java.lang.Object, java.lang.Object, int, java.lang.Object)'> (0x000000078513bbe8) 
thrown [src/hotspot/share/interpreter/linkResolver.cpp, line 759]
Event: 7.827 Thread 0x00007f8cb4ab9000 Exception <a 'java/lang/NoSuchMethodError'{0x0000000784d39ed8}: 'java.lang.Object java.lang.invoke.DirectMethodHandle$Holder.invokeSpecial(java.lang.Object, java.lang.Object, long, java.lang.Object, java.lang.Object)'> (0x0000000784d39ed8) 
thrown [src/hotspot/share/interpreter/linkResolver.cpp, line 759]
Event: 7.918 Thread 0x00007f8cb4ab9000 Exception <a 'java/lang/NoSuchMethodError'{0x00000007849856b0}: 'java.lang.Object java.lang.invoke.DirectMethodHandle$Holder.newInvokeSpecial(java.lang.Object, java.lang.Object, java.lang.Object, java.lang.Object, int, java.lang.Object)'> (0x00000007849856b0) 
thrown [src/hotspot/share/interpreter/linkResolver.cpp, line 759]
Event: 7.918 Thread 0x00007f8cb4ab9000 Exception <a 'java/lang/NoSuchMethodError'{0x000000078498af58}: 'java.lang.Object java.lang.invoke.Invokers$Holder.linkToTargetMethod(java.lang.Object, java.lang.Object, java.lang.Object, int, java.lang.Object, java.lang.Object)'> (0x000000078498af58) 
thrown [src/hotspot/share/interpreter/linkResolver.cpp, line 759]
Event: 7.993 Thread 0x00007f8cb4ab9000 Exception <a 'java/lang/NoSuchMethodError'{0x0000000784551000}: 'java.lang.Object java.lang.invoke.DirectMethodHandle$Holder.invokeSpecialIFC(java.lang.Object, java.lang.Object, java.lang.Object)'> (0x0000000784551000) 
thrown [src/hotspot/share/interpreter/linkResolver.cpp, line 759]
Event: 8.302 Thread 0x00007f8cb4ab9000 Implicit null exception at 0x0000000123ea89d4 to 0x0000000123ea8f84
Event: 8.383 Thread 0x00007f8cb4ab9000 Implicit null exception at 0x0000000123e91bd4 to 0x0000000123e92168
Event: 8.471 Thread 0x00007f8cb4ab9000 Exception <a 'java/lang/ClassNotFoundException'{0x0000000784392cf8}: sun/misc/SharedSecrets> (0x0000000784392cf8) 
thrown [src/hotspot/share/classfile/systemDictionary.cpp, line 259]
Event: 8.526 Thread 0x00007f8cb4ab9000 Exception <a 'java/lang/NoSuchMethodError'{0x00000007840cd2f0}: 'java.lang.Object java.lang.invoke.DirectMethodHandle$Holder.newInvokeSpecial(java.lang.Object, java.lang.Object, int)'> (0x00000007840cd2f0) 
thrown [src/hotspot/share/interpreter/linkResolver.cpp, line 759]
Event: 8.701 Thread 0x00007f8cb4ab9000 Exception <a 'java/lang/NoSuchMethodError'{0x0000000783774e80}: 'void java.lang.invoke.DirectMethodHandle$Holder.invokeStatic(java.lang.Object, java.lang.Object, java.lang.Object, java.lang.Object, java.lang.Object, java.lang.Object, java.lang.Object)'> (0x0000000783774e80) 
thrown [src/hotspot/share/interpreter/linkResolver.cpp, line 759]

VM Operations (20 events):
Event: 6.564 Executing VM operation: G1PauseRemark done
Event: 6.581 Executing VM operation: G1PauseCleanup
Event: 6.581 Executing VM operation: G1PauseCleanup done
Event: 7.197 Executing VM operation: HandshakeAllThreads
Event: 7.197 Executing VM operation: HandshakeAllThreads done
Event: 7.236 Executing VM operation: HandshakeAllThreads
Event: 7.236 Executing VM operation: HandshakeAllThreads done
Event: 7.239 Executing VM operation: HandshakeAllThreads
Event: 7.239 Executing VM operation: HandshakeAllThreads done
Event: 7.244 Executing VM operation: HandshakeAllThreads
Event: 7.244 Executing VM operation: HandshakeAllThreads done
Event: 7.563 Executing VM operation: G1CollectForAllocation
Event: 7.568 Executing VM operation: G1CollectForAllocation done
Event: 7.893 Executing VM operation: HandshakeAllThreads
Event: 7.893 Executing VM operation: HandshakeAllThreads done
Event: 7.915 Executing VM operation: HandshakeAllThreads
Event: 7.915 Executing VM operation: HandshakeAllThreads done
Event: 8.207 Executing VM operation: G1CollectForAllocation
Event: 8.213 Executing VM operation: G1CollectForAllocation done
Event: 8.745 Executing VM operation: G1CollectForAllocation

Events (20 events):
Event: 8.026 loading class java/util/stream/SortedOps$AbstractRefSortingSink done
Event: 8.026 loading class java/util/stream/SortedOps$SizedRefSortingSink done
Event: 8.082 loading class java/util/zip/GZIPInputStream
Event: 8.082 loading class java/util/zip/GZIPInputStream done
Event: 8.082 loading class java/util/zip/GZIPOutputStream
Event: 8.082 loading class java/util/zip/GZIPOutputStream done
Event: 8.089 Thread 0x00007f8cb4b32000 Thread added: 0x00007f8cb4b32000
Event: 8.089 Protecting memory [0x000070000bbf4000,0x000070000bbf8000] with protection modes 0
Event: 8.427 loading class java/util/ArrayList$SubList$1
Event: 8.427 loading class java/util/ArrayList$SubList$1 done
Event: 8.471 loading class sun/misc/SharedSecrets
Event: 8.471 loading class sun/misc/SharedSecrets done
Event: 8.540 loading class java/nio/channels/Channels$ReadableByteChannelImpl
Event: 8.540 loading class java/nio/channels/Channels$ReadableByteChannelImpl done
Event: 8.551 loading class java/util/EmptyStackException
Event: 8.551 loading class java/util/EmptyStackException done
Event: 8.555 loading class java/io/InvalidClassException
Event: 8.555 loading class java/io/InvalidClassException done
Event: 8.706 loading class java/util/Comparators$NaturalOrderComparator
Event: 8.707 loading class java/util/Comparators$NaturalOrderComparator done


Dynamic libraries:
0x00007fff68464000 	/usr/lib/libz.1.dylib
0x000000010f6fe000 	/Library/Java/JavaVirtualMachines/zulu-17.jdk/Contents/Home/lib/libjli.dylib
0x00007fff2ef2b000 	/System/Library/Frameworks/Cocoa.framework/Versions/A/Cocoa
0x00007fff3c540000 	/System/Library/Frameworks/Security.framework/Versions/A/Security
0x00007fff2de91000 	/System/Library/Frameworks/ApplicationServices.framework/Versions/A/ApplicationServices
0x00007fff65e98000 	/usr/lib/libSystem.B.dylib
0x00007fff68d25000 	/usr/lib/system/libcache.dylib
0x00007fff68d2b000 	/usr/lib/system/libcommonCrypto.dylib
0x00007fff68d37000 	/usr/lib/system/libcompiler_rt.dylib
0x00007fff68d3f000 	/usr/lib/system/libcopyfile.dylib
0x00007fff68d49000 	/usr/lib/system/libcorecrypto.dylib
0x00007fff68ee8000 	/usr/lib/system/libdispatch.dylib
0x00007fff68f29000 	/usr/lib/system/libdyld.dylib
0x00007fff68f60000 	/usr/lib/system/libkeymgr.dylib
0x00007fff68f6e000 	/usr/lib/system/liblaunch.dylib
0x00007fff68f6f000 	/usr/lib/system/libmacho.dylib
0x00007fff68f75000 	/usr/lib/system/libquarantine.dylib
0x00007fff68f78000 	/usr/lib/system/libremovefile.dylib
0x00007fff68f7a000 	/usr/lib/system/libsystem_asl.dylib
0x00007fff68f92000 	/usr/lib/system/libsystem_blocks.dylib
0x00007fff68f93000 	/usr/lib/system/libsystem_c.dylib
0x00007fff6901b000 	/usr/lib/system/libsystem_configuration.dylib
0x00007fff6901f000 	/usr/lib/system/libsystem_coreservices.dylib
0x00007fff69023000 	/usr/lib/system/libsystem_darwin.dylib
0x00007fff6902c000 	/usr/lib/system/libsystem_dnssd.dylib
0x00007fff69034000 	/usr/lib/system/libsystem_featureflags.dylib
0x00007fff69036000 	/usr/lib/system/libsystem_info.dylib
0x00007fff690b1000 	/usr/lib/system/libsystem_m.dylib
0x00007fff690fd000 	/usr/lib/system/libsystem_malloc.dylib
0x00007fff69125000 	/usr/lib/system/libsystem_networkextension.dylib
0x00007fff69133000 	/usr/lib/system/libsystem_notify.dylib
0x00007fff69151000 	/usr/lib/system/libsystem_sandbox.dylib
0x00007fff69156000 	/usr/lib/system/libsystem_secinit.dylib
0x00007fff69084000 	/usr/lib/system/libsystem_kernel.dylib
0x00007fff6913d000 	/usr/lib/system/libsystem_platform.dylib
0x00007fff69146000 	/usr/lib/system/libsystem_pthread.dylib
0x00007fff69159000 	/usr/lib/system/libsystem_symptoms.dylib
0x00007fff69161000 	/usr/lib/system/libsystem_trace.dylib
0x00007fff69179000 	/usr/lib/system/libunwind.dylib
0x00007fff6917f000 	/usr/lib/system/libxpc.dylib
0x00007fff67d91000 	/usr/lib/libobjc.A.dylib
0x00007fff66267000 	/usr/lib/libc++abi.dylib
0x00007fff66214000 	/usr/lib/libc++.1.dylib
0x00007fff2fd8c000 	/System/Library/Frameworks/CoreFoundation.framework/Versions/A/CoreFoundation
0x00007fff32471000 	/System/Library/Frameworks/Foundation.framework/Versions/C/Foundation
0x00007fff2d083000 	/System/Library/Frameworks/AppKit.framework/Versions/C/AppKit
0x00007fff2f85d000 	/System/Library/Frameworks/CoreData.framework/Versions/A/CoreData
0x00007fff60243000 	/System/Library/PrivateFrameworks/UIFoundation.framework/Versions/A/UIFoundation
0x00007fff5ba59000 	/System/Library/PrivateFrameworks/RemoteViewServices.framework/Versions/A/RemoteViewServices
0x00007fff62a08000 	/System/Library/PrivateFrameworks/XCTTargetBootstrap.framework/Versions/A/XCTTargetBootstrap
0x00007fff2fc59000 	/System/Library/Frameworks/CoreDisplay.framework/Versions/A/CoreDisplay
0x00007fff35330000 	/System/Library/Frameworks/Metal.framework/Versions/A/Metal
0x00007fff49bf1000 	/System/Library/PrivateFrameworks/DesktopServicesPriv.framework/Versions/A/DesktopServicesPriv
0x00007fff6706c000 	/usr/lib/liblangid.dylib
0x00007fff48e86000 	/System/Library/PrivateFrameworks/CoreSVG.framework/Versions/A/CoreSVG
0x00007fff5e433000 	/System/Library/PrivateFrameworks/SkyLight.framework/Versions/A/SkyLight
0x00007fff3020e000 	/System/Library/Frameworks/CoreGraphics.framework/Versions/A/CoreGraphics
0x00007fff2b9f2000 	/System/Library/Frameworks/Accelerate.framework/Versions/A/Accelerate
0x00007fff68355000 	/usr/lib/libxml2.2.dylib
0x00007fff54b7d000 	/System/Library/PrivateFrameworks/IconServices.framework/Versions/A/IconServices
0x00007fff32c50000 	/System/Library/Frameworks/IOSurface.framework/Versions/A/IOSurface
0x00007fff659c2000 	/usr/lib/libDiagnosticMessagesClient.dylib
0x00007fff49a4b000 	/System/Library/PrivateFrameworks/DFRFoundation.framework/Versions/A/DFRFoundation
0x00007fff66dfb000 	/usr/lib/libicucore.A.dylib
0x00007fff2e1c3000 	/System/Library/Frameworks/AudioToolbox.framework/Versions/A/AudioToolbox
0x00007fff2e2a6000 	/System/Library/Frameworks/AudioUnit.framework/Versions/A/AudioUnit
0x00007fff66130000 	/usr/lib/libauto.dylib
0x00007fff49aed000 	/System/Library/PrivateFrameworks/DataDetectorsCore.framework/Versions/A/DataDetectorsCore
0x00007fff2ea4c000 	/System/Library/Frameworks/Carbon.framework/Versions/A/Frameworks/HIToolbox.framework/Versions/A/HIToolbox
0x00007fff3b739000 	/System/Library/Frameworks/QuartzCore.framework/Versions/A/QuartzCore
0x00007fff2ed8b000 	/System/Library/Frameworks/Carbon.framework/Versions/A/Frameworks/SpeechRecognition.framework/Versions/A/SpeechRecognition
0x00007fff4955f000 	/System/Library/PrivateFrameworks/CoreUI.framework/Versions/A/CoreUI
0x00007fff2f31a000 	/System/Library/Frameworks/CoreAudio.framework/Versions/A/CoreAudio
0x00007fff3212f000 	/System/Library/Frameworks/DiskArbitration.framework/Versions/A/DiskArbitration
0x00007fff56a32000 	/System/Library/PrivateFrameworks/MultitouchSupport.framework/Versions/A/MultitouchSupport
0x00007fff66cc0000 	/usr/lib/libenergytrace.dylib
0x00007fff32baa000 	/System/Library/Frameworks/IOKit.framework/Versions/A/IOKit
0x00007fff31199000 	/System/Library/Frameworks/CoreServices.framework/Versions/A/CoreServices
0x00007fff58bec000 	/System/Library/PrivateFrameworks/PerformanceAnalysis.framework/Versions/A/PerformanceAnalysis
0x00007fff3a76c000 	/System/Library/Frameworks/OpenGL.framework/Versions/A/OpenGL
0x00007fff2ef39000 	/System/Library/Frameworks/ColorSync.framework/Versions/A/ColorSync
0x00007fff308b4000 	/System/Library/Frameworks/CoreImage.framework/Versions/A/CoreImage
0x00007fff31c0d000 	/System/Library/Frameworks/CoreText.framework/Versions/A/CoreText
0x00007fff32ce0000 	/System/Library/Frameworks/ImageIO.framework/Versions/A/ImageIO
0x00007fff66290000 	/usr/lib/libcompression.dylib
0x00007fff65d06000 	/usr/lib/libMobileGestalt.dylib
0x00007fff5ffad000 	/System/Library/PrivateFrameworks/TextureIO.framework/Versions/A/TextureIO
0x00007fff65ffd000 	/usr/lib/libate.dylib
0x00007fff54d86000 	/System/Library/PrivateFrameworks/InternationalSupport.framework/Versions/A/InternationalSupport
0x00007fff6706e000 	/usr/lib/liblzma.5.dylib
0x00007fff66ce9000 	/usr/lib/libfakelink.dylib
0x00007fff65f8a000 	/usr/lib/libarchive.2.dylib
0x00007fff3d5f3000 	/System/Library/Frameworks/SystemConfiguration.framework/Versions/A/SystemConfiguration
0x00007fff658f5000 	/usr/lib/libCRFSuite.dylib
0x00007fff2e63d000 	/System/Library/Frameworks/CFNetwork.framework/Versions/A/CFNetwork
0x00007fff661f6000 	/usr/lib/libbsm.0.dylib
0x00007fff68f61000 	/usr/lib/system/libkxld.dylib
0x00007fff433ad000 	/System/Library/PrivateFrameworks/AppleFSCompression.framework/Versions/A/AppleFSCompression
0x00007fff66582000 	/usr/lib/libcoretls.dylib
0x00007fff66599000 	/usr/lib/libcoretls_cfhelpers.dylib
0x00007fff67dd6000 	/usr/lib/libpam.2.dylib
0x00007fff67f0b000 	/usr/lib/libsqlite3.dylib
0x00007fff68342000 	/usr/lib/libxar.1.dylib
0x00007fff66207000 	/usr/lib/libbz2.1.0.dylib
0x00007fff66d0a000 	/usr/lib/libiconv.2.dylib
0x00007fff6627d000 	/usr/lib/libcharset.1.dylib
0x00007fff67874000 	/usr/lib/libnetwork.dylib
0x00007fff67ddd000 	/usr/lib/libpcap.A.dylib
0x00007fff65f3f000 	/usr/lib/libapple_nghttp2.dylib
0x00007fff31550000 	/System/Library/Frameworks/CoreServices.framework/Versions/A/Frameworks/FSEvents.framework/Versions/A/FSEvents
0x00007fff31220000 	/System/Library/Frameworks/CoreServices.framework/Versions/A/Frameworks/CarbonCore.framework/Versions/A/CarbonCore
0x00007fff31795000 	/System/Library/Frameworks/CoreServices.framework/Versions/A/Frameworks/Metadata.framework/Versions/A/Metadata
0x00007fff3182e000 	/System/Library/Frameworks/CoreServices.framework/Versions/A/Frameworks/OSServices.framework/Versions/A/OSServices
0x00007fff3185c000 	/System/Library/Frameworks/CoreServices.framework/Versions/A/Frameworks/SearchKit.framework/Versions/A/SearchKit
0x00007fff3119a000 	/System/Library/Frameworks/CoreServices.framework/Versions/A/Frameworks/AE.framework/Versions/A/AE
0x00007fff31559000 	/System/Library/Frameworks/CoreServices.framework/Versions/A/Frameworks/LaunchServices.framework/Versions/A/LaunchServices
0x00007fff31502000 	/System/Library/Frameworks/CoreServices.framework/Versions/A/Frameworks/DictionaryServices.framework/Versions/A/DictionaryServices
0x00007fff318c4000 	/System/Library/Frameworks/CoreServices.framework/Versions/A/Frameworks/SharedFileList.framework/Versions/A/SharedFileList
0x00007fff3658b000 	/System/Library/Frameworks/NetFS.framework/Versions/A/NetFS
0x00007fff56f62000 	/System/Library/PrivateFrameworks/NetAuth.framework/Versions/A/NetAuth
0x00007fff62dd5000 	/System/Library/PrivateFrameworks/login.framework/Versions/A/Frameworks/loginsupport.framework/Versions/A/loginsupport
0x00007fff5fa78000 	/System/Library/PrivateFrameworks/TCC.framework/Versions/A/TCC
0x00007fff47fe3000 	/System/Library/PrivateFrameworks/CoreNLP.framework/Versions/A/CoreNLP
0x00007fff565ed000 	/System/Library/PrivateFrameworks/MetadataUtilities.framework/Versions/A/MetadataUtilities
0x00007fff67146000 	/usr/lib/libmecabra.dylib
0x00007fff6709e000 	/usr/lib/libmecab.dylib
0x00007fff66cfa000 	/usr/lib/libgermantok.dylib
0x00007fff65f26000 	/usr/lib/libThaiTokenizer.dylib
0x00007fff6592c000 	/usr/lib/libChineseTokenizer.dylib
0x00007fff2ba0b000 	/System/Library/Frameworks/Accelerate.framework/Versions/A/Frameworks/vImage.framework/Versions/A/vImage
0x00007fff2ced9000 	/System/Library/Frameworks/Accelerate.framework/Versions/A/Frameworks/vecLib.framework/Versions/A/vecLib
0x00007fff2cd5a000 	/System/Library/Frameworks/Accelerate.framework/Versions/A/Frameworks/vecLib.framework/Versions/A/libvMisc.dylib
0x00007fff2cbc7000 	/System/Library/Frameworks/Accelerate.framework/Versions/A/Frameworks/vecLib.framework/Versions/A/libvDSP.dylib
0x00007fff2c2a7000 	/System/Library/Frameworks/Accelerate.framework/Versions/A/Frameworks/vecLib.framework/Versions/A/libBLAS.dylib
0x00007fff2c77f000 	/System/Library/Frameworks/Accelerate.framework/Versions/A/Frameworks/vecLib.framework/Versions/A/libLAPACK.dylib
0x00007fff2cb27000 	/System/Library/Frameworks/Accelerate.framework/Versions/A/Frameworks/vecLib.framework/Versions/A/libLinearAlgebra.dylib
0x00007fff2cbb4000 	/System/Library/Frameworks/Accelerate.framework/Versions/A/Frameworks/vecLib.framework/Versions/A/libSparseBLAS.dylib
0x00007fff2cb3d000 	/System/Library/Frameworks/Accelerate.framework/Versions/A/Frameworks/vecLib.framework/Versions/A/libQuadrature.dylib
0x00007fff2c43d000 	/System/Library/Frameworks/Accelerate.framework/Versions/A/Frameworks/vecLib.framework/Versions/A/libBNNS.dylib
0x00007fff2cb43000 	/System/Library/Frameworks/Accelerate.framework/Versions/A/Frameworks/vecLib.framework/Versions/A/libSparse.dylib
0x00007fff55161000 	/System/Library/PrivateFrameworks/LanguageModeling.framework/Versions/A/LanguageModeling
0x00007fff47992000 	/System/Library/PrivateFrameworks/CoreEmoji.framework/Versions/A/CoreEmoji
0x00007fff5527f000 	/System/Library/PrivateFrameworks/LinguisticData.framework/Versions/A/LinguisticData
0x00007fff55230000 	/System/Library/PrivateFrameworks/Lexicon.framework/Versions/A/Lexicon
0x00007fff6627e000 	/usr/lib/libcmph.dylib
0x00007fff3917a000 	/System/Library/Frameworks/OpenDirectory.framework/Versions/A/Frameworks/CFOpenDirectory.framework/Versions/A/CFOpenDirectory
0x00007fff39197000 	/System/Library/Frameworks/OpenDirectory.framework/Versions/A/OpenDirectory
0x00007fff415dd000 	/System/Library/PrivateFrameworks/APFS.framework/Versions/A/APFS
0x00007fff3c88c000 	/System/Library/Frameworks/SecurityFoundation.framework/Versions/A/SecurityFoundation
0x00007fff6833e000 	/usr/lib/libutil.dylib
0x00007fff48ede000 	/System/Library/PrivateFrameworks/CoreServicesStore.framework/Versions/A/CoreServicesStore
0x00007fff3c943000 	/System/Library/Frameworks/ServiceManagement.framework/Versions/A/ServiceManagement
0x00007fff44b7f000 	/System/Library/PrivateFrameworks/BackgroundTaskManagement.framework/Versions/A/BackgroundTaskManagement
0x00007fff6843b000 	/usr/lib/libxslt.1.dylib
0x00007fff43a21000 	/System/Library/PrivateFrameworks/AppleSystemInfo.framework/Versions/A/AppleSystemInfo
0x00007fff32eff000 	/System/Library/Frameworks/ImageIO.framework/Versions/A/Resources/libJPEG.dylib
0x00007fff331be000 	/System/Library/Frameworks/ImageIO.framework/Versions/A/Resources/libTIFF.dylib
0x00007fff331a1000 	/System/Library/Frameworks/ImageIO.framework/Versions/A/Resources/libPng.dylib
0x00007fff32e41000 	/System/Library/Frameworks/ImageIO.framework/Versions/A/Resources/libGIF.dylib
0x00007fff32e45000 	/System/Library/Frameworks/ImageIO.framework/Versions/A/Resources/libJP2.dylib
0x00007fff331bc000 	/System/Library/Frameworks/ImageIO.framework/Versions/A/Resources/libRadiance.dylib
0x00007fff66cc1000 	/usr/lib/libexpat.1.dylib
0x00007fff43508000 	/System/Library/PrivateFrameworks/AppleJPEG.framework/Versions/A/AppleJPEG
0x00007fff4c1dd000 	/System/Library/PrivateFrameworks/FontServices.framework/libFontParser.dylib
0x00007fff61f27000 	/System/Library/PrivateFrameworks/WatchdogClient.framework/Versions/A/WatchdogClient
0x00007fff547c9000 	/System/Library/PrivateFrameworks/IOAccelerator.framework/Versions/A/IOAccelerator
0x00007fff356cb000 	/System/Library/Frameworks/MetalPerformanceShaders.framework/Versions/A/MetalPerformanceShaders
0x00007fff50f59000 	/System/Library/PrivateFrameworks/GPUWrangler.framework/Versions/A/GPUWrangler
0x00007fff547de000 	/System/Library/PrivateFrameworks/IOPresentment.framework/Versions/A/IOPresentment
0x00007fff49a5e000 	/System/Library/PrivateFrameworks/DSExternalDisplay.framework/Versions/A/DSExternalDisplay
0x00007fff39b0b000 	/System/Library/Frameworks/OpenGL.framework/Versions/A/Libraries/libCoreFSCache.dylib
0x00007fff35417000 	/System/Library/Frameworks/MetalPerformanceShaders.framework/Frameworks/MPSCore.framework/Versions/A/MPSCore
0x00007fff35455000 	/System/Library/Frameworks/MetalPerformanceShaders.framework/Frameworks/MPSImage.framework/Versions/A/MPSImage
0x00007fff3551c000 	/System/Library/Frameworks/MetalPerformanceShaders.framework/Frameworks/MPSNeuralNetwork.framework/Versions/A/MPSNeuralNetwork
0x00007fff354e0000 	/System/Library/Frameworks/MetalPerformanceShaders.framework/Frameworks/MPSMatrix.framework/Versions/A/MPSMatrix
0x00007fff3567b000 	/System/Library/Frameworks/MetalPerformanceShaders.framework/Frameworks/MPSRayIntersector.framework/Versions/A/MPSRayIntersector
0x00007fff35506000 	/System/Library/Frameworks/MetalPerformanceShaders.framework/Frameworks/MPSNDArray.framework/Versions/A/MPSNDArray
0x00007fff5663a000 	/System/Library/PrivateFrameworks/MetalTools.framework/Versions/A/MetalTools
0x00007fff427b7000 	/System/Library/PrivateFrameworks/AggregateDictionary.framework/Versions/A/AggregateDictionary
0x00007fff473d9000 	/System/Library/PrivateFrameworks/CoreAnalytics.framework/Versions/A/CoreAnalytics
0x00007fff4393f000 	/System/Library/PrivateFrameworks/AppleSauce.framework/Versions/A/AppleSauce
0x00007fff65be8000 	/usr/lib/libIOReport.dylib
0x00007fff31dc6000 	/System/Library/Frameworks/CoreVideo.framework/Versions/A/CoreVideo
0x00007fff523d2000 	/System/Library/PrivateFrameworks/GraphVisualizer.framework/Versions/A/GraphVisualizer
0x00007fff4b723000 	/System/Library/PrivateFrameworks/FaceCore.framework/Versions/A/FaceCore
0x00007fff39121000 	/System/Library/Frameworks/OpenCL.framework/Versions/A/OpenCL
0x00007fff65a0a000 	/usr/lib/libFosl_dynamic.dylib
0x00007fff57984000 	/System/Library/PrivateFrameworks/OTSVG.framework/Versions/A/OTSVG
0x00007fff2df96000 	/System/Library/Frameworks/ApplicationServices.framework/Versions/A/Frameworks/ATS.framework/Versions/A/Resources/libFontRegistry.dylib
0x00007fff4c3ad000 	/System/Library/PrivateFrameworks/FontServices.framework/libhvf.dylib
0x00007fff39b16000 	/System/Library/Frameworks/OpenGL.framework/Versions/A/Libraries/libGFXShared.dylib
0x00007fff39cf4000 	/System/Library/Frameworks/OpenGL.framework/Versions/A/Libraries/libGLU.dylib
0x00007fff39b1f000 	/System/Library/Frameworks/OpenGL.framework/Versions/A/Libraries/libGL.dylib
0x00007fff39b2a000 	/System/Library/Frameworks/OpenGL.framework/Versions/A/Libraries/libGLImage.dylib
0x00007fff39b08000 	/System/Library/Frameworks/OpenGL.framework/Versions/A/Libraries/libCVMSPluginSupport.dylib
0x00007fff39b11000 	/System/Library/Frameworks/OpenGL.framework/Versions/A/Libraries/libCoreVMClient.dylib
0x00007fff67715000 	/usr/lib/libncurses.5.4.dylib
0x00007fff2de92000 	/System/Library/Frameworks/ApplicationServices.framework/Versions/A/Frameworks/ATS.framework/Versions/A/ATS
0x00007fff2e05f000 	/System/Library/Frameworks/ApplicationServices.framework/Versions/A/Frameworks/ColorSyncLegacy.framework/Versions/A/ColorSyncLegacy
0x00007fff2e0fd000 	/System/Library/Frameworks/ApplicationServices.framework/Versions/A/Frameworks/HIServices.framework/Versions/A/HIServices
0x00007fff2e155000 	/System/Library/Frameworks/ApplicationServices.framework/Versions/A/Frameworks/LangAnalysis.framework/Versions/A/LangAnalysis
0x00007fff2e164000 	/System/Library/Frameworks/ApplicationServices.framework/Versions/A/Frameworks/PrintCore.framework/Versions/A/PrintCore
0x00007fff2e1aa000 	/System/Library/Frameworks/ApplicationServices.framework/Versions/A/Frameworks/QD.framework/Versions/A/QD
0x00007fff2e1b5000 	/System/Library/Frameworks/ApplicationServices.framework/Versions/A/Frameworks/SpeechSynthesis.framework/Versions/A/SpeechSynthesis
0x00007fff2e02f000 	/System/Library/Frameworks/ApplicationServices.framework/Versions/A/Frameworks/ATSUI.framework/Versions/A/ATSUI
0x00007fff66b57000 	/usr/lib/libcups.2.dylib
0x00007fff34766000 	/System/Library/Frameworks/Kerberos.framework/Versions/A/Kerberos
0x00007fff328a3000 	/System/Library/Frameworks/GSS.framework/Versions/A/GSS
0x00007fff67e97000 	/usr/lib/libresolv.9.dylib
0x00007fff5257f000 	/System/Library/PrivateFrameworks/Heimdal.framework/Versions/A/Heimdal
0x00007fff34779000 	/System/Library/Frameworks/Kerberos.framework/Versions/A/Libraries/libHeimdalProxy.dylib
0x00007fff66d00000 	/usr/lib/libheimdal-asn1.dylib
0x00007fff46871000 	/System/Library/PrivateFrameworks/CommonAuth.framework/Versions/A/CommonAuth
0x00007fff43abe000 	/System/Library/PrivateFrameworks/AssertionServices.framework/Versions/A/AssertionServices
0x00007fff44661000 	/System/Library/PrivateFrameworks/AudioToolboxCore.framework/Versions/A/AudioToolboxCore
0x00007fff62a85000 	/System/Library/PrivateFrameworks/caulk.framework/Versions/A/caulk
0x00007fff44c2b000 	/System/Library/PrivateFrameworks/BaseBoard.framework/Versions/A/BaseBoard
0x00007fff5bbe7000 	/System/Library/PrivateFrameworks/RunningBoardServices.framework/Versions/A/RunningBoardServices
0x00007fff58bf8000 	/System/Library/PrivateFrameworks/PersistentConnection.framework/Versions/A/PersistentConnection
0x00007fff5b5e0000 	/System/Library/PrivateFrameworks/ProtocolBuffer.framework/Versions/A/ProtocolBuffer
0x00007fff46895000 	/System/Library/PrivateFrameworks/CommonUtilities.framework/Versions/A/CommonUtilities
0x00007fff44db9000 	/System/Library/PrivateFrameworks/Bom.framework/Versions/A/Bom
0x00007fff658bb000 	/usr/lib/libAudioToolboxUtility.dylib
0x00007fff44b89000 	/System/Library/PrivateFrameworks/Backup.framework/Versions/A/Backup
0x00007fff4997f000 	/System/Library/PrivateFrameworks/CrashReporterSupport.framework/Versions/A/CrashReporterSupport
0x00007fff5cef7000 	/System/Library/PrivateFrameworks/Sharing.framework/Versions/A/Sharing
0x00007fff430cb000 	/System/Library/PrivateFrameworks/Apple80211.framework/Versions/A/Apple80211
0x00007fff448a6000 	/System/Library/PrivateFrameworks/AuthKit.framework/Versions/A/AuthKit
0x00007fff4968c000 	/System/Library/PrivateFrameworks/CoreUtils.framework/Versions/A/CoreUtils
0x00007fff31e0b000 	/System/Library/Frameworks/CoreWLAN.framework/Versions/A/CoreWLAN
0x00007fff32a30000 	/System/Library/Frameworks/IOBluetooth.framework/Versions/A/IOBluetooth
0x00007fff567b1000 	/System/Library/PrivateFrameworks/MobileKeyBag.framework/Versions/A/MobileKeyBag
0x00007fff4847b000 	/System/Library/PrivateFrameworks/CorePhoneNumbers.framework/Versions/A/CorePhoneNumbers
0x00007fff434bb000 	/System/Library/PrivateFrameworks/AppleIDAuthSupport.framework/Versions/A/AppleIDAuthSupport
0x00007fff36598000 	/System/Library/Frameworks/Network.framework/Versions/A/Network
0x00007fff5500d000 	/System/Library/PrivateFrameworks/KeychainCircle.framework/Versions/A/KeychainCircle
0x00007fff2f824000 	/System/Library/Frameworks/CoreBluetooth.framework/Versions/A/CoreBluetooth
0x00007fff5ef76000 	/System/Library/PrivateFrameworks/SpeechRecognitionCore.framework/Versions/A/SpeechRecognitionCore
0x0000000110000000 	/Library/Java/JavaVirtualMachines/zulu-17.jdk/Contents/Home/lib/server/libjvm.dylib
0x000000010f723000 	/Library/Java/JavaVirtualMachines/zulu-17.jdk/Contents/Home/lib/libjimage.dylib
0x000000010f735000 	/Library/Java/JavaVirtualMachines/zulu-17.jdk/Contents/Home/lib/libinstrument.dylib
0x000000010f749000 	/Library/Java/JavaVirtualMachines/zulu-17.jdk/Contents/Home/lib/libjava.dylib
0x000000010f7dc000 	/Library/Java/JavaVirtualMachines/zulu-17.jdk/Contents/Home/lib/libzip.dylib
0x0000000113f93000 	/Library/Java/JavaVirtualMachines/zulu-17.jdk/Contents/Home/lib/libnio.dylib
0x0000000113faf000 	/Library/Java/JavaVirtualMachines/zulu-17.jdk/Contents/Home/lib/libnet.dylib
0x0000000113fcf000 	/Library/Java/JavaVirtualMachines/zulu-17.jdk/Contents/Home/lib/libverify.dylib
0x000000010f7f0000 	/Users/Shoaib/.gradle/native/c067742578af261105cb4f569cf0c3c89f3d7b1fecec35dd04571415982c5e48/osx-amd64/libnative-platform.dylib
0x0000000113fe7000 	/Users/Shoaib/.gradle/native/100fb08df4bc3b14c8652ba06237920a3bd2aa13389f12d3474272988ae205f9/osx-amd64/libnative-platform-file-events.dylib
0x0000000114053000 	/Library/Java/JavaVirtualMachines/zulu-17.jdk/Contents/Home/lib/libmanagement.dylib
0x0000000114063000 	/Library/Java/JavaVirtualMachines/zulu-17.jdk/Contents/Home/lib/libmanagement_ext.dylib
0x0000000114073000 	/Library/Java/JavaVirtualMachines/zulu-17.jdk/Contents/Home/lib/libextnet.dylib


VM Arguments:
jvm_args: -XX:MaxMetaspaceSize=512m --add-opens=java.base/java.util=ALL-UNNAMED --add-opens=java.base/java.lang=ALL-UNNAMED --add-opens=java.base/java.lang.invoke=ALL-UNNAMED --add-opens=java.prefs/java.util.prefs=ALL-UNNAMED --add-opens=java.base/java.nio.charset=ALL-UNNAMED --add-opens=java.base/java.net=ALL-UNNAMED --add-opens=java.base/java.util.concurrent.atomic=ALL-UNNAMED -Xmx2048m -Dfile.encoding=UTF-8 -Duser.country=US -Duser.language=en -Duser.variant -javaagent:/Users/Shoaib/.gradle/wrapper/dists/gradle-8.8-all/6gdy1pgp427xkqcjbxw3ylt6h/gradle-8.8/lib/agents/gradle-instrumentation-agent-8.8.jar 
java_command: org.gradle.launcher.daemon.bootstrap.GradleDaemon 8.8
java_class_path (initial): /Users/Shoaib/.gradle/wrapper/dists/gradle-8.8-all/6gdy1pgp427xkqcjbxw3ylt6h/gradle-8.8/lib/gradle-launcher-8.8.jar
Launcher Type: SUN_STANDARD

[Global flags]
     intx CICompilerCount                          = 3                                         {product} {ergonomic}
   size_t CompressedClassSpaceSize                 = 436207616                                 {product} {ergonomic}
     uint ConcGCThreads                            = 1                                         {product} {ergonomic}
     uint G1ConcRefinementThreads                  = 4                                         {product} {ergonomic}
   size_t G1HeapRegionSize                         = 1048576                                   {product} {ergonomic}
    uintx GCDrainStackTargetSize                   = 64                                        {product} {ergonomic}
   size_t InitialHeapSize                          = 134217728                                 {product} {ergonomic}
   size_t MarkStackSize                            = 4194304                                   {product} {ergonomic}
   size_t MaxHeapSize                              = 2147483648                                {product} {command line}
   size_t MaxMetaspaceSize                         = 536870912                                 {product} {command line}
   size_t MaxNewSize                               = 1287651328                                {product} {ergonomic}
   size_t MinHeapDeltaBytes                        = 1048576                                   {product} {ergonomic}
   size_t MinHeapSize                              = 8388608                                   {product} {ergonomic}
    uintx NonNMethodCodeHeapSize                   = 5832780                                {pd product} {ergonomic}
    uintx NonProfiledCodeHeapSize                  = 122912730                              {pd product} {ergonomic}
    uintx ProfiledCodeHeapSize                     = 122912730                              {pd product} {ergonomic}
    uintx ReservedCodeCacheSize                    = 251658240                              {pd product} {ergonomic}
     bool SegmentedCodeCache                       = true                                      {product} {ergonomic}
   size_t SoftMaxHeapSize                          = 2147483648                             {manageable} {ergonomic}
     bool UseCompressedClassPointers               = true                           {product lp64_product} {ergonomic}
     bool UseCompressedOops                        = true                           {product lp64_product} {ergonomic}
     bool UseG1GC                                  = true                                      {product} {ergonomic}
     bool UseNUMA                                  = false                                     {product} {ergonomic}
     bool UseNUMAInterleaving                      = false                                     {product} {ergonomic}

Logging:
Log output configuration:
 #0: stdout all=warning uptime,level,tags
 #1: stderr all=off uptime,level,tags

Environment Variables:
JAVA_HOME=/Library/Java/JavaVirtualMachines/zulu-17.jdk/Contents/Home
PATH=/Users/Shoaib/Documents/SBNews/node_modules/.bin:/Users/Shoaib/Documents/SBNews/node_modules/.bin:/Users/Shoaib/Documents/node_modules/.bin:/Users/Shoaib/node_modules/.bin:/Users/node_modules/.bin:/node_modules/.bin:/Users/Shoaib/.npm-global/lib/node_modules/npm/node_modules/@npmcli/run-script/lib/node-gyp-bin:/Users/Shoaib/.npm-global/bin:/usr/local/opt/mongodb-community/bin:/opt/local/bin:/opt/local/sbin:/Library/Frameworks/Python.framework/Versions/3.11/bin:/Library/Frameworks/Python.framework/Versions/3.12/bin:/usr/local/bin:/usr/bin:/bin:/usr/sbin:/sbin:/Users/Shoaib/Library/Android/sdk/emulator:/Users/Shoaib/Library/Android/sdk/platform-tools:/Users/Shoaib/Library/Android/sdk/emulator:/Users/Shoaib/Library/Android/sdk/platform-tools
SHELL=/bin/zsh
LANG=en_US.UTF-8
TERM=xterm-256color
TMPDIR=/var/folders/zz/nxzr35r14118k1djxvv4jksw0000gn/T/

Active Locale:
LC_ALL=en_US.UTF-8
LC_COLLATE=en_US.UTF-8
LC_CTYPE=en_US.UTF-8
LC_MESSAGES=en_US.UTF-8
LC_MONETARY=en_US.UTF-8
LC_NUMERIC=en_US.UTF-8
LC_TIME=en_US.UTF-8

Signal Handlers:
   SIGSEGV: crash_handler in libjvm.dylib, mask=11100110000111110111111111111111, flags=SA_RESTART|SA_SIGINFO, unblocked
    SIGBUS: crash_handler in libjvm.dylib, mask=11100110000111110111111111111111, flags=SA_RESTART|SA_SIGINFO, unblocked
    SIGFPE: crash_handler in libjvm.dylib, mask=11100110000111110111111111111111, flags=SA_RESTART|SA_SIGINFO, unblocked
   SIGPIPE: javaSignalHandler in libjvm.dylib, mask=11100110000111110111111111111111, flags=SA_RESTART|SA_SIGINFO, blocked
   SIGXFSZ: javaSignalHandler in libjvm.dylib, mask=11100110000111110111111111111111, flags=SA_RESTART|SA_SIGINFO, blocked
    SIGILL: crash_handler in libjvm.dylib, mask=11100110000111110111111111111111, flags=SA_RESTART|SA_SIGINFO, unblocked
   SIGUSR2: SR_handler in libjvm.dylib, mask=00100000000000000000000000000000, flags=SA_RESTART|SA_SIGINFO, blocked
    SIGHUP: UserHandler in libjvm.dylib, mask=11100110000111110111111111111111, flags=SA_RESTART|SA_SIGINFO, blocked
    SIGINT: UserHandler in libjvm.dylib, mask=11100110000111110111111111111111, flags=SA_RESTART|SA_SIGINFO, blocked
   SIGTERM: UserHandler in libjvm.dylib, mask=11100110000111110111111111111111, flags=SA_RESTART|SA_SIGINFO, blocked
   SIGQUIT: UserHandler in libjvm.dylib, mask=11100110000111110111111111111111, flags=SA_RESTART|SA_SIGINFO, blocked
   SIGTRAP: crash_handler in libjvm.dylib, mask=11100110000111110111111111111111, flags=SA_RESTART|SA_SIGINFO, unblocked


Periodic native trim disabled


---------------  S Y S T E M  ---------------

OS:
uname: Darwin 19.6.0 Darwin Kernel Version 19.6.0: Tue Jun 21 21:18:39 PDT 2022; root:xnu-6153.141.66~1/RELEASE_X86_64 x86_64
OS uptime: 0 days 0:52 hours
rlimit (soft/hard): STACK 8192k/65532k , CORE 0k/infinity , NPROC 1392/2088 , NOFILE 10240/infinity , AS infinity/infinity , CPU infinity/infinity , DATA infinity/infinity , FSIZE infinity/infinity , MEMLOCK infinity/infinity , RSS infinity/infinity
load average: 3.22 5.14 8.71

CPU: total 4 (initial active 4) (2 cores per cpu, 2 threads per core) family 6 model 58 stepping 9 microcode 0x21, cx8, cmov, fxsr, ht, mmx, sse, sse2, sse3, ssse3, sse4.1, sse4.2, popcnt, tsc, tscinvbit, avx, aes, erms, clmul, vzeroupper, clflush
machdep.cpu.brand_string:Intel(R) Core(TM) i7-3520M CPU @ 2.90GHz
hw.cpufrequency:2900000000
hw.cpufrequency_min:2900000000
hw.cpufrequency_max:2900000000
hw.cachelinesize:64
hw.l1icachesize:32768
hw.l1dcachesize:32768
hw.l2cachesize:262144
hw.l3cachesize:4194304

Memory: 4k page, physical 8388608k(325680k free), swap 1048576k(901120k free)

vm_info: OpenJDK 64-Bit Server VM (17.0.10+7-LTS) for bsd-amd64 JRE (17.0.10+7-LTS) (Zulu17.48+15-CA), built on Jan  5 2024 06:38:19 by "zulu_re" with clang Apple LLVM 12.0.0 (clang-1200.0.32.29)

END.
