#
# A fatal error has been detected by the Java Runtime Environment:
#
#  SIGSEGV (0xb) at pc=0x000000012eac3000, pid=5348, tid=15875
#
# JRE version: OpenJDK Runtime Environment Zulu17.48+15-CA (17.0.10+7) (build 17.0.10+7-LTS)
# Java VM: OpenJDK 64-Bit Server VM Zulu17.48+15-CA (17.0.10+7-LTS, mixed mode, sharing, tiered, compressed oops, compressed class ptrs, g1 gc, bsd-amd64)
# Problematic frame:
# C  [libnative-platform-file-events.dylib+0x0]  __dso_handle+0x0
#
# No core dump will be written. Core dumps have been disabled. To enable core dumping, try "ulimit -c unlimited" before starting Java again
#
# If you would like to submit a bug report, please visit:
#   http://www.azul.com/support/
#

---------------  S U M M A R Y ------------

Command Line: -XX:MaxMetaspaceSize=512m --add-opens=java.base/java.util=ALL-UNNAMED --add-opens=java.base/java.lang=ALL-UNNAMED --add-opens=java.base/java.lang.invoke=ALL-UNNAMED --add-opens=java.prefs/java.util.prefs=ALL-UNNAMED --add-opens=java.base/java.nio.charset=ALL-UNNAMED --add-opens=java.base/java.net=ALL-UNNAMED --add-opens=java.base/java.util.concurrent.atomic=ALL-UNNAMED -Xmx2048m -Dfile.encoding=UTF-8 -Duser.country=US -Duser.language=en -Duser.variant -javaagent:/Users/Shoaib/.gradle/wrapper/dists/gradle-8.8-all/6gdy1pgp427xkqcjbxw3ylt6h/gradle-8.8/lib/agents/gradle-instrumentation-agent-8.8.jar org.gradle.launcher.daemon.bootstrap.GradleDaemon 8.8

Host: "MacBookPro9,2" x86_64 2900 MHz, 4 cores, 8G, Darwin 19.6.0, macOS 10.15.7 (19H2026)
Time: Wed Nov 27 07:45:25 2024 PKT elapsed time: 8.113906 seconds (0d 0h 0m 8s)

---------------  T H R E A D  ---------------

Current thread is native thread

Stack: [0x000070000ddc7000,0x000070000de47000],  sp=0x000070000de44298,  free space=500k
Native frames: (J=compiled Java code, j=interpreted, Vv=VM code, C=native code)
C  [libnative-platform-file-events.dylib+0x0]  __dso_handle+0x0
C  [libnative-platform-file-events.dylib+0x15c27]  void std::__1::__variant_detail::__ctor<std::__1::__variant_detail::__traits<FileEvent, ErrorEvent, PoisonPill> >::__generic_construct[abi:v160006]<std::__1::__variant_detail::__copy_constructor<std::__1::__variant_detail::__traits<FileEvent, ErrorEvent, PoisonPill>, (std::__1::__variant_detail::_Trait)1> const&>(std::__1::__variant_detail::__ctor<std::__1::__variant_detail::__traits<FileEvent, ErrorEvent, PoisonPill> >&, std::__1::__variant_detail::__copy_constructor<std::__1::__variant_detail::__traits<FileEvent, ErrorEvent, PoisonPill>, (std::__1::__variant_detail::_Trait)1> const&)+0x47
C  [libnative-platform-file-events.dylib+0x15b8a]  std::__1::__variant_detail::__copy_constructor<std::__1::__variant_detail::__traits<FileEvent, ErrorEvent, PoisonPill>, (std::__1::__variant_detail::_Trait)1>::__copy_constructor(std::__1::__variant_detail::__copy_constructor<std::__1::__variant_detail::__traits<FileEvent, ErrorEvent, PoisonPill>, (std::__1::__variant_detail::_Trait)1> const&)+0x2a
C  [libnative-platform-file-events.dylib+0x15b4d]  std::__1::__variant_detail::__assignment<std::__1::__variant_detail::__traits<FileEvent, ErrorEvent, PoisonPill> >::__assignment(std::__1::__variant_detail::__assignment<std::__1::__variant_detail::__traits<FileEvent, ErrorEvent, PoisonPill> > const&)+0x1d
C  [libnative-platform-file-events.dylib+0x15b1d]  std::__1::__variant_detail::__move_assignment<std::__1::__variant_detail::__traits<FileEvent, ErrorEvent, PoisonPill>, (std::__1::__variant_detail::_Trait)1>::__move_assignment(std::__1::__variant_detail::__move_assignment<std::__1::__variant_detail::__traits<FileEvent, ErrorEvent, PoisonPill>, (std::__1::__variant_detail::_Trait)1> const&)+0x1d
C  [libnative-platform-file-events.dylib+0x15aed]  std::__1::__variant_detail::__copy_assignment<std::__1::__variant_detail::__traits<FileEvent, ErrorEvent, PoisonPill>, (std::__1::__variant_detail::_Trait)1>::__copy_assignment(std::__1::__variant_detail::__copy_assignment<std::__1::__variant_detail::__traits<FileEvent, ErrorEvent, PoisonPill>, (std::__1::__variant_detail::_Trait)1> const&)+0x1d
C  [libnative-platform-file-events.dylib+0x15abd]  std::__1::__variant_detail::__impl<FileEvent, ErrorEvent, PoisonPill>::__impl(std::__1::__variant_detail::__impl<FileEvent, ErrorEvent, PoisonPill> const&)+0x1d
C  [libnative-platform-file-events.dylib+0x15a8d]  std::__1::__variant_detail::__impl<FileEvent, ErrorEvent, PoisonPill>::__impl(std::__1::__variant_detail::__impl<FileEvent, ErrorEvent, PoisonPill> const&)+0x1d
C  [libnative-platform-file-events.dylib+0x15a5d]  std::__1::variant<FileEvent, ErrorEvent, PoisonPill>::variant(std::__1::variant<FileEvent, ErrorEvent, PoisonPill> const&)+0x1d
C  [libnative-platform-file-events.dylib+0x15a2d]  std::__1::variant<FileEvent, ErrorEvent, PoisonPill>::variant(std::__1::variant<FileEvent, ErrorEvent, PoisonPill> const&)+0x1d
C  [libnative-platform-file-events.dylib+0x15a01]  void std::__1::allocator<std::__1::variant<FileEvent, ErrorEvent, PoisonPill> >::construct[abi:v160006]<std::__1::variant<FileEvent, ErrorEvent, PoisonPill>, std::__1::variant<FileEvent, ErrorEvent, PoisonPill> const&>(std::__1::variant<FileEvent, ErrorEvent, PoisonPill>*, std::__1::variant<FileEvent, ErrorEvent, PoisonPill> const&)+0x21
C  [libnative-platform-file-events.dylib+0x13805]  void std::__1::allocator_traits<std::__1::allocator<std::__1::variant<FileEvent, ErrorEvent, PoisonPill> > >::construct[abi:v160006]<std::__1::variant<FileEvent, ErrorEvent, PoisonPill>, std::__1::variant<FileEvent, ErrorEvent, PoisonPill> const&, void>(std::__1::allocator<std::__1::variant<FileEvent, ErrorEvent, PoisonPill> >&, std::__1::variant<FileEvent, ErrorEvent, PoisonPill>*, std::__1::variant<FileEvent, ErrorEvent, PoisonPill> const&)+0x25
C  [libnative-platform-file-events.dylib+0x133ef]  std::__1::deque<std::__1::variant<FileEvent, ErrorEvent, PoisonPill>, std::__1::allocator<std::__1::variant<FileEvent, ErrorEvent, PoisonPill> > >::push_back(std::__1::variant<FileEvent, ErrorEvent, PoisonPill> const&)+0x6f
C  [libnative-platform-file-events.dylib+0x1336d]  std::__1::queue<std::__1::variant<FileEvent, ErrorEvent, PoisonPill>, std::__1::deque<std::__1::variant<FileEvent, ErrorEvent, PoisonPill>, std::__1::allocator<std::__1::variant<FileEvent, ErrorEvent, PoisonPill> > > >::push[abi:v160006](std::__1::variant<FileEvent, ErrorEvent, PoisonPill> const&)+0x1d
C  [libnative-platform-file-events.dylib+0xd9d2]  BlockingQueue<std::__1::variant<FileEvent, ErrorEvent, PoisonPill> >::enqueue(std::__1::variant<FileEvent, ErrorEvent, PoisonPill> const&)+0x32
C  [libnative-platform-file-events.dylib+0xd809]  Server::handleEvents(unsigned long, char**, unsigned int const*, unsigned long long const*)+0xb9
C  [libnative-platform-file-events.dylib+0xd441]  handleEventsCallback(__FSEventStream const*, void*, unsigned long, void*, unsigned int const*, unsigned long long const*)+0x41
C  [FSEvents+0x2993]  implementation_callback_rpc+0xb19
C  [FSEvents+0x1dfe]  _Xcallback_rpc+0xe9
C  [FSEvents+0x1cf7]  FSEventsD2F_server+0x37
C  [FSEvents+0x1c61]  __create_d2f_port_source_block_invoke+0xe8
C  [libdispatch.dylib+0x2658]  _dispatch_client_callout+0x8
C  [libdispatch.dylib+0x4818]  _dispatch_continuation_pop+0x19e
C  [libdispatch.dylib+0x144be]  _dispatch_source_invoke+0x824
C  [libdispatch.dylib+0x7af6]  _dispatch_lane_serial_drain+0x107
C  [libdispatch.dylib+0x85d6]  _dispatch_lane_invoke+0x16b
C  [libdispatch.dylib+0x11c09]  _dispatch_workloop_worker_thread+0x254
C  [libsystem_pthread.dylib+0x2a3d]  _pthread_wqthread+0x122
C  [libsystem_pthread.dylib+0x1b77]  start_wqthread+0xf


siginfo: si_signo: 11 (SIGSEGV), si_code: 0 (unknown), si_addr: 0x0000000000000000

Registers:
RAX=0x000000012eac3000, RBX=0x000000010f5fe000, RCX=0x0000000000000000, RDX=0x000070000de44620
RSP=0x000070000de44298, RBP=0x000070000de442f0, RSI=0x00007fe57ba69c00, RDI=0x000070000de44308
R8 =0x0000000000003696, R9 =0x0000000000000000, R10=0x0000000000001315, R11=0x00007fe57b800000
R12=0x0000000000000000, R13=0x0000000000000001, R14=0x0000000000000000, R15=0x00007fe57a3ed580
RIP=0x000000012eac3000, EFLAGS=0x0000000000010206, ERR=0x0000000000000000
  TRAPNO=0x000000000000000d


Top of Stack: (sp=0x000070000de44298)
0x000070000de44298:   000000012ead8d8c 000070000de44308
0x000070000de442a8:   00007fe57ba69c00 000000012eac3000
0x000070000de442b8:   000000012eac3000 000000012eac3000
0x000070000de442c8:   000000012eac3000 000070000de44620
0x000070000de442d8:   00007fe57ba69c00 000070000de44308
0x000070000de442e8:   0000000000000000 000070000de44320
0x000070000de442f8:   000000012ead8c27 000070000de44320
0x000070000de44308:   000000012ead8bd5 000070000de44620
0x000070000de44318:   00007fe57ba69c00 000070000de44360
0x000070000de44328:   000000012ead8b8a 00007fe57ba69c00
0x000070000de44338:   000000012ead8849 0000000000000000
0x000070000de44348:   000070000de44420 000070000de44620
0x000070000de44358:   00007fe57ba69c00 000070000de44380
0x000070000de44368:   000000012ead8b4d 000070000de44620
0x000070000de44378:   00007fe57ba69c00 000070000de443a0
0x000070000de44388:   000000012ead8b1d 000070000de44620
0x000070000de44398:   00007fe57ba69c00 000070000de443c0
0x000070000de443a8:   000000012ead8aed 000070000de44620
0x000070000de443b8:   00007fe57ba69c00 000070000de443e0
0x000070000de443c8:   000000012ead8abd 000070000de44620
0x000070000de443d8:   00007fe57ba69c00 000070000de44400
0x000070000de443e8:   000000012ead8a8d 000070000de44620
0x000070000de443f8:   00007fe57ba69c00 000070000de44420
0x000070000de44408:   000000012ead8a5d 000070000de44620
0x000070000de44418:   00007fe57ba69c00 000070000de44440
0x000070000de44428:   000000012ead8a2d 000070000de44620
0x000070000de44438:   00007fe57ba69c00 000070000de44470
0x000070000de44448:   000000012ead8a01 00007fe57ba69c00
0x000070000de44458:   000070000de44620 00007fe57ba69c00
0x000070000de44468:   00007fe57c265928 000070000de444a0
0x000070000de44478:   000000012ead6805 0000000000000000
0x000070000de44488:   000070000de44620 00007fe57ba69c00 

Instructions: (pc=0x000000012eac3000)
0x000000012eac2f00:   ?? ?? ?? ?? ?? ?? ?? ?? ?? ?? ?? ?? ?? ?? ?? ??
0x000000012eac2f10:   ?? ?? ?? ?? ?? ?? ?? ?? ?? ?? ?? ?? ?? ?? ?? ??
0x000000012eac2f20:   ?? ?? ?? ?? ?? ?? ?? ?? ?? ?? ?? ?? ?? ?? ?? ??
0x000000012eac2f30:   ?? ?? ?? ?? ?? ?? ?? ?? ?? ?? ?? ?? ?? ?? ?? ??
0x000000012eac2f40:   ?? ?? ?? ?? ?? ?? ?? ?? ?? ?? ?? ?? ?? ?? ?? ??
0x000000012eac2f50:   ?? ?? ?? ?? ?? ?? ?? ?? ?? ?? ?? ?? ?? ?? ?? ??
0x000000012eac2f60:   ?? ?? ?? ?? ?? ?? ?? ?? ?? ?? ?? ?? ?? ?? ?? ??
0x000000012eac2f70:   ?? ?? ?? ?? ?? ?? ?? ?? ?? ?? ?? ?? ?? ?? ?? ??
0x000000012eac2f80:   ?? ?? ?? ?? ?? ?? ?? ?? ?? ?? ?? ?? ?? ?? ?? ??
0x000000012eac2f90:   ?? ?? ?? ?? ?? ?? ?? ?? ?? ?? ?? ?? ?? ?? ?? ??
0x000000012eac2fa0:   ?? ?? ?? ?? ?? ?? ?? ?? ?? ?? ?? ?? ?? ?? ?? ??
0x000000012eac2fb0:   ?? ?? ?? ?? ?? ?? ?? ?? ?? ?? ?? ?? ?? ?? ?? ??
0x000000012eac2fc0:   ?? ?? ?? ?? ?? ?? ?? ?? ?? ?? ?? ?? ?? ?? ?? ??
0x000000012eac2fd0:   ?? ?? ?? ?? ?? ?? ?? ?? ?? ?? ?? ?? ?? ?? ?? ??
0x000000012eac2fe0:   ?? ?? ?? ?? ?? ?? ?? ?? ?? ?? ?? ?? ?? ?? ?? ??
0x000000012eac2ff0:   ?? ?? ?? ?? ?? ?? ?? ?? ?? ?? ?? ?? ?? ?? ?? ??
0x000000012eac3000:   cf fa ed fe 07 00 00 01 03 00 00 00 06 00 00 00
0x000000012eac3010:   10 00 00 00 00 07 00 00 85 80 11 00 00 00 00 00
0x000000012eac3020:   19 00 00 00 78 02 00 00 5f 5f 54 45 58 54 00 00
0x000000012eac3030:   00 00 00 00 00 00 00 00 00 00 00 00 00 00 00 00
0x000000012eac3040:   00 c0 01 00 00 00 00 00 00 00 00 00 00 00 00 00
0x000000012eac3050:   00 c0 01 00 00 00 00 00 05 00 00 00 05 00 00 00
0x000000012eac3060:   07 00 00 00 00 00 00 00 5f 5f 74 65 78 74 00 00
0x000000012eac3070:   00 00 00 00 00 00 00 00 5f 5f 54 45 58 54 00 00
0x000000012eac3080:   00 00 00 00 00 00 00 00 80 19 00 00 00 00 00 00
0x000000012eac3090:   dc 7d 01 00 00 00 00 00 80 19 00 00 04 00 00 00
0x000000012eac30a0:   00 00 00 00 00 00 00 00 00 04 00 80 00 00 00 00
0x000000012eac30b0:   00 00 00 00 00 00 00 00 5f 5f 73 74 75 62 73 00
0x000000012eac30c0:   00 00 00 00 00 00 00 00 5f 5f 54 45 58 54 00 00
0x000000012eac30d0:   00 00 00 00 00 00 00 00 5c 97 01 00 00 00 00 00
0x000000012eac30e0:   ec 04 00 00 00 00 00 00 5c 97 01 00 00 00 00 00
0x000000012eac30f0:   00 00 00 00 00 00 00 00 08 04 00 80 00 00 00 00 



---------------  P R O C E S S  ---------------

VM state: not at safepoint (normal execution)

VM Mutex/Monitor currently owned by a thread: None

Heap address: 0x0000000780000000, size: 2048 MB, Compressed Oops mode: Zero based, Oop shift amount: 3

CDS archive(s) mapped at: [0x000000012f000000-0x000000012fbe8000-0x000000012fbe8000), size 12484608, SharedBaseAddress: 0x000000012f000000, ArchiveRelocationMode: 1.
Compressed class space mapped at: 0x0000000130000000-0x000000014a000000, reserved size: 436207616
Narrow klass base: 0x000000012f000000, Narrow klass shift: 0, Narrow klass range: 0x100000000

GC Precious Log:
<Skipped>

Heap:
 garbage-first heap   total 107520K, used 51875K [0x0000000780000000, 0x0000000800000000)
  region size 1024K, 22 young (22528K), 5 survivors (5120K)
 Metaspace       used 48404K, committed 48896K, reserved 491520K
  class space    used 6862K, committed 7104K, reserved 425984K

Heap Regions: E=young(eden), S=young(survivor), O=old, HS=humongous(starts), HC=humongous(continues), CS=collection set, F=free, OA=open archive, CA=closed archive, TAMS=top-at-mark-start (previous, next)
|   0|0x0000000780000000, 0x0000000780100000, 0x0000000780100000|100%|HS|  |TAMS 0x0000000780100000, 0x0000000780000000| Complete 
|   1|0x0000000780100000, 0x0000000780200000, 0x0000000780200000|100%|HC|  |TAMS 0x0000000780200000, 0x0000000780100000| Complete 
|   2|0x0000000780200000, 0x0000000780300000, 0x0000000780300000|100%|HC|  |TAMS 0x0000000780300000, 0x0000000780200000| Complete 
|   3|0x0000000780300000, 0x0000000780400000, 0x0000000780400000|100%|HC|  |TAMS 0x0000000780400000, 0x0000000780300000| Complete 
|   4|0x0000000780400000, 0x0000000780500000, 0x0000000780500000|100%| O|  |TAMS 0x0000000780500000, 0x0000000780400000| Untracked 
|   5|0x0000000780500000, 0x0000000780600000, 0x0000000780600000|100%| O|  |TAMS 0x0000000780600000, 0x0000000780500000| Untracked 
|   6|0x0000000780600000, 0x0000000780700000, 0x0000000780700000|100%| O|  |TAMS 0x0000000780700000, 0x0000000780600000| Untracked 
|   7|0x0000000780700000, 0x0000000780800000, 0x0000000780800000|100%| O|  |TAMS 0x0000000780800000, 0x0000000780700000| Untracked 
|   8|0x0000000780800000, 0x0000000780900000, 0x0000000780900000|100%|HS|  |TAMS 0x0000000780900000, 0x0000000780800000| Complete 
|   9|0x0000000780900000, 0x0000000780a00000, 0x0000000780a00000|100%| O|  |TAMS 0x0000000780a00000, 0x0000000780900000| Untracked 
|  10|0x0000000780a00000, 0x0000000780b00000, 0x0000000780b00000|100%| O|  |TAMS 0x0000000780b00000, 0x0000000780a00000| Untracked 
|  11|0x0000000780b00000, 0x0000000780c00000, 0x0000000780c00000|100%| O|  |TAMS 0x0000000780c00000, 0x0000000780b00000| Untracked 
|  12|0x0000000780c00000, 0x0000000780d00000, 0x0000000780d00000|100%| O|  |TAMS 0x0000000780d00000, 0x0000000780c00000| Untracked 
|  13|0x0000000780d00000, 0x0000000780e00000, 0x0000000780e00000|100%| O|  |TAMS 0x0000000780e00000, 0x0000000780d00000| Untracked 
|  14|0x0000000780e00000, 0x0000000780f00000, 0x0000000780f00000|100%| O|  |TAMS 0x0000000780f00000, 0x0000000780e00000| Untracked 
|  15|0x0000000780f00000, 0x0000000781000000, 0x0000000781000000|100%| O|  |TAMS 0x0000000780f00000, 0x0000000780f00000| Untracked 
|  16|0x0000000781000000, 0x0000000781100000, 0x0000000781100000|100%| O|  |TAMS 0x0000000781100000, 0x0000000781000000| Untracked 
|  17|0x0000000781100000, 0x0000000781200000, 0x0000000781200000|100%| O|  |TAMS 0x0000000781200000, 0x0000000781100000| Untracked 
|  18|0x0000000781200000, 0x0000000781300000, 0x0000000781300000|100%| O|  |TAMS 0x0000000781300000, 0x0000000781200000| Untracked 
|  19|0x0000000781300000, 0x0000000781400000, 0x0000000781400000|100%| O|  |TAMS 0x0000000781400000, 0x0000000781300000| Untracked 
|  20|0x0000000781400000, 0x0000000781500000, 0x0000000781500000|100%| O|  |TAMS 0x0000000781500000, 0x0000000781400000| Untracked 
|  21|0x0000000781500000, 0x0000000781600000, 0x0000000781600000|100%| O|  |TAMS 0x0000000781600000, 0x0000000781500000| Untracked 
|  22|0x0000000781600000, 0x0000000781700000, 0x0000000781700000|100%| O|  |TAMS 0x0000000781700000, 0x0000000781600000| Untracked 
|  23|0x0000000781700000, 0x0000000781800000, 0x0000000781800000|100%| O|  |TAMS 0x0000000781800000, 0x0000000781700000| Untracked 
|  24|0x0000000781800000, 0x0000000781900000, 0x0000000781900000|100%| O|  |TAMS 0x0000000781900000, 0x0000000781800000| Untracked 
|  25|0x0000000781900000, 0x0000000781a00000, 0x0000000781a00000|100%| O|  |TAMS 0x000000078195ea00, 0x0000000781900000| Untracked 
|  26|0x0000000781a00000, 0x0000000781b00000, 0x0000000781b00000|100%| O|  |TAMS 0x0000000781a00000, 0x0000000781a00000| Untracked 
|  27|0x0000000781b00000, 0x0000000781c00000, 0x0000000781c00000|100%| O|  |TAMS 0x0000000781b00000, 0x0000000781b00000| Untracked 
|  28|0x0000000781c00000, 0x0000000781cb2600, 0x0000000781d00000| 69%| O|  |TAMS 0x0000000781c00000, 0x0000000781c00000| Untracked 
|  29|0x0000000781d00000, 0x0000000781d00000, 0x0000000781e00000|  0%| F|  |TAMS 0x0000000781d00000, 0x0000000781d00000| Untracked 
|  30|0x0000000781e00000, 0x0000000781e00000, 0x0000000781f00000|  0%| F|  |TAMS 0x0000000781e00000, 0x0000000781e00000| Untracked 
|  31|0x0000000781f00000, 0x0000000781f00000, 0x0000000782000000|  0%| F|  |TAMS 0x0000000781f00000, 0x0000000781f00000| Untracked 
|  32|0x0000000782000000, 0x0000000782000000, 0x0000000782100000|  0%| F|  |TAMS 0x0000000782000000, 0x0000000782000000| Untracked 
|  33|0x0000000782100000, 0x0000000782100000, 0x0000000782200000|  0%| F|  |TAMS 0x0000000782100000, 0x0000000782100000| Untracked 
|  34|0x0000000782200000, 0x0000000782200000, 0x0000000782300000|  0%| F|  |TAMS 0x0000000782200000, 0x0000000782200000| Untracked 
|  35|0x0000000782300000, 0x0000000782300000, 0x0000000782400000|  0%| F|  |TAMS 0x0000000782300000, 0x0000000782300000| Untracked 
|  36|0x0000000782400000, 0x0000000782400000, 0x0000000782500000|  0%| F|  |TAMS 0x0000000782400000, 0x0000000782400000| Untracked 
|  37|0x0000000782500000, 0x0000000782500000, 0x0000000782600000|  0%| F|  |TAMS 0x0000000782500000, 0x0000000782500000| Untracked 
|  38|0x0000000782600000, 0x0000000782600000, 0x0000000782700000|  0%| F|  |TAMS 0x0000000782600000, 0x0000000782600000| Untracked 
|  39|0x0000000782700000, 0x0000000782700000, 0x0000000782800000|  0%| F|  |TAMS 0x0000000782700000, 0x0000000782700000| Untracked 
|  40|0x0000000782800000, 0x0000000782800000, 0x0000000782900000|  0%| F|  |TAMS 0x0000000782800000, 0x0000000782800000| Untracked 
|  41|0x0000000782900000, 0x0000000782900000, 0x0000000782a00000|  0%| F|  |TAMS 0x0000000782900000, 0x0000000782900000| Untracked 
|  42|0x0000000782a00000, 0x0000000782a00000, 0x0000000782b00000|  0%| F|  |TAMS 0x0000000782a00000, 0x0000000782a00000| Untracked 
|  43|0x0000000782b00000, 0x0000000782b00000, 0x0000000782c00000|  0%| F|  |TAMS 0x0000000782b00000, 0x0000000782b00000| Untracked 
|  44|0x0000000782c00000, 0x0000000782c00000, 0x0000000782d00000|  0%| F|  |TAMS 0x0000000782c00000, 0x0000000782c00000| Untracked 
|  45|0x0000000782d00000, 0x0000000782d7de70, 0x0000000782e00000| 49%| S|CS|TAMS 0x0000000782d00000, 0x0000000782d00000| Complete 
|  46|0x0000000782e00000, 0x0000000782f00000, 0x0000000782f00000|100%| S|CS|TAMS 0x0000000782e00000, 0x0000000782e00000| Complete 
|  47|0x0000000782f00000, 0x0000000783000000, 0x0000000783000000|100%| S|CS|TAMS 0x0000000782f00000, 0x0000000782f00000| Complete 
|  48|0x0000000783000000, 0x0000000783100000, 0x0000000783100000|100%| S|CS|TAMS 0x0000000783000000, 0x0000000783000000| Complete 
|  49|0x0000000783100000, 0x0000000783100000, 0x0000000783200000|  0%| F|  |TAMS 0x0000000783100000, 0x0000000783100000| Untracked 
|  50|0x0000000783200000, 0x0000000783200000, 0x0000000783300000|  0%| F|  |TAMS 0x0000000783200000, 0x0000000783200000| Untracked 
|  51|0x0000000783300000, 0x0000000783300000, 0x0000000783400000|  0%| F|  |TAMS 0x0000000783300000, 0x0000000783300000| Untracked 
|  52|0x0000000783400000, 0x0000000783500000, 0x0000000783500000|100%| S|CS|TAMS 0x0000000783400000, 0x0000000783400000| Complete 
|  53|0x0000000783500000, 0x0000000783500000, 0x0000000783600000|  0%| F|  |TAMS 0x0000000783500000, 0x0000000783500000| Untracked 
|  54|0x0000000783600000, 0x0000000783600000, 0x0000000783700000|  0%| F|  |TAMS 0x0000000783600000, 0x0000000783600000| Untracked 
|  55|0x0000000783700000, 0x0000000783700000, 0x0000000783800000|  0%| F|  |TAMS 0x0000000783700000, 0x0000000783700000| Untracked 
|  56|0x0000000783800000, 0x0000000783800000, 0x0000000783900000|  0%| F|  |TAMS 0x0000000783800000, 0x0000000783800000| Untracked 
|  57|0x0000000783900000, 0x0000000783900000, 0x0000000783a00000|  0%| F|  |TAMS 0x0000000783900000, 0x0000000783900000| Untracked 
|  58|0x0000000783a00000, 0x0000000783a00000, 0x0000000783b00000|  0%| F|  |TAMS 0x0000000783a00000, 0x0000000783a00000| Untracked 
|  59|0x0000000783b00000, 0x0000000783b00000, 0x0000000783c00000|  0%| F|  |TAMS 0x0000000783b00000, 0x0000000783b00000| Untracked 
|  60|0x0000000783c00000, 0x0000000783c00000, 0x0000000783d00000|  0%| F|  |TAMS 0x0000000783c00000, 0x0000000783c00000| Untracked 
|  61|0x0000000783d00000, 0x0000000783d00000, 0x0000000783e00000|  0%| F|  |TAMS 0x0000000783d00000, 0x0000000783d00000| Untracked 
|  62|0x0000000783e00000, 0x0000000783e00000, 0x0000000783f00000|  0%| F|  |TAMS 0x0000000783e00000, 0x0000000783e00000| Untracked 
|  63|0x0000000783f00000, 0x0000000783f00000, 0x0000000784000000|  0%| F|  |TAMS 0x0000000783f00000, 0x0000000783f00000| Untracked 
|  64|0x0000000784000000, 0x0000000784000000, 0x0000000784100000|  0%| F|  |TAMS 0x0000000784000000, 0x0000000784000000| Untracked 
|  65|0x0000000784100000, 0x0000000784100000, 0x0000000784200000|  0%| F|  |TAMS 0x0000000784100000, 0x0000000784100000| Untracked 
|  66|0x0000000784200000, 0x0000000784200000, 0x0000000784300000|  0%| F|  |TAMS 0x0000000784200000, 0x0000000784200000| Untracked 
|  67|0x0000000784300000, 0x0000000784300000, 0x0000000784400000|  0%| F|  |TAMS 0x0000000784300000, 0x0000000784300000| Untracked 
|  68|0x0000000784400000, 0x0000000784400000, 0x0000000784500000|  0%| F|  |TAMS 0x0000000784400000, 0x0000000784400000| Untracked 
|  69|0x0000000784500000, 0x0000000784500000, 0x0000000784600000|  0%| F|  |TAMS 0x0000000784500000, 0x0000000784500000| Untracked 
|  70|0x0000000784600000, 0x0000000784600000, 0x0000000784700000|  0%| F|  |TAMS 0x0000000784600000, 0x0000000784600000| Untracked 
|  71|0x0000000784700000, 0x0000000784700000, 0x0000000784800000|  0%| F|  |TAMS 0x0000000784700000, 0x0000000784700000| Untracked 
|  72|0x0000000784800000, 0x0000000784800000, 0x0000000784900000|  0%| F|  |TAMS 0x0000000784800000, 0x0000000784800000| Untracked 
|  73|0x0000000784900000, 0x0000000784900000, 0x0000000784a00000|  0%| F|  |TAMS 0x0000000784900000, 0x0000000784900000| Untracked 
|  74|0x0000000784a00000, 0x0000000784a00000, 0x0000000784b00000|  0%| F|  |TAMS 0x0000000784a00000, 0x0000000784a00000| Untracked 
|  75|0x0000000784b00000, 0x0000000784b00000, 0x0000000784c00000|  0%| F|  |TAMS 0x0000000784b00000, 0x0000000784b00000| Untracked 
|  76|0x0000000784c00000, 0x0000000784c00000, 0x0000000784d00000|  0%| F|  |TAMS 0x0000000784c00000, 0x0000000784c00000| Untracked 
|  77|0x0000000784d00000, 0x0000000784d00000, 0x0000000784e00000|  0%| F|  |TAMS 0x0000000784d00000, 0x0000000784d00000| Untracked 
|  78|0x0000000784e00000, 0x0000000784e00000, 0x0000000784f00000|  0%| F|  |TAMS 0x0000000784e00000, 0x0000000784e00000| Untracked 
|  79|0x0000000784f00000, 0x0000000784f00000, 0x0000000785000000|  0%| F|  |TAMS 0x0000000784f00000, 0x0000000784f00000| Untracked 
|  80|0x0000000785000000, 0x0000000785000000, 0x0000000785100000|  0%| F|  |TAMS 0x0000000785000000, 0x0000000785000000| Untracked 
|  81|0x0000000785100000, 0x0000000785100000, 0x0000000785200000|  0%| F|  |TAMS 0x0000000785100000, 0x0000000785100000| Untracked 
|  82|0x0000000785200000, 0x0000000785200000, 0x0000000785300000|  0%| F|  |TAMS 0x0000000785200000, 0x0000000785200000| Untracked 
|  83|0x0000000785300000, 0x0000000785300000, 0x0000000785400000|  0%| F|  |TAMS 0x0000000785300000, 0x0000000785300000| Untracked 
|  84|0x0000000785400000, 0x0000000785400000, 0x0000000785500000|  0%| F|  |TAMS 0x0000000785400000, 0x0000000785400000| Untracked 
|  85|0x0000000785500000, 0x0000000785500000, 0x0000000785600000|  0%| F|  |TAMS 0x0000000785500000, 0x0000000785500000| Untracked 
|  86|0x0000000785600000, 0x0000000785700000, 0x0000000785700000|100%| E|  |TAMS 0x0000000785600000, 0x0000000785600000| Complete 
|  87|0x0000000785700000, 0x0000000785800000, 0x0000000785800000|100%| E|CS|TAMS 0x0000000785700000, 0x0000000785700000| Complete 
|  88|0x0000000785800000, 0x0000000785900000, 0x0000000785900000|100%| E|CS|TAMS 0x0000000785800000, 0x0000000785800000| Complete 
|  89|0x0000000785900000, 0x0000000785a00000, 0x0000000785a00000|100%| E|CS|TAMS 0x0000000785900000, 0x0000000785900000| Complete 
|  90|0x0000000785a00000, 0x0000000785b00000, 0x0000000785b00000|100%| E|CS|TAMS 0x0000000785a00000, 0x0000000785a00000| Complete 
|  91|0x0000000785b00000, 0x0000000785c00000, 0x0000000785c00000|100%| E|CS|TAMS 0x0000000785b00000, 0x0000000785b00000| Complete 
|  92|0x0000000785c00000, 0x0000000785d00000, 0x0000000785d00000|100%| E|CS|TAMS 0x0000000785c00000, 0x0000000785c00000| Complete 
|  93|0x0000000785d00000, 0x0000000785e00000, 0x0000000785e00000|100%| E|CS|TAMS 0x0000000785d00000, 0x0000000785d00000| Complete 
|  94|0x0000000785e00000, 0x0000000785f00000, 0x0000000785f00000|100%| E|CS|TAMS 0x0000000785e00000, 0x0000000785e00000| Complete 
|  95|0x0000000785f00000, 0x0000000786000000, 0x0000000786000000|100%| E|CS|TAMS 0x0000000785f00000, 0x0000000785f00000| Complete 
|  96|0x0000000786000000, 0x0000000786100000, 0x0000000786100000|100%| E|CS|TAMS 0x0000000786000000, 0x0000000786000000| Complete 
|  97|0x0000000786100000, 0x0000000786200000, 0x0000000786200000|100%| E|CS|TAMS 0x0000000786100000, 0x0000000786100000| Complete 
|  98|0x0000000786200000, 0x0000000786300000, 0x0000000786300000|100%| E|CS|TAMS 0x0000000786200000, 0x0000000786200000| Complete 
|  99|0x0000000786300000, 0x0000000786400000, 0x0000000786400000|100%| E|CS|TAMS 0x0000000786300000, 0x0000000786300000| Complete 
| 100|0x0000000786400000, 0x0000000786500000, 0x0000000786500000|100%| E|CS|TAMS 0x0000000786400000, 0x0000000786400000| Complete 
| 101|0x0000000786500000, 0x0000000786600000, 0x0000000786600000|100%| E|CS|TAMS 0x0000000786500000, 0x0000000786500000| Complete 
| 127|0x0000000787f00000, 0x0000000788000000, 0x0000000788000000|100%| E|CS|TAMS 0x0000000787f00000, 0x0000000787f00000| Complete 
|2046|0x00000007ffe00000, 0x00000007ffe76000, 0x00000007fff00000| 46%|OA|  |TAMS 0x00000007ffe76000, 0x00000007ffe00000| Untracked 
|2047|0x00000007fff00000, 0x00000007fff74000, 0x0000000800000000| 45%|CA|  |TAMS 0x00000007fff74000, 0x00000007fff00000| Untracked 

Card table byte_map: [0x00000001115d2000,0x00000001119d2000] _byte_map_base: 0x000000010d9d2000

Marking Bits (Prev, Next): (CMBitMap*) 0x00007fe576809c10, (CMBitMap*) 0x00007fe576809c50
 Prev Bits: [0x0000000111dd2000, 0x0000000113dd2000)
 Next Bits: [0x0000000113dd2000, 0x0000000115dd2000)

Polling page: 0x000000010f5e7000

Metaspace:

Usage:
  Non-class:     40.59 MB used.
      Class:      6.71 MB used.
       Both:     47.30 MB used.

Virtual space:
  Non-class space:       64.00 MB reserved,      40.88 MB ( 64%) committed,  1 nodes.
      Class space:      416.00 MB reserved,       6.94 MB (  2%) committed,  1 nodes.
             Both:      480.00 MB reserved,      47.81 MB ( 10%) committed. 

Chunk freelists:
   Non-Class:  7.03 MB
       Class:  9.09 MB
        Both:  16.13 MB

MaxMetaspaceSize: 512.00 MB
CompressedClassSpaceSize: 416.00 MB
Initial GC threshold: 21.00 MB
Current GC threshold: 58.88 MB
CDS: on
MetaspaceReclaimPolicy: balanced
 - commit_granule_bytes: 65536.
 - commit_granule_words: 8192.
 - virtual_space_node_default_size: 8388608.
 - enlarge_chunks_in_place: 1.
 - new_chunks_are_fully_committed: 0.
 - uncommit_free_chunks: 1.
 - use_allocation_guard: 0.
 - handle_deallocations: 1.


Internal statistics:

num_allocs_failed_limit: 6.
num_arena_births: 600.
num_arena_deaths: 0.
num_vsnodes_births: 2.
num_vsnodes_deaths: 0.
num_space_committed: 765.
num_space_uncommitted: 0.
num_chunks_returned_to_freelist: 6.
num_chunks_taken_from_freelist: 2495.
num_chunk_merges: 6.
num_chunk_splits: 1693.
num_chunks_enlarged: 1209.
num_inconsistent_stats: 0.

CodeHeap 'non-profiled nmethods': size=120032Kb used=2764Kb max_used=2764Kb free=117267Kb
 bounds [0x000000012758b000, 0x000000012784b000, 0x000000012eac3000]
CodeHeap 'profiled nmethods': size=120028Kb used=9697Kb max_used=9697Kb free=110330Kb
 bounds [0x000000011fac3000, 0x0000000120443000, 0x0000000126ffa000]
CodeHeap 'non-nmethods': size=5700Kb used=2324Kb max_used=2355Kb free=3375Kb
 bounds [0x0000000126ffa000, 0x000000012726a000, 0x000000012758b000]
 total_blobs=5737 nmethods=4891 adapters=759
 compilation: enabled
              stopped_count=0, restarted_count=0
 full_count=0

Compilation events (20 events):
Event: 8.105 Thread 0x00007fe575848c00 4887       3       org.gradle.cache.internal.btree.BlockPayload::getPos (8 bytes)
Event: 8.106 Thread 0x00007fe575848c00 nmethod 4887 0x0000000120434710 code [0x0000000120434900, 0x0000000120434ec0]
Event: 8.106 Thread 0x00007fe575848c00 4888       3       sun.nio.fs.UnixPath::getFileName (5 bytes)
Event: 8.106 Thread 0x00007fe575848c00 nmethod 4888 0x0000000120435110 code [0x00000001204352c0, 0x0000000120435400]
Event: 8.106 Thread 0x00007fe575848c00 4889       3       sun.nio.fs.UnixPath::getFileName (90 bytes)
Event: 8.106 Thread 0x00007fe575848c00 nmethod 4889 0x0000000120435490 code [0x00000001204356a0, 0x0000000120435d10]
Event: 8.106 Thread 0x00007fe575848c00 4890   !   3       org.gradle.cache.internal.LockOnDemandCrossProcessCacheAccess::incrementLockCount (193 bytes)
Event: 8.108 Thread 0x00007fe575848c00 nmethod 4890 0x0000000120435f90 code [0x00000001204362c0, 0x0000000120437430]
Event: 8.108 Thread 0x00007fe575848c00 4885       3       org.gradle.cache.internal.btree.BlockPayload::<init> (5 bytes)
Event: 8.108 Thread 0x00007fe575848c00 nmethod 4885 0x0000000120437f10 code [0x00000001204380c0, 0x0000000120438210]
Event: 8.108 Thread 0x00007fe575848c00 4891       1       org.gradle.api.internal.changedetection.state.CachingFileHasher$FileInfo::getHash (5 bytes)
Event: 8.108 Thread 0x00007fe575848c00 nmethod 4891 0x000000012783bd90 code [0x000000012783bf20, 0x000000012783bff0]
Event: 8.108 Thread 0x00007fe575848c00 4892       1       org.gradle.internal.file.impl.DefaultFileMetadata::getAccessType (5 bytes)
Event: 8.108 Thread 0x00007fe575848c00 nmethod 4892 0x000000012783c090 code [0x000000012783c220, 0x000000012783c2f0]
Event: 8.108 Thread 0x00007fe575848c00 4893       1       org.gradle.api.internal.changedetection.state.CachingFileHasher$FileInfo::access$200 (5 bytes)
Event: 8.109 Thread 0x00007fe575848c00 nmethod 4893 0x000000012783c390 code [0x000000012783c520, 0x000000012783c5d0]
Event: 8.109 Thread 0x00007fe575848c00 4894       1       org.gradle.api.internal.changedetection.state.CachingFileHasher$FileInfo::access$100 (5 bytes)
Event: 8.109 Thread 0x00007fe575848c00 nmethod 4894 0x000000012783c690 code [0x000000012783c820, 0x000000012783c8d0]
Event: 8.109 Thread 0x00007fe575848c00 4895       1       org.gradle.cache.internal.btree.BTreePersistentIndexedCache$IndexBlock::getType (3 bytes)
Event: 8.109 Thread 0x00007fe575848c00 nmethod 4895 0x000000012783c990 code [0x000000012783cb20, 0x000000012783cbf0]

GC Heap History (20 events):
Event: 0.966 GC heap before
{Heap before GC invocations=1 (full 0):
 garbage-first heap   total 133120K, used 28570K [0x0000000780000000, 0x0000000800000000)
  region size 1024K, 24 young (24576K), 2 survivors (2048K)
 Metaspace       used 4037K, committed 4224K, reserved 491520K
  class space    used 519K, committed 640K, reserved 425984K
}
Event: 0.972 GC heap after
{Heap after GC invocations=2 (full 0):
 garbage-first heap   total 133120K, used 11854K [0x0000000780000000, 0x0000000800000000)
  region size 1024K, 3 young (3072K), 3 survivors (3072K)
 Metaspace       used 4037K, committed 4224K, reserved 491520K
  class space    used 519K, committed 640K, reserved 425984K
}
Event: 1.326 GC heap before
{Heap before GC invocations=2 (full 0):
 garbage-first heap   total 133120K, used 40526K [0x0000000780000000, 0x0000000800000000)
  region size 1024K, 29 young (29696K), 3 survivors (3072K)
 Metaspace       used 4639K, committed 4864K, reserved 491520K
  class space    used 625K, committed 768K, reserved 425984K
}
Event: 1.331 GC heap after
{Heap after GC invocations=3 (full 0):
 garbage-first heap   total 133120K, used 17048K [0x0000000780000000, 0x0000000800000000)
  region size 1024K, 4 young (4096K), 4 survivors (4096K)
 Metaspace       used 4639K, committed 4864K, reserved 491520K
  class space    used 625K, committed 768K, reserved 425984K
}
Event: 2.956 GC heap before
{Heap before GC invocations=3 (full 0):
 garbage-first heap   total 133120K, used 90776K [0x0000000780000000, 0x0000000800000000)
  region size 1024K, 76 young (77824K), 4 survivors (4096K)
 Metaspace       used 17715K, committed 17920K, reserved 491520K
  class space    used 2585K, committed 2688K, reserved 425984K
}
Event: 2.968 GC heap after
{Heap after GC invocations=4 (full 0):
 garbage-first heap   total 133120K, used 22433K [0x0000000780000000, 0x0000000800000000)
  region size 1024K, 10 young (10240K), 10 survivors (10240K)
 Metaspace       used 17715K, committed 17920K, reserved 491520K
  class space    used 2585K, committed 2688K, reserved 425984K
}
Event: 3.487 GC heap before
{Heap before GC invocations=4 (full 0):
 garbage-first heap   total 133120K, used 48033K [0x0000000780000000, 0x0000000800000000)
  region size 1024K, 36 young (36864K), 10 survivors (10240K)
 Metaspace       used 21260K, committed 21504K, reserved 491520K
  class space    used 3147K, committed 3264K, reserved 425984K
}
Event: 3.496 GC heap after
{Heap after GC invocations=5 (full 0):
 garbage-first heap   total 133120K, used 23794K [0x0000000780000000, 0x0000000800000000)
  region size 1024K, 7 young (7168K), 7 survivors (7168K)
 Metaspace       used 21260K, committed 21504K, reserved 491520K
  class space    used 3147K, committed 3264K, reserved 425984K
}
Event: 4.414 GC heap before
{Heap before GC invocations=6 (full 0):
 garbage-first heap   total 89088K, used 69874K [0x0000000780000000, 0x0000000800000000)
  region size 1024K, 52 young (53248K), 7 survivors (7168K)
 Metaspace       used 27019K, committed 27328K, reserved 491520K
  class space    used 3982K, committed 4096K, reserved 425984K
}
Event: 4.427 GC heap after
{Heap after GC invocations=7 (full 0):
 garbage-first heap   total 89088K, used 26705K [0x0000000780000000, 0x0000000800000000)
  region size 1024K, 5 young (5120K), 5 survivors (5120K)
 Metaspace       used 27019K, committed 27328K, reserved 491520K
  class space    used 3982K, committed 4096K, reserved 425984K
}
Event: 4.452 GC heap before
{Heap before GC invocations=7 (full 0):
 garbage-first heap   total 89088K, used 27729K [0x0000000780000000, 0x0000000800000000)
  region size 1024K, 6 young (6144K), 5 survivors (5120K)
 Metaspace       used 27159K, committed 27520K, reserved 491520K
  class space    used 3997K, committed 4160K, reserved 425984K
}
Event: 4.459 GC heap after
{Heap after GC invocations=8 (full 0):
 garbage-first heap   total 107520K, used 26747K [0x0000000780000000, 0x0000000800000000)
  region size 1024K, 1 young (1024K), 1 survivors (1024K)
 Metaspace       used 27159K, committed 27520K, reserved 491520K
  class space    used 3997K, committed 4160K, reserved 425984K
}
Event: 5.576 GC heap before
{Heap before GC invocations=8 (full 0):
 garbage-first heap   total 107520K, used 84091K [0x0000000780000000, 0x0000000800000000)
  region size 1024K, 53 young (54272K), 1 survivors (1024K)
 Metaspace       used 34200K, committed 34688K, reserved 491520K
  class space    used 4815K, committed 5056K, reserved 425984K
}
Event: 5.584 GC heap after
{Heap after GC invocations=9 (full 0):
 garbage-first heap   total 107520K, used 30869K [0x0000000780000000, 0x0000000800000000)
  region size 1024K, 5 young (5120K), 5 survivors (5120K)
 Metaspace       used 34200K, committed 34688K, reserved 491520K
  class space    used 4815K, committed 5056K, reserved 425984K
}
Event: 5.852 GC heap before
{Heap before GC invocations=9 (full 0):
 garbage-first heap   total 107520K, used 42133K [0x0000000780000000, 0x0000000800000000)
  region size 1024K, 17 young (17408K), 5 survivors (5120K)
 Metaspace       used 35556K, committed 35968K, reserved 491520K
  class space    used 5027K, committed 5248K, reserved 425984K
}
Event: 5.860 GC heap after
{Heap after GC invocations=10 (full 0):
 garbage-first heap   total 107520K, used 31589K [0x0000000780000000, 0x0000000800000000)
  region size 1024K, 2 young (2048K), 2 survivors (2048K)
 Metaspace       used 35556K, committed 35968K, reserved 491520K
  class space    used 5027K, committed 5248K, reserved 425984K
}
Event: 6.825 GC heap before
{Heap before GC invocations=11 (full 0):
 garbage-first heap   total 107520K, used 81765K [0x0000000780000000, 0x0000000800000000)
  region size 1024K, 51 young (52224K), 2 survivors (2048K)
 Metaspace       used 40173K, committed 40704K, reserved 491520K
  class space    used 5761K, committed 6016K, reserved 425984K
}
Event: 6.830 GC heap after
{Heap after GC invocations=12 (full 0):
 garbage-first heap   total 107520K, used 33080K [0x0000000780000000, 0x0000000800000000)
  region size 1024K, 3 young (3072K), 3 survivors (3072K)
 Metaspace       used 40173K, committed 40704K, reserved 491520K
  class space    used 5761K, committed 6016K, reserved 425984K
}
Event: 7.669 GC heap before
{Heap before GC invocations=12 (full 0):
 garbage-first heap   total 107520K, used 86328K [0x0000000780000000, 0x0000000800000000)
  region size 1024K, 53 young (54272K), 3 survivors (3072K)
 Metaspace       used 46095K, committed 46656K, reserved 491520K
  class space    used 6536K, committed 6784K, reserved 425984K
}
Event: 7.676 GC heap after
{Heap after GC invocations=13 (full 0):
 garbage-first heap   total 107520K, used 34921K [0x0000000780000000, 0x0000000800000000)
  region size 1024K, 5 young (5120K), 5 survivors (5120K)
 Metaspace       used 46095K, committed 46656K, reserved 491520K
  class space    used 6536K, committed 6784K, reserved 425984K
}

Dll operation events (13 events):
Event: 0.011 Loaded shared library /Library/Java/JavaVirtualMachines/zulu-17.jdk/Contents/Home/lib/libjava.dylib
Event: 0.084 Loaded shared library /Library/Java/JavaVirtualMachines/zulu-17.jdk/Contents/Home/lib/libzip.dylib
Event: 0.085 Loaded shared library /Library/Java/JavaVirtualMachines/zulu-17.jdk/Contents/Home/lib/libinstrument.dylib
Event: 0.089 Loaded shared library /Library/Java/JavaVirtualMachines/zulu-17.jdk/Contents/Home/lib/libnio.dylib
Event: 0.095 Loaded shared library /Library/Java/JavaVirtualMachines/zulu-17.jdk/Contents/Home/lib/libzip.dylib
Event: 0.316 Loaded shared library /Library/Java/JavaVirtualMachines/zulu-17.jdk/Contents/Home/lib/libjimage.dylib
Event: 0.453 Loaded shared library /Library/Java/JavaVirtualMachines/zulu-17.jdk/Contents/Home/lib/libverify.dylib
Event: 0.644 Loaded shared library /Library/Java/JavaVirtualMachines/zulu-17.jdk/Contents/Home/lib/libnet.dylib
Event: 0.659 Loaded shared library /Users/Shoaib/.gradle/native/c067742578af261105cb4f569cf0c3c89f3d7b1fecec35dd04571415982c5e48/osx-amd64/libnative-platform.dylib
Event: 0.669 Loaded shared library /Users/Shoaib/.gradle/native/100fb08df4bc3b14c8652ba06237920a3bd2aa13389f12d3474272988ae205f9/osx-amd64/libnative-platform-file-events.dylib
Event: 1.496 Loaded shared library /Library/Java/JavaVirtualMachines/zulu-17.jdk/Contents/Home/lib/libmanagement.dylib
Event: 1.498 Loaded shared library /Library/Java/JavaVirtualMachines/zulu-17.jdk/Contents/Home/lib/libmanagement_ext.dylib
Event: 1.635 Loaded shared library /Library/Java/JavaVirtualMachines/zulu-17.jdk/Contents/Home/lib/libextnet.dylib

Deoptimization events (20 events):
Event: 7.893 Thread 0x00007fe57893da00 Uncommon trap: trap_request=0xffffffc6 fr.pc=0x0000000127717f28 relative=0x0000000000001208
Event: 7.893 Thread 0x00007fe57893da00 Uncommon trap: reason=bimorphic_or_optimized_type_check action=maybe_recompile pc=0x0000000127717f28 method=java.util.HashMap.putVal(ILjava/lang/Object;Ljava/lang/Object;ZZ)Ljava/lang/Object; @ 56 c2
Event: 7.893 Thread 0x00007fe57893da00 DEOPT PACKING pc=0x0000000127717f28 sp=0x000070000f1fb6e0
Event: 7.893 Thread 0x00007fe57893da00 DEOPT UNPACKING pc=0x0000000127050699 sp=0x000070000f1fb668 mode 2
Event: 7.893 Thread 0x00007fe57893da00 Uncommon trap: trap_request=0xffffffc6 fr.pc=0x0000000127717f28 relative=0x0000000000001208
Event: 7.893 Thread 0x00007fe57893da00 Uncommon trap: reason=bimorphic_or_optimized_type_check action=maybe_recompile pc=0x0000000127717f28 method=java.util.HashMap.putVal(ILjava/lang/Object;Ljava/lang/Object;ZZ)Ljava/lang/Object; @ 56 c2
Event: 7.893 Thread 0x00007fe57893da00 DEOPT PACKING pc=0x0000000127717f28 sp=0x000070000f1fb6e0
Event: 7.893 Thread 0x00007fe57893da00 DEOPT UNPACKING pc=0x0000000127050699 sp=0x000070000f1fb668 mode 2
Event: 7.893 Thread 0x00007fe57893da00 Uncommon trap: trap_request=0xffffffc6 fr.pc=0x0000000127717fd8 relative=0x00000000000012b8
Event: 7.893 Thread 0x00007fe57893da00 Uncommon trap: reason=bimorphic_or_optimized_type_check action=maybe_recompile pc=0x0000000127717fd8 method=java.util.HashMap.putVal(ILjava/lang/Object;Ljava/lang/Object;ZZ)Ljava/lang/Object; @ 152 c2
Event: 7.893 Thread 0x00007fe57893da00 DEOPT PACKING pc=0x0000000127717fd8 sp=0x000070000f1fb6e0
Event: 7.893 Thread 0x00007fe57893da00 DEOPT UNPACKING pc=0x0000000127050699 sp=0x000070000f1fb670 mode 2
Event: 7.893 Thread 0x00007fe57893da00 Uncommon trap: trap_request=0xffffffc6 fr.pc=0x0000000127717f28 relative=0x0000000000001208
Event: 7.893 Thread 0x00007fe57893da00 Uncommon trap: reason=bimorphic_or_optimized_type_check action=maybe_recompile pc=0x0000000127717f28 method=java.util.HashMap.putVal(ILjava/lang/Object;Ljava/lang/Object;ZZ)Ljava/lang/Object; @ 56 c2
Event: 7.893 Thread 0x00007fe57893da00 DEOPT PACKING pc=0x0000000127717f28 sp=0x000070000f1fb6e0
Event: 7.893 Thread 0x00007fe57893da00 DEOPT UNPACKING pc=0x0000000127050699 sp=0x000070000f1fb668 mode 2
Event: 8.035 Thread 0x00007fe57893da00 Uncommon trap: trap_request=0xffffff45 fr.pc=0x000000012759aa18 relative=0x0000000000000078
Event: 8.035 Thread 0x00007fe57893da00 Uncommon trap: reason=unstable_if action=reinterpret pc=0x000000012759aa18 method=java.lang.String.isLatin1()Z @ 10 c2
Event: 8.035 Thread 0x00007fe57893da00 DEOPT PACKING pc=0x000000012759aa18 sp=0x000070000f1fbca0
Event: 8.035 Thread 0x00007fe57893da00 DEOPT UNPACKING pc=0x0000000127050699 sp=0x000070000f1fbc00 mode 2

Classes unloaded (0 events):
No events

Classes redefined (0 events):
No events

Internal exceptions (20 events):
Event: 6.242 Thread 0x00007fe57893da00 Exception <a 'java/lang/NoSuchMethodError'{0x00000007851488c0}: 'java.lang.Object java.lang.invoke.DirectMethodHandle$Holder.newInvokeSpecial(java.lang.Object, java.lang.Object, java.lang.Object, long)'> (0x00000007851488c0) 
thrown [src/hotspot/share/interpreter/linkResolver.cpp, line 759]
Event: 6.242 Thread 0x00007fe57893da00 Exception <a 'java/lang/NoSuchMethodError'{0x000000078514de50}: 'java.lang.Object java.lang.invoke.DirectMethodHandle$Holder.invokeSpecial(java.lang.Object, java.lang.Object, java.lang.Object, java.lang.Object, long)'> (0x000000078514de50) 
thrown [src/hotspot/share/interpreter/linkResolver.cpp, line 759]
Event: 6.243 Thread 0x00007fe57893da00 Exception <a 'java/lang/NoSuchMethodError'{0x0000000785152ac8}: 'java.lang.Object java.lang.invoke.Invokers$Holder.linkToTargetMethod(java.lang.Object, java.lang.Object, long, java.lang.Object)'> (0x0000000785152ac8) 
thrown [src/hotspot/share/interpreter/linkResolver.cpp, line 759]
Event: 6.336 Thread 0x00007fe57893da00 Implicit null exception at 0x00000001276ecbec to 0x00000001276ecc9c
Event: 6.498 Thread 0x00007fe57893da00 Exception <a 'java/lang/NoSuchMethodError'{0x00000007845c4688}: 'java.lang.Object java.lang.invoke.DirectMethodHandle$Holder.newInvokeSpecial(java.lang.Object, int, java.lang.Object)'> (0x00000007845c4688) 
thrown [src/hotspot/share/interpreter/linkResolver.cpp, line 759]
Event: 6.725 Thread 0x00007fe57893da00 Exception <a 'java/lang/NoSuchMethodError'{0x000000078382ea58}: 'int java.lang.invoke.DirectMethodHandle$Holder.invokeSpecialIFC(java.lang.Object, java.lang.Object, java.lang.Object)'> (0x000000078382ea58) 
thrown [src/hotspot/share/interpreter/linkResolver.cpp, line 759]
Event: 6.806 Thread 0x00007fe57893da00 Exception <a 'java/lang/NoSuchMethodError'{0x00000007834448e8}: 'java.lang.Object java.lang.invoke.DirectMethodHandle$Holder.newInvokeSpecial(java.lang.Object, java.lang.Object, java.lang.Object, java.lang.Object, java.lang.Object, int)'> (0x00000007834448e8) 
thrown [src/hotspot/share/interpreter/linkResolver.cpp, line 759]
Event: 6.807 Thread 0x00007fe57893da00 Exception <a 'java/lang/NoSuchMethodError'{0x000000078344a290}: 'java.lang.Object java.lang.invoke.DirectMethodHandle$Holder.invokeSpecial(java.lang.Object, java.lang.Object, java.lang.Object, java.lang.Object, java.lang.Object, java.lang.Object, int)'> (0x000000078344a290) 
thrown [src/hotspot/share/interpreter/linkResolver.cpp, line 759]
Event: 6.807 Thread 0x00007fe57893da00 Exception <a 'java/lang/NoSuchMethodError'{0x000000078344f5c0}: 'java.lang.Object java.lang.invoke.Invokers$Holder.linkToTargetMethod(java.lang.Object, java.lang.Object, java.lang.Object, java.lang.Object, int, java.lang.Object)'> (0x000000078344f5c0) 
thrown [src/hotspot/share/interpreter/linkResolver.cpp, line 759]
Event: 6.819 Thread 0x00007fe57893da00 Exception <a 'java/lang/NoSuchMethodError'{0x00000007834b3eb0}: 'java.lang.Object java.lang.invoke.DirectMethodHandle$Holder.invokeSpecial(java.lang.Object, java.lang.Object, java.lang.Object, java.lang.Object, java.lang.Object, long)'> (0x00000007834b3eb0) 
thrown [src/hotspot/share/interpreter/linkResolver.cpp, line 759]
Event: 6.822 Thread 0x00007fe57893da00 Exception <a 'java/lang/NoSuchMethodError'{0x00000007834e0008}: 'void java.lang.invoke.DirectMethodHandle$Holder.invokeStatic(java.lang.Object, java.lang.Object, java.lang.Object, int, java.lang.Object)'> (0x00000007834e0008) 
thrown [src/hotspot/share/interpreter/linkResolver.cpp, line 759]
Event: 6.911 Thread 0x00007fe57893da00 Exception <a 'java/lang/NoSuchMethodError'{0x0000000786206f70}: 'java.lang.Object java.lang.invoke.DirectMethodHandle$Holder.invokeSpecial(java.lang.Object, java.lang.Object, long, java.lang.Object, java.lang.Object)'> (0x0000000786206f70) 
thrown [src/hotspot/share/interpreter/linkResolver.cpp, line 759]
Event: 7.012 Thread 0x00007fe57893da00 Exception <a 'java/lang/NoSuchMethodError'{0x0000000785e46f20}: 'java.lang.Object java.lang.invoke.DirectMethodHandle$Holder.newInvokeSpecial(java.lang.Object, java.lang.Object, java.lang.Object, java.lang.Object, int, java.lang.Object)'> (0x0000000785e46f20) 
thrown [src/hotspot/share/interpreter/linkResolver.cpp, line 759]
Event: 7.012 Thread 0x00007fe57893da00 Exception <a 'java/lang/NoSuchMethodError'{0x0000000785e4c7c8}: 'java.lang.Object java.lang.invoke.Invokers$Holder.linkToTargetMethod(java.lang.Object, java.lang.Object, java.lang.Object, int, java.lang.Object, java.lang.Object)'> (0x0000000785e4c7c8) 
thrown [src/hotspot/share/interpreter/linkResolver.cpp, line 759]
Event: 7.099 Thread 0x00007fe57893da00 Exception <a 'java/lang/NoSuchMethodError'{0x0000000785a03ac8}: 'java.lang.Object java.lang.invoke.DirectMethodHandle$Holder.invokeSpecialIFC(java.lang.Object, java.lang.Object, java.lang.Object)'> (0x0000000785a03ac8) 
thrown [src/hotspot/share/interpreter/linkResolver.cpp, line 759]
Event: 7.533 Thread 0x00007fe57893da00 Implicit null exception at 0x00000001275ba7d4 to 0x00000001275bad84
Event: 7.625 Thread 0x00007fe57893da00 Implicit null exception at 0x00000001275a2c54 to 0x00000001275a31e8
Event: 7.747 Thread 0x00007fe57893da00 Exception <a 'java/lang/ClassNotFoundException'{0x00000007864afbe0}: sun/misc/SharedSecrets> (0x00000007864afbe0) 
thrown [src/hotspot/share/classfile/systemDictionary.cpp, line 259]
Event: 7.832 Thread 0x00007fe57893da00 Exception <a 'java/lang/NoSuchMethodError'{0x00000007861ed970}: 'java.lang.Object java.lang.invoke.DirectMethodHandle$Holder.newInvokeSpecial(java.lang.Object, java.lang.Object, int)'> (0x00000007861ed970) 
thrown [src/hotspot/share/interpreter/linkResolver.cpp, line 759]
Event: 8.060 Thread 0x00007fe57893da00 Exception <a 'java/lang/NoSuchMethodError'{0x0000000785875d98}: 'void java.lang.invoke.DirectMethodHandle$Holder.invokeStatic(java.lang.Object, java.lang.Object, java.lang.Object, java.lang.Object, java.lang.Object, java.lang.Object, java.lang.Object)'> (0x0000000785875d98) 
thrown [src/hotspot/share/interpreter/linkResolver.cpp, line 759]

VM Operations (20 events):
Event: 5.911 Executing VM operation: G1PauseRemark
Event: 5.916 Executing VM operation: G1PauseRemark done
Event: 5.940 Executing VM operation: G1PauseCleanup
Event: 5.944 Executing VM operation: G1PauseCleanup done
Event: 6.096 Executing VM operation: HandshakeAllThreads
Event: 6.096 Executing VM operation: HandshakeAllThreads done
Event: 6.156 Executing VM operation: HandshakeAllThreads
Event: 6.156 Executing VM operation: HandshakeAllThreads done
Event: 6.161 Executing VM operation: HandshakeAllThreads
Event: 6.162 Executing VM operation: HandshakeAllThreads done
Event: 6.169 Executing VM operation: HandshakeAllThreads
Event: 6.169 Executing VM operation: HandshakeAllThreads done
Event: 6.825 Executing VM operation: G1CollectForAllocation
Event: 6.830 Executing VM operation: G1CollectForAllocation done
Event: 6.980 Executing VM operation: HandshakeAllThreads
Event: 6.980 Executing VM operation: HandshakeAllThreads done
Event: 7.008 Executing VM operation: HandshakeAllThreads
Event: 7.008 Executing VM operation: HandshakeAllThreads done
Event: 7.669 Executing VM operation: G1CollectForAllocation
Event: 7.678 Executing VM operation: G1CollectForAllocation done

Events (20 events):
Event: 7.158 loading class java/util/stream/SortedOps$AbstractRefSortingSink done
Event: 7.158 loading class java/util/stream/SortedOps$SizedRefSortingSink done
Event: 7.234 loading class java/util/zip/GZIPInputStream
Event: 7.234 loading class java/util/zip/GZIPInputStream done
Event: 7.234 loading class java/util/zip/GZIPOutputStream
Event: 7.234 loading class java/util/zip/GZIPOutputStream done
Event: 7.248 Thread 0x00007fe57c9a9600 Thread added: 0x00007fe57c9a9600
Event: 7.248 Protecting memory [0x0000700010a4e000,0x0000700010a52000] with protection modes 0
Event: 7.688 loading class java/util/ArrayList$SubList$1
Event: 7.688 loading class java/util/ArrayList$SubList$1 done
Event: 7.747 loading class sun/misc/SharedSecrets
Event: 7.747 loading class sun/misc/SharedSecrets done
Event: 7.852 loading class java/nio/channels/Channels$ReadableByteChannelImpl
Event: 7.852 loading class java/nio/channels/Channels$ReadableByteChannelImpl done
Event: 7.869 loading class java/util/EmptyStackException
Event: 7.869 loading class java/util/EmptyStackException done
Event: 7.877 loading class java/io/InvalidClassException
Event: 7.877 loading class java/io/InvalidClassException done
Event: 8.074 loading class java/util/Comparators$NaturalOrderComparator
Event: 8.074 loading class java/util/Comparators$NaturalOrderComparator done


Dynamic libraries:
0x00007fff68464000 	/usr/lib/libz.1.dylib
0x000000010f5af000 	/Library/Java/JavaVirtualMachines/zulu-17.jdk/Contents/Home/lib/libjli.dylib
0x00007fff2ef2b000 	/System/Library/Frameworks/Cocoa.framework/Versions/A/Cocoa
0x00007fff3c540000 	/System/Library/Frameworks/Security.framework/Versions/A/Security
0x00007fff2de91000 	/System/Library/Frameworks/ApplicationServices.framework/Versions/A/ApplicationServices
0x00007fff65e98000 	/usr/lib/libSystem.B.dylib
0x00007fff68d25000 	/usr/lib/system/libcache.dylib
0x00007fff68d2b000 	/usr/lib/system/libcommonCrypto.dylib
0x00007fff68d37000 	/usr/lib/system/libcompiler_rt.dylib
0x00007fff68d3f000 	/usr/lib/system/libcopyfile.dylib
0x00007fff68d49000 	/usr/lib/system/libcorecrypto.dylib
0x00007fff68ee8000 	/usr/lib/system/libdispatch.dylib
0x00007fff68f29000 	/usr/lib/system/libdyld.dylib
0x00007fff68f60000 	/usr/lib/system/libkeymgr.dylib
0x00007fff68f6e000 	/usr/lib/system/liblaunch.dylib
0x00007fff68f6f000 	/usr/lib/system/libmacho.dylib
0x00007fff68f75000 	/usr/lib/system/libquarantine.dylib
0x00007fff68f78000 	/usr/lib/system/libremovefile.dylib
0x00007fff68f7a000 	/usr/lib/system/libsystem_asl.dylib
0x00007fff68f92000 	/usr/lib/system/libsystem_blocks.dylib
0x00007fff68f93000 	/usr/lib/system/libsystem_c.dylib
0x00007fff6901b000 	/usr/lib/system/libsystem_configuration.dylib
0x00007fff6901f000 	/usr/lib/system/libsystem_coreservices.dylib
0x00007fff69023000 	/usr/lib/system/libsystem_darwin.dylib
0x00007fff6902c000 	/usr/lib/system/libsystem_dnssd.dylib
0x00007fff69034000 	/usr/lib/system/libsystem_featureflags.dylib
0x00007fff69036000 	/usr/lib/system/libsystem_info.dylib
0x00007fff690b1000 	/usr/lib/system/libsystem_m.dylib
0x00007fff690fd000 	/usr/lib/system/libsystem_malloc.dylib
0x00007fff69125000 	/usr/lib/system/libsystem_networkextension.dylib
0x00007fff69133000 	/usr/lib/system/libsystem_notify.dylib
0x00007fff69151000 	/usr/lib/system/libsystem_sandbox.dylib
0x00007fff69156000 	/usr/lib/system/libsystem_secinit.dylib
0x00007fff69084000 	/usr/lib/system/libsystem_kernel.dylib
0x00007fff6913d000 	/usr/lib/system/libsystem_platform.dylib
0x00007fff69146000 	/usr/lib/system/libsystem_pthread.dylib
0x00007fff69159000 	/usr/lib/system/libsystem_symptoms.dylib
0x00007fff69161000 	/usr/lib/system/libsystem_trace.dylib
0x00007fff69179000 	/usr/lib/system/libunwind.dylib
0x00007fff6917f000 	/usr/lib/system/libxpc.dylib
0x00007fff67d91000 	/usr/lib/libobjc.A.dylib
0x00007fff66267000 	/usr/lib/libc++abi.dylib
0x00007fff66214000 	/usr/lib/libc++.1.dylib
0x00007fff2fd8c000 	/System/Library/Frameworks/CoreFoundation.framework/Versions/A/CoreFoundation
0x00007fff32471000 	/System/Library/Frameworks/Foundation.framework/Versions/C/Foundation
0x00007fff2d083000 	/System/Library/Frameworks/AppKit.framework/Versions/C/AppKit
0x00007fff2f85d000 	/System/Library/Frameworks/CoreData.framework/Versions/A/CoreData
0x00007fff60243000 	/System/Library/PrivateFrameworks/UIFoundation.framework/Versions/A/UIFoundation
0x00007fff5ba59000 	/System/Library/PrivateFrameworks/RemoteViewServices.framework/Versions/A/RemoteViewServices
0x00007fff62a08000 	/System/Library/PrivateFrameworks/XCTTargetBootstrap.framework/Versions/A/XCTTargetBootstrap
0x00007fff2fc59000 	/System/Library/Frameworks/CoreDisplay.framework/Versions/A/CoreDisplay
0x00007fff35330000 	/System/Library/Frameworks/Metal.framework/Versions/A/Metal
0x00007fff49bf1000 	/System/Library/PrivateFrameworks/DesktopServicesPriv.framework/Versions/A/DesktopServicesPriv
0x00007fff6706c000 	/usr/lib/liblangid.dylib
0x00007fff48e86000 	/System/Library/PrivateFrameworks/CoreSVG.framework/Versions/A/CoreSVG
0x00007fff5e433000 	/System/Library/PrivateFrameworks/SkyLight.framework/Versions/A/SkyLight
0x00007fff3020e000 	/System/Library/Frameworks/CoreGraphics.framework/Versions/A/CoreGraphics
0x00007fff2b9f2000 	/System/Library/Frameworks/Accelerate.framework/Versions/A/Accelerate
0x00007fff68355000 	/usr/lib/libxml2.2.dylib
0x00007fff54b7d000 	/System/Library/PrivateFrameworks/IconServices.framework/Versions/A/IconServices
0x00007fff32c50000 	/System/Library/Frameworks/IOSurface.framework/Versions/A/IOSurface
0x00007fff659c2000 	/usr/lib/libDiagnosticMessagesClient.dylib
0x00007fff49a4b000 	/System/Library/PrivateFrameworks/DFRFoundation.framework/Versions/A/DFRFoundation
0x00007fff66dfb000 	/usr/lib/libicucore.A.dylib
0x00007fff2e1c3000 	/System/Library/Frameworks/AudioToolbox.framework/Versions/A/AudioToolbox
0x00007fff2e2a6000 	/System/Library/Frameworks/AudioUnit.framework/Versions/A/AudioUnit
0x00007fff66130000 	/usr/lib/libauto.dylib
0x00007fff49aed000 	/System/Library/PrivateFrameworks/DataDetectorsCore.framework/Versions/A/DataDetectorsCore
0x00007fff2ea4c000 	/System/Library/Frameworks/Carbon.framework/Versions/A/Frameworks/HIToolbox.framework/Versions/A/HIToolbox
0x00007fff3b739000 	/System/Library/Frameworks/QuartzCore.framework/Versions/A/QuartzCore
0x00007fff2ed8b000 	/System/Library/Frameworks/Carbon.framework/Versions/A/Frameworks/SpeechRecognition.framework/Versions/A/SpeechRecognition
0x00007fff4955f000 	/System/Library/PrivateFrameworks/CoreUI.framework/Versions/A/CoreUI
0x00007fff2f31a000 	/System/Library/Frameworks/CoreAudio.framework/Versions/A/CoreAudio
0x00007fff3212f000 	/System/Library/Frameworks/DiskArbitration.framework/Versions/A/DiskArbitration
0x00007fff56a32000 	/System/Library/PrivateFrameworks/MultitouchSupport.framework/Versions/A/MultitouchSupport
0x00007fff66cc0000 	/usr/lib/libenergytrace.dylib
0x00007fff32baa000 	/System/Library/Frameworks/IOKit.framework/Versions/A/IOKit
0x00007fff31199000 	/System/Library/Frameworks/CoreServices.framework/Versions/A/CoreServices
0x00007fff58bec000 	/System/Library/PrivateFrameworks/PerformanceAnalysis.framework/Versions/A/PerformanceAnalysis
0x00007fff3a76c000 	/System/Library/Frameworks/OpenGL.framework/Versions/A/OpenGL
0x00007fff2ef39000 	/System/Library/Frameworks/ColorSync.framework/Versions/A/ColorSync
0x00007fff308b4000 	/System/Library/Frameworks/CoreImage.framework/Versions/A/CoreImage
0x00007fff31c0d000 	/System/Library/Frameworks/CoreText.framework/Versions/A/CoreText
0x00007fff32ce0000 	/System/Library/Frameworks/ImageIO.framework/Versions/A/ImageIO
0x00007fff66290000 	/usr/lib/libcompression.dylib
0x00007fff65d06000 	/usr/lib/libMobileGestalt.dylib
0x00007fff5ffad000 	/System/Library/PrivateFrameworks/TextureIO.framework/Versions/A/TextureIO
0x00007fff65ffd000 	/usr/lib/libate.dylib
0x00007fff54d86000 	/System/Library/PrivateFrameworks/InternationalSupport.framework/Versions/A/InternationalSupport
0x00007fff6706e000 	/usr/lib/liblzma.5.dylib
0x00007fff66ce9000 	/usr/lib/libfakelink.dylib
0x00007fff65f8a000 	/usr/lib/libarchive.2.dylib
0x00007fff3d5f3000 	/System/Library/Frameworks/SystemConfiguration.framework/Versions/A/SystemConfiguration
0x00007fff658f5000 	/usr/lib/libCRFSuite.dylib
0x00007fff2e63d000 	/System/Library/Frameworks/CFNetwork.framework/Versions/A/CFNetwork
0x00007fff661f6000 	/usr/lib/libbsm.0.dylib
0x00007fff68f61000 	/usr/lib/system/libkxld.dylib
0x00007fff433ad000 	/System/Library/PrivateFrameworks/AppleFSCompression.framework/Versions/A/AppleFSCompression
0x00007fff66582000 	/usr/lib/libcoretls.dylib
0x00007fff66599000 	/usr/lib/libcoretls_cfhelpers.dylib
0x00007fff67dd6000 	/usr/lib/libpam.2.dylib
0x00007fff67f0b000 	/usr/lib/libsqlite3.dylib
0x00007fff68342000 	/usr/lib/libxar.1.dylib
0x00007fff66207000 	/usr/lib/libbz2.1.0.dylib
0x00007fff66d0a000 	/usr/lib/libiconv.2.dylib
0x00007fff6627d000 	/usr/lib/libcharset.1.dylib
0x00007fff67874000 	/usr/lib/libnetwork.dylib
0x00007fff67ddd000 	/usr/lib/libpcap.A.dylib
0x00007fff65f3f000 	/usr/lib/libapple_nghttp2.dylib
0x00007fff31550000 	/System/Library/Frameworks/CoreServices.framework/Versions/A/Frameworks/FSEvents.framework/Versions/A/FSEvents
0x00007fff31220000 	/System/Library/Frameworks/CoreServices.framework/Versions/A/Frameworks/CarbonCore.framework/Versions/A/CarbonCore
0x00007fff31795000 	/System/Library/Frameworks/CoreServices.framework/Versions/A/Frameworks/Metadata.framework/Versions/A/Metadata
0x00007fff3182e000 	/System/Library/Frameworks/CoreServices.framework/Versions/A/Frameworks/OSServices.framework/Versions/A/OSServices
0x00007fff3185c000 	/System/Library/Frameworks/CoreServices.framework/Versions/A/Frameworks/SearchKit.framework/Versions/A/SearchKit
0x00007fff3119a000 	/System/Library/Frameworks/CoreServices.framework/Versions/A/Frameworks/AE.framework/Versions/A/AE
0x00007fff31559000 	/System/Library/Frameworks/CoreServices.framework/Versions/A/Frameworks/LaunchServices.framework/Versions/A/LaunchServices
0x00007fff31502000 	/System/Library/Frameworks/CoreServices.framework/Versions/A/Frameworks/DictionaryServices.framework/Versions/A/DictionaryServices
0x00007fff318c4000 	/System/Library/Frameworks/CoreServices.framework/Versions/A/Frameworks/SharedFileList.framework/Versions/A/SharedFileList
0x00007fff3658b000 	/System/Library/Frameworks/NetFS.framework/Versions/A/NetFS
0x00007fff56f62000 	/System/Library/PrivateFrameworks/NetAuth.framework/Versions/A/NetAuth
0x00007fff62dd5000 	/System/Library/PrivateFrameworks/login.framework/Versions/A/Frameworks/loginsupport.framework/Versions/A/loginsupport
0x00007fff5fa78000 	/System/Library/PrivateFrameworks/TCC.framework/Versions/A/TCC
0x00007fff47fe3000 	/System/Library/PrivateFrameworks/CoreNLP.framework/Versions/A/CoreNLP
0x00007fff565ed000 	/System/Library/PrivateFrameworks/MetadataUtilities.framework/Versions/A/MetadataUtilities
0x00007fff67146000 	/usr/lib/libmecabra.dylib
0x00007fff6709e000 	/usr/lib/libmecab.dylib
0x00007fff66cfa000 	/usr/lib/libgermantok.dylib
0x00007fff65f26000 	/usr/lib/libThaiTokenizer.dylib
0x00007fff6592c000 	/usr/lib/libChineseTokenizer.dylib
0x00007fff2ba0b000 	/System/Library/Frameworks/Accelerate.framework/Versions/A/Frameworks/vImage.framework/Versions/A/vImage
0x00007fff2ced9000 	/System/Library/Frameworks/Accelerate.framework/Versions/A/Frameworks/vecLib.framework/Versions/A/vecLib
0x00007fff2cd5a000 	/System/Library/Frameworks/Accelerate.framework/Versions/A/Frameworks/vecLib.framework/Versions/A/libvMisc.dylib
0x00007fff2cbc7000 	/System/Library/Frameworks/Accelerate.framework/Versions/A/Frameworks/vecLib.framework/Versions/A/libvDSP.dylib
0x00007fff2c2a7000 	/System/Library/Frameworks/Accelerate.framework/Versions/A/Frameworks/vecLib.framework/Versions/A/libBLAS.dylib
0x00007fff2c77f000 	/System/Library/Frameworks/Accelerate.framework/Versions/A/Frameworks/vecLib.framework/Versions/A/libLAPACK.dylib
0x00007fff2cb27000 	/System/Library/Frameworks/Accelerate.framework/Versions/A/Frameworks/vecLib.framework/Versions/A/libLinearAlgebra.dylib
0x00007fff2cbb4000 	/System/Library/Frameworks/Accelerate.framework/Versions/A/Frameworks/vecLib.framework/Versions/A/libSparseBLAS.dylib
0x00007fff2cb3d000 	/System/Library/Frameworks/Accelerate.framework/Versions/A/Frameworks/vecLib.framework/Versions/A/libQuadrature.dylib
0x00007fff2c43d000 	/System/Library/Frameworks/Accelerate.framework/Versions/A/Frameworks/vecLib.framework/Versions/A/libBNNS.dylib
0x00007fff2cb43000 	/System/Library/Frameworks/Accelerate.framework/Versions/A/Frameworks/vecLib.framework/Versions/A/libSparse.dylib
0x00007fff55161000 	/System/Library/PrivateFrameworks/LanguageModeling.framework/Versions/A/LanguageModeling
0x00007fff47992000 	/System/Library/PrivateFrameworks/CoreEmoji.framework/Versions/A/CoreEmoji
0x00007fff5527f000 	/System/Library/PrivateFrameworks/LinguisticData.framework/Versions/A/LinguisticData
0x00007fff55230000 	/System/Library/PrivateFrameworks/Lexicon.framework/Versions/A/Lexicon
0x00007fff6627e000 	/usr/lib/libcmph.dylib
0x00007fff3917a000 	/System/Library/Frameworks/OpenDirectory.framework/Versions/A/Frameworks/CFOpenDirectory.framework/Versions/A/CFOpenDirectory
0x00007fff39197000 	/System/Library/Frameworks/OpenDirectory.framework/Versions/A/OpenDirectory
0x00007fff415dd000 	/System/Library/PrivateFrameworks/APFS.framework/Versions/A/APFS
0x00007fff3c88c000 	/System/Library/Frameworks/SecurityFoundation.framework/Versions/A/SecurityFoundation
0x00007fff6833e000 	/usr/lib/libutil.dylib
0x00007fff48ede000 	/System/Library/PrivateFrameworks/CoreServicesStore.framework/Versions/A/CoreServicesStore
0x00007fff3c943000 	/System/Library/Frameworks/ServiceManagement.framework/Versions/A/ServiceManagement
0x00007fff44b7f000 	/System/Library/PrivateFrameworks/BackgroundTaskManagement.framework/Versions/A/BackgroundTaskManagement
0x00007fff6843b000 	/usr/lib/libxslt.1.dylib
0x00007fff43a21000 	/System/Library/PrivateFrameworks/AppleSystemInfo.framework/Versions/A/AppleSystemInfo
0x00007fff32eff000 	/System/Library/Frameworks/ImageIO.framework/Versions/A/Resources/libJPEG.dylib
0x00007fff331be000 	/System/Library/Frameworks/ImageIO.framework/Versions/A/Resources/libTIFF.dylib
0x00007fff331a1000 	/System/Library/Frameworks/ImageIO.framework/Versions/A/Resources/libPng.dylib
0x00007fff32e41000 	/System/Library/Frameworks/ImageIO.framework/Versions/A/Resources/libGIF.dylib
0x00007fff32e45000 	/System/Library/Frameworks/ImageIO.framework/Versions/A/Resources/libJP2.dylib
0x00007fff331bc000 	/System/Library/Frameworks/ImageIO.framework/Versions/A/Resources/libRadiance.dylib
0x00007fff66cc1000 	/usr/lib/libexpat.1.dylib
0x00007fff43508000 	/System/Library/PrivateFrameworks/AppleJPEG.framework/Versions/A/AppleJPEG
0x00007fff4c1dd000 	/System/Library/PrivateFrameworks/FontServices.framework/libFontParser.dylib
0x00007fff61f27000 	/System/Library/PrivateFrameworks/WatchdogClient.framework/Versions/A/WatchdogClient
0x00007fff547c9000 	/System/Library/PrivateFrameworks/IOAccelerator.framework/Versions/A/IOAccelerator
0x00007fff356cb000 	/System/Library/Frameworks/MetalPerformanceShaders.framework/Versions/A/MetalPerformanceShaders
0x00007fff50f59000 	/System/Library/PrivateFrameworks/GPUWrangler.framework/Versions/A/GPUWrangler
0x00007fff547de000 	/System/Library/PrivateFrameworks/IOPresentment.framework/Versions/A/IOPresentment
0x00007fff49a5e000 	/System/Library/PrivateFrameworks/DSExternalDisplay.framework/Versions/A/DSExternalDisplay
0x00007fff39b0b000 	/System/Library/Frameworks/OpenGL.framework/Versions/A/Libraries/libCoreFSCache.dylib
0x00007fff35417000 	/System/Library/Frameworks/MetalPerformanceShaders.framework/Frameworks/MPSCore.framework/Versions/A/MPSCore
0x00007fff35455000 	/System/Library/Frameworks/MetalPerformanceShaders.framework/Frameworks/MPSImage.framework/Versions/A/MPSImage
0x00007fff3551c000 	/System/Library/Frameworks/MetalPerformanceShaders.framework/Frameworks/MPSNeuralNetwork.framework/Versions/A/MPSNeuralNetwork
0x00007fff354e0000 	/System/Library/Frameworks/MetalPerformanceShaders.framework/Frameworks/MPSMatrix.framework/Versions/A/MPSMatrix
0x00007fff3567b000 	/System/Library/Frameworks/MetalPerformanceShaders.framework/Frameworks/MPSRayIntersector.framework/Versions/A/MPSRayIntersector
0x00007fff35506000 	/System/Library/Frameworks/MetalPerformanceShaders.framework/Frameworks/MPSNDArray.framework/Versions/A/MPSNDArray
0x00007fff5663a000 	/System/Library/PrivateFrameworks/MetalTools.framework/Versions/A/MetalTools
0x00007fff427b7000 	/System/Library/PrivateFrameworks/AggregateDictionary.framework/Versions/A/AggregateDictionary
0x00007fff473d9000 	/System/Library/PrivateFrameworks/CoreAnalytics.framework/Versions/A/CoreAnalytics
0x00007fff4393f000 	/System/Library/PrivateFrameworks/AppleSauce.framework/Versions/A/AppleSauce
0x00007fff65be8000 	/usr/lib/libIOReport.dylib
0x00007fff31dc6000 	/System/Library/Frameworks/CoreVideo.framework/Versions/A/CoreVideo
0x00007fff523d2000 	/System/Library/PrivateFrameworks/GraphVisualizer.framework/Versions/A/GraphVisualizer
0x00007fff4b723000 	/System/Library/PrivateFrameworks/FaceCore.framework/Versions/A/FaceCore
0x00007fff39121000 	/System/Library/Frameworks/OpenCL.framework/Versions/A/OpenCL
0x00007fff65a0a000 	/usr/lib/libFosl_dynamic.dylib
0x00007fff57984000 	/System/Library/PrivateFrameworks/OTSVG.framework/Versions/A/OTSVG
0x00007fff2df96000 	/System/Library/Frameworks/ApplicationServices.framework/Versions/A/Frameworks/ATS.framework/Versions/A/Resources/libFontRegistry.dylib
0x00007fff4c3ad000 	/System/Library/PrivateFrameworks/FontServices.framework/libhvf.dylib
0x00007fff39b16000 	/System/Library/Frameworks/OpenGL.framework/Versions/A/Libraries/libGFXShared.dylib
0x00007fff39cf4000 	/System/Library/Frameworks/OpenGL.framework/Versions/A/Libraries/libGLU.dylib
0x00007fff39b1f000 	/System/Library/Frameworks/OpenGL.framework/Versions/A/Libraries/libGL.dylib
0x00007fff39b2a000 	/System/Library/Frameworks/OpenGL.framework/Versions/A/Libraries/libGLImage.dylib
0x00007fff39b08000 	/System/Library/Frameworks/OpenGL.framework/Versions/A/Libraries/libCVMSPluginSupport.dylib
0x00007fff39b11000 	/System/Library/Frameworks/OpenGL.framework/Versions/A/Libraries/libCoreVMClient.dylib
0x00007fff67715000 	/usr/lib/libncurses.5.4.dylib
0x00007fff2de92000 	/System/Library/Frameworks/ApplicationServices.framework/Versions/A/Frameworks/ATS.framework/Versions/A/ATS
0x00007fff2e05f000 	/System/Library/Frameworks/ApplicationServices.framework/Versions/A/Frameworks/ColorSyncLegacy.framework/Versions/A/ColorSyncLegacy
0x00007fff2e0fd000 	/System/Library/Frameworks/ApplicationServices.framework/Versions/A/Frameworks/HIServices.framework/Versions/A/HIServices
0x00007fff2e155000 	/System/Library/Frameworks/ApplicationServices.framework/Versions/A/Frameworks/LangAnalysis.framework/Versions/A/LangAnalysis
0x00007fff2e164000 	/System/Library/Frameworks/ApplicationServices.framework/Versions/A/Frameworks/PrintCore.framework/Versions/A/PrintCore
0x00007fff2e1aa000 	/System/Library/Frameworks/ApplicationServices.framework/Versions/A/Frameworks/QD.framework/Versions/A/QD
0x00007fff2e1b5000 	/System/Library/Frameworks/ApplicationServices.framework/Versions/A/Frameworks/SpeechSynthesis.framework/Versions/A/SpeechSynthesis
0x00007fff2e02f000 	/System/Library/Frameworks/ApplicationServices.framework/Versions/A/Frameworks/ATSUI.framework/Versions/A/ATSUI
0x00007fff66b57000 	/usr/lib/libcups.2.dylib
0x00007fff34766000 	/System/Library/Frameworks/Kerberos.framework/Versions/A/Kerberos
0x00007fff328a3000 	/System/Library/Frameworks/GSS.framework/Versions/A/GSS
0x00007fff67e97000 	/usr/lib/libresolv.9.dylib
0x00007fff5257f000 	/System/Library/PrivateFrameworks/Heimdal.framework/Versions/A/Heimdal
0x00007fff34779000 	/System/Library/Frameworks/Kerberos.framework/Versions/A/Libraries/libHeimdalProxy.dylib
0x00007fff66d00000 	/usr/lib/libheimdal-asn1.dylib
0x00007fff46871000 	/System/Library/PrivateFrameworks/CommonAuth.framework/Versions/A/CommonAuth
0x00007fff43abe000 	/System/Library/PrivateFrameworks/AssertionServices.framework/Versions/A/AssertionServices
0x00007fff44661000 	/System/Library/PrivateFrameworks/AudioToolboxCore.framework/Versions/A/AudioToolboxCore
0x00007fff62a85000 	/System/Library/PrivateFrameworks/caulk.framework/Versions/A/caulk
0x00007fff44c2b000 	/System/Library/PrivateFrameworks/BaseBoard.framework/Versions/A/BaseBoard
0x00007fff5bbe7000 	/System/Library/PrivateFrameworks/RunningBoardServices.framework/Versions/A/RunningBoardServices
0x00007fff58bf8000 	/System/Library/PrivateFrameworks/PersistentConnection.framework/Versions/A/PersistentConnection
0x00007fff5b5e0000 	/System/Library/PrivateFrameworks/ProtocolBuffer.framework/Versions/A/ProtocolBuffer
0x00007fff46895000 	/System/Library/PrivateFrameworks/CommonUtilities.framework/Versions/A/CommonUtilities
0x00007fff44db9000 	/System/Library/PrivateFrameworks/Bom.framework/Versions/A/Bom
0x00007fff658bb000 	/usr/lib/libAudioToolboxUtility.dylib
0x00007fff44b89000 	/System/Library/PrivateFrameworks/Backup.framework/Versions/A/Backup
0x00007fff4997f000 	/System/Library/PrivateFrameworks/CrashReporterSupport.framework/Versions/A/CrashReporterSupport
0x00007fff5cef7000 	/System/Library/PrivateFrameworks/Sharing.framework/Versions/A/Sharing
0x00007fff430cb000 	/System/Library/PrivateFrameworks/Apple80211.framework/Versions/A/Apple80211
0x00007fff448a6000 	/System/Library/PrivateFrameworks/AuthKit.framework/Versions/A/AuthKit
0x00007fff4968c000 	/System/Library/PrivateFrameworks/CoreUtils.framework/Versions/A/CoreUtils
0x00007fff31e0b000 	/System/Library/Frameworks/CoreWLAN.framework/Versions/A/CoreWLAN
0x00007fff32a30000 	/System/Library/Frameworks/IOBluetooth.framework/Versions/A/IOBluetooth
0x00007fff567b1000 	/System/Library/PrivateFrameworks/MobileKeyBag.framework/Versions/A/MobileKeyBag
0x00007fff4847b000 	/System/Library/PrivateFrameworks/CorePhoneNumbers.framework/Versions/A/CorePhoneNumbers
0x00007fff434bb000 	/System/Library/PrivateFrameworks/AppleIDAuthSupport.framework/Versions/A/AppleIDAuthSupport
0x00007fff36598000 	/System/Library/Frameworks/Network.framework/Versions/A/Network
0x00007fff5500d000 	/System/Library/PrivateFrameworks/KeychainCircle.framework/Versions/A/KeychainCircle
0x00007fff2f824000 	/System/Library/Frameworks/CoreBluetooth.framework/Versions/A/CoreBluetooth
0x00007fff5ef76000 	/System/Library/PrivateFrameworks/SpeechRecognitionCore.framework/Versions/A/SpeechRecognitionCore
0x000000010fe00000 	/Library/Java/JavaVirtualMachines/zulu-17.jdk/Contents/Home/lib/server/libjvm.dylib
0x000000010f5d7000 	/Library/Java/JavaVirtualMachines/zulu-17.jdk/Contents/Home/lib/libjimage.dylib
0x000000010f5e9000 	/Library/Java/JavaVirtualMachines/zulu-17.jdk/Contents/Home/lib/libinstrument.dylib
0x0000000110f78000 	/Library/Java/JavaVirtualMachines/zulu-17.jdk/Contents/Home/lib/libjava.dylib
0x0000000117e26000 	/Library/Java/JavaVirtualMachines/zulu-17.jdk/Contents/Home/lib/libzip.dylib
0x0000000117e3a000 	/Library/Java/JavaVirtualMachines/zulu-17.jdk/Contents/Home/lib/libnio.dylib
0x0000000117e56000 	/Library/Java/JavaVirtualMachines/zulu-17.jdk/Contents/Home/lib/libnet.dylib
0x0000000117e76000 	/Library/Java/JavaVirtualMachines/zulu-17.jdk/Contents/Home/lib/libverify.dylib
0x0000000117e8e000 	/Users/Shoaib/.gradle/native/c067742578af261105cb4f569cf0c3c89f3d7b1fecec35dd04571415982c5e48/osx-amd64/libnative-platform.dylib
0x000000012eac3000 	/Users/Shoaib/.gradle/native/100fb08df4bc3b14c8652ba06237920a3bd2aa13389f12d3474272988ae205f9/osx-amd64/libnative-platform-file-events.dylib
0x0000000117e9a000 	/Library/Java/JavaVirtualMachines/zulu-17.jdk/Contents/Home/lib/libmanagement.dylib
0x0000000117eaa000 	/Library/Java/JavaVirtualMachines/zulu-17.jdk/Contents/Home/lib/libmanagement_ext.dylib
0x000000012eb2f000 	/Library/Java/JavaVirtualMachines/zulu-17.jdk/Contents/Home/lib/libextnet.dylib


VM Arguments:
jvm_args: -XX:MaxMetaspaceSize=512m --add-opens=java.base/java.util=ALL-UNNAMED --add-opens=java.base/java.lang=ALL-UNNAMED --add-opens=java.base/java.lang.invoke=ALL-UNNAMED --add-opens=java.prefs/java.util.prefs=ALL-UNNAMED --add-opens=java.base/java.nio.charset=ALL-UNNAMED --add-opens=java.base/java.net=ALL-UNNAMED --add-opens=java.base/java.util.concurrent.atomic=ALL-UNNAMED -Xmx2048m -Dfile.encoding=UTF-8 -Duser.country=US -Duser.language=en -Duser.variant -javaagent:/Users/Shoaib/.gradle/wrapper/dists/gradle-8.8-all/6gdy1pgp427xkqcjbxw3ylt6h/gradle-8.8/lib/agents/gradle-instrumentation-agent-8.8.jar 
java_command: org.gradle.launcher.daemon.bootstrap.GradleDaemon 8.8
java_class_path (initial): /Users/Shoaib/.gradle/wrapper/dists/gradle-8.8-all/6gdy1pgp427xkqcjbxw3ylt6h/gradle-8.8/lib/gradle-launcher-8.8.jar
Launcher Type: SUN_STANDARD

[Global flags]
     intx CICompilerCount                          = 3                                         {product} {ergonomic}
   size_t CompressedClassSpaceSize                 = 436207616                                 {product} {ergonomic}
     uint ConcGCThreads                            = 1                                         {product} {ergonomic}
     uint G1ConcRefinementThreads                  = 4                                         {product} {ergonomic}
   size_t G1HeapRegionSize                         = 1048576                                   {product} {ergonomic}
    uintx GCDrainStackTargetSize                   = 64                                        {product} {ergonomic}
   size_t InitialHeapSize                          = 134217728                                 {product} {ergonomic}
   size_t MarkStackSize                            = 4194304                                   {product} {ergonomic}
   size_t MaxHeapSize                              = 2147483648                                {product} {command line}
   size_t MaxMetaspaceSize                         = 536870912                                 {product} {command line}
   size_t MaxNewSize                               = 1287651328                                {product} {ergonomic}
   size_t MinHeapDeltaBytes                        = 1048576                                   {product} {ergonomic}
   size_t MinHeapSize                              = 8388608                                   {product} {ergonomic}
    uintx NonNMethodCodeHeapSize                   = 5832780                                {pd product} {ergonomic}
    uintx NonProfiledCodeHeapSize                  = 122912730                              {pd product} {ergonomic}
    uintx ProfiledCodeHeapSize                     = 122912730                              {pd product} {ergonomic}
    uintx ReservedCodeCacheSize                    = 251658240                              {pd product} {ergonomic}
     bool SegmentedCodeCache                       = true                                      {product} {ergonomic}
   size_t SoftMaxHeapSize                          = 2147483648                             {manageable} {ergonomic}
     bool UseCompressedClassPointers               = true                           {product lp64_product} {ergonomic}
     bool UseCompressedOops                        = true                           {product lp64_product} {ergonomic}
     bool UseG1GC                                  = true                                      {product} {ergonomic}
     bool UseNUMA                                  = false                                     {product} {ergonomic}
     bool UseNUMAInterleaving                      = false                                     {product} {ergonomic}

Logging:
Log output configuration:
 #0: stdout all=warning uptime,level,tags
 #1: stderr all=off uptime,level,tags

Environment Variables:
JAVA_HOME=/Library/Java/JavaVirtualMachines/zulu-17.jdk/Contents/Home
PATH=/Users/Shoaib/Documents/SBNews/node_modules/.bin:/Users/Shoaib/Documents/SBNews/node_modules/.bin:/Users/Shoaib/Documents/node_modules/.bin:/Users/Shoaib/node_modules/.bin:/Users/node_modules/.bin:/node_modules/.bin:/Users/Shoaib/.npm-global/lib/node_modules/npm/node_modules/@npmcli/run-script/lib/node-gyp-bin:/Users/Shoaib/.npm-global/bin:/usr/local/opt/mongodb-community/bin:/opt/local/bin:/opt/local/sbin:/Library/Frameworks/Python.framework/Versions/3.11/bin:/Library/Frameworks/Python.framework/Versions/3.12/bin:/usr/local/bin:/usr/bin:/bin:/usr/sbin:/sbin:/Users/Shoaib/Library/Android/sdk/emulator:/Users/Shoaib/Library/Android/sdk/platform-tools:/Users/Shoaib/Library/Android/sdk/emulator:/Users/Shoaib/Library/Android/sdk/platform-tools
SHELL=/bin/zsh
LANG=en_US.UTF-8
TERM=xterm-256color
TMPDIR=/var/folders/zz/nxzr35r14118k1djxvv4jksw0000gn/T/

Active Locale:
LC_ALL=en_US.UTF-8
LC_COLLATE=en_US.UTF-8
LC_CTYPE=en_US.UTF-8
LC_MESSAGES=en_US.UTF-8
LC_MONETARY=en_US.UTF-8
LC_NUMERIC=en_US.UTF-8
LC_TIME=en_US.UTF-8

Signal Handlers:
   SIGSEGV: crash_handler in libjvm.dylib, mask=11100110000111110111111111111111, flags=SA_RESTART|SA_SIGINFO, unblocked
    SIGBUS: crash_handler in libjvm.dylib, mask=11100110000111110111111111111111, flags=SA_RESTART|SA_SIGINFO, unblocked
    SIGFPE: crash_handler in libjvm.dylib, mask=11100110000111110111111111111111, flags=SA_RESTART|SA_SIGINFO, unblocked
   SIGPIPE: javaSignalHandler in libjvm.dylib, mask=11100110000111110111111111111111, flags=SA_RESTART|SA_SIGINFO, blocked
   SIGXFSZ: javaSignalHandler in libjvm.dylib, mask=11100110000111110111111111111111, flags=SA_RESTART|SA_SIGINFO, blocked
    SIGILL: crash_handler in libjvm.dylib, mask=11100110000111110111111111111111, flags=SA_RESTART|SA_SIGINFO, unblocked
   SIGUSR2: SR_handler in libjvm.dylib, mask=00100000000000000000000000000000, flags=SA_RESTART|SA_SIGINFO, blocked
    SIGHUP: UserHandler in libjvm.dylib, mask=11100110000111110111111111111111, flags=SA_RESTART|SA_SIGINFO, blocked
    SIGINT: UserHandler in libjvm.dylib, mask=11100110000111110111111111111111, flags=SA_RESTART|SA_SIGINFO, blocked
   SIGTERM: UserHandler in libjvm.dylib, mask=11100110000111110111111111111111, flags=SA_RESTART|SA_SIGINFO, blocked
   SIGQUIT: UserHandler in libjvm.dylib, mask=11100110000111110111111111111111, flags=SA_RESTART|SA_SIGINFO, blocked
   SIGTRAP: crash_handler in libjvm.dylib, mask=11100110000111110111111111111111, flags=SA_RESTART|SA_SIGINFO, unblocked


Periodic native trim disabled


---------------  S Y S T E M  ---------------

OS:
uname: Darwin 19.6.0 Darwin Kernel Version 19.6.0: Tue Jun 21 21:18:39 PDT 2022; root:xnu-6153.141.66~1/RELEASE_X86_64 x86_64
OS uptime: 0 days 0:49 hours
rlimit (soft/hard): STACK 8192k/65532k , CORE 0k/infinity , NPROC 1392/2088 , NOFILE 10240/infinity , AS infinity/infinity , CPU infinity/infinity , DATA infinity/infinity , FSIZE infinity/infinity , MEMLOCK infinity/infinity , RSS infinity/infinity
load average: 6.41 6.65 10.08

CPU: total 4 (initial active 4) (2 cores per cpu, 2 threads per core) family 6 model 58 stepping 9 microcode 0x21, cx8, cmov, fxsr, ht, mmx, sse, sse2, sse3, ssse3, sse4.1, sse4.2, popcnt, tsc, tscinvbit, avx, aes, erms, clmul, vzeroupper, clflush
machdep.cpu.brand_string:Intel(R) Core(TM) i7-3520M CPU @ 2.90GHz
hw.cpufrequency:2900000000
hw.cpufrequency_min:2900000000
hw.cpufrequency_max:2900000000
hw.cachelinesize:64
hw.l1icachesize:32768
hw.l1dcachesize:32768
hw.l2cachesize:262144
hw.l3cachesize:4194304

Memory: 4k page, physical 8388608k(543272k free), swap 1048576k(838400k free)

vm_info: OpenJDK 64-Bit Server VM (17.0.10+7-LTS) for bsd-amd64 JRE (17.0.10+7-LTS) (Zulu17.48+15-CA), built on Jan  5 2024 06:38:19 by "zulu_re" with clang Apple LLVM 12.0.0 (clang-1200.0.32.29)

END.
